Masturi 0.6.5 (915) OSS
Date: 2024-07-19 18:26:21.638 UTC

OS_VERSION: 4.14.190-perf-gc61d39ef577d-dirty
SDK_INT: 30
RELEASE: 11
ID: RKQ1.201004.002
DISPLAY: RKQ1.201004.002 test-keys
INCREMENTAL: V12.5.6.0.RCXMIXM
SECURITY_PATCH: 2022-05-01
IS_DEBUGGABLE: 0
IS_EMULATOR: null
IS_TREBLE_ENABLED: true
TYPE: user
TAGS: release-keys

MANUFACTURER: Xiaomi
BRAND: xiaomi
MODEL: Redmi Note 8T
PRODUCT: willow
BOARD: willow
HARDWARE: qcom
DEVICE: willow
SUPPORTED_ABIS: arm64-v8a, armeabi-v7a, armeabi

Settings: 

socksPort: 2080
portLocalDns: 6450
httpPort: 9080
transproxyPort: 9200
isAutoConnect: false
nightTheme: 0
mtu: 9000
appTrafficStatistics: false
profileTrafficStatistics: true
speedInterval: 1000
showGroupInNotification: false
alwaysShowAddress: false
meteredNetwork: false
showDirectSpeed: true
proxyApps: false
bypassLan: false
bypassLanInCore: false
domainStrategy: AsIs
trafficSniffing: true
resolveDestination: false
ipv6Mode: 0
rulesProvider: 0
mux: []
muxConcurrency: 8
enhanceDomain: false
remoteDns: https://8.8.8.8/dns-query
directDns: https+local://223.5.5.5/dns-query
directDnsUseSystem: false
dnsNetwork: []
dnsHosts: domain:googleapis.cn googleapis.com
enableDnsRouting: true
enableFakeDns: false
requireHttp: false
appendHttpProxy: true
requireTransproxy: false
transproxyMode: 0
allowAccess: false
connectionTestURL: http://cp.cloudflare.com/
acquireWakeLock: false
tcpKeepAliveInterval: 15
exePreferProvider: 0
appTLSVersion: 1.2
showBottomBar: false
nekoPlugins: moe.matsuri.plugin.ciadpi
serviceMode: proxy
profileId: 1
enableLog: true
moe.matsuri.plugin.ciadpi: {"ok":true,"reason":"","minVersion":2,"protocols":[{"protocolId":"ByeDPI","links":[],"haveStandardLink":false,"canShare":true,"canMux":false,"canMapping":false,"canTCPing":false,"canICMPing":false,"needBypassRootUid":true}],"_v_vc":3,"_v_vn":"v0.1.2"}
profileCurrent: 1
profileGroup: 1

Logcat: 

--------- beginning of system
07-19 21:24:02.539 25538 25538 W BpBinder: PerfMonitor binderTransact :  time=202ms interface=android.app.IActivityManager code=29
07-19 21:25:14.039 25577 25577 W BpBinder: PerfMonitor binderTransact :  time=209ms interface=android.app.INotificationManager code=7
07-19 21:26:09.523 25538 25572 I Timeline: Timeline: Activity_launch_request time:2706298
07-19 21:26:20.417 25538 25538 W Looper  : PerfMonitor doFrame : time=330ms vsyncFrame=0 latency=23ms procState=2 historyMsgCount=1
07-19 21:26:20.422 25538 25538 W Looper  : PerfMonitor doFrame : time=2ms vsyncFrame=0 latency=323ms procState=2 historyMsgCount=4 (msgIndex=1 wall=330ms seq=18161 running=258ms runnable=23ms late=23ms h=android.view.Choreographer$FrameHandler c=android.view.Choreographer$FrameDisplayEventReceiver)

[2024-07-19 18:21:52] [Debug] app/log: Logger started
[2024-07-19 18:21:52] [Info] app/dns: DNS: created Remote DOH client for https://8.8.8.8/dns-query
[2024-07-19 18:21:52] [Debug] app/dns: using default domain matcher
[2024-07-19 18:21:52] [Debug] app/proxyman/inbound: creating stream worker on 127.0.0.1:2080
[2024-07-19 18:21:52] [Debug] app/proxyman/inbound: creating stream worker on 127.0.0.1:6450
[2024-07-19 18:21:52] [Debug] app/stats: create new counter outbound>>>proxy>>>traffic>>>uplink
[2024-07-19 18:21:52] [Debug] app/stats: create new counter outbound>>>proxy>>>traffic>>>downlink
[2024-07-19 18:21:52] [Debug] app/stats: create new counter outbound>>>direct>>>traffic>>>uplink
[2024-07-19 18:21:52] [Debug] app/stats: create new counter outbound>>>direct>>>traffic>>>downlink
[2024-07-19 18:21:52] [Debug] app/stats: create new counter outbound>>>bypass>>>traffic>>>uplink
[2024-07-19 18:21:52] [Debug] app/stats: create new counter outbound>>>bypass>>>traffic>>>downlink
[2024-07-19 18:21:52] [Debug] app/stats: create new counter outbound>>>block>>>traffic>>>uplink
[2024-07-19 18:21:52] [Debug] app/stats: create new counter outbound>>>block>>>traffic>>>downlink
[2024-07-19 18:21:52] [Debug] app/stats: create new counter outbound>>>dns-out>>>traffic>>>uplink
[2024-07-19 18:21:52] [Debug] app/stats: create new counter outbound>>>dns-out>>>traffic>>>downlink
[2024-07-19 18:21:52] [Debug] [tag=ProxyInstance] {
  "dns": {
    "fallbackStrategy": "disabled_if_any_match",
    "hosts": {
      "domain:googleapis.cn": "googleapis.com"
    },
    "queryStrategy": "UseIPv4",
    "servers": [
      {
        "address": "https://8.8.8.8/dns-query",
        "domains": [],
        "uidList": []
      }
    ]
  },
  "inbounds": [
    {
      "listen": "127.0.0.1",
      "port": 2080,
      "protocol": "socks",
      "settings": {
        "auth": "noauth",
        "udp": true
      },
      "sniffing": {
        "destOverride": [
          "http",
          "tls",
          "quic"
        ],
        "enabled": true,
        "metadataOnly": false,
        "routeOnly": true
      },
      "tag": "socks"
    },
    {
      "listen": "127.0.0.1",
      "port": 6450,
      "protocol": "dokodemo-door",
      "settings": {
        "address": "8.8.8.8",
        "network": "tcp,udp",
        "port": 53
      },
      "tag": "dns-in"
    }
  ],
  "log": {
    "loglevel": "debug"
  },
  "outbounds": [
    {
      "domainStrategy": "AsIs",
      "protocol": "socks",
      "settings": {
        "servers": [
          {
            "address": "127.0.0.1",
            "port": 38897
          }
        ]
      },
      "tag": "proxy"
    },
    {
      "protocol": "freedom",
      "tag": "direct"
    },
    {
      "protocol": "freedom",
      "tag": "bypass"
    },
    {
      "protocol": "blackhole",
      "tag": "block"
    },
    {
      "protocol": "dns",
      "settings": {
        "userLevel": 1
      },
      "tag": "dns-out"
    }
  ],
  "policy": {
    "levels": {
      "1": {
        "connIdle": 30
      }
    },
    "system": {
      "statsOutboundDownlink": true,
      "statsOutboundUplink": true
    }
  },
  "routing": {
    "domainStrategy": "AsIs",
    "rules": [
      {
        "inboundTag": [
          "dns-in"
        ],
        "outboundTag": "dns-out",
        "type": "field"
      }
    ]
  },
  "stats": {}
}
[2024-07-19 18:21:52] [Info] [tag=GuardedProcessPool] start process: /data/app/~~Fouj8e_TjZjKpXLG5mCENw==/moe.matsuri.plugin.ciadpi-yTior3NHztsn4sAHFxyYsA==/lib/arm64/libciadpi.so --protect-path protect_path --ip 127.0.0.1 --port 38897 --disorder 3 --auto --tlsrec 1+s --debug 2
[2024-07-19 18:21:52] [Info] transport/internet/tcp: listening TCP on 127.0.0.1:2080
[2024-07-19 18:21:52] [Info] transport/internet/udp: listening UDP on 127.0.0.1:2080
[2024-07-19 18:21:52] [Info] transport/internet/tcp: listening TCP on 127.0.0.1:6450
[2024-07-19 18:21:52] [Info] transport/internet/udp: listening UDP on 127.0.0.1:6450
[2024-07-19 18:21:52] [Warning] V2Ray 5.3.0 started
[2024-07-19 18:22:02] [Info] [APP] request force GC
[2024-07-19 18:22:02] [Info] [APP] request force GC
[2024-07-19 18:22:28] [Info] [APP] request force GC
[2024-07-19 18:22:42] [Info] [APP] request force GC
[2024-07-19 18:22:42] [Info] [APP] request force GC
[2024-07-19 18:22:42] [Info] [APP] request force GC
[2024-07-19 18:22:42] [Info] [APP] request force GC
[2024-07-19 18:22:51] [Info] [APP] request force GC
[2024-07-19 18:23:02] [Info] [APP] request force GC
[2024-07-19 18:23:38] [Info] [APP] request force GC
[2024-07-19 18:23:48] [Info] [APP] request force GC
[2024-07-19 18:23:48] [Info] [APP] request force GC
[2024-07-19 18:23:48] [Info] [APP] request force GC
[2024-07-19 18:23:50] tcp:127.0.0.1:41026 accepted [tcp:detectportal.firefox.com:80]  [socks -> proxy]
[2024-07-19 18:23:50] tcp:127.0.0.1:41028 accepted [tcp:detectportal.firefox.com:80]  [socks -> proxy]
[2024-07-19 18:23:50] [Info] [2660409387] proxy/socks: TCP Connect request to tcp:detectportal.firefox.com:80
[2024-07-19 18:23:50] [Info] [1254858342] proxy/socks: TCP Connect request to tcp:detectportal.firefox.com:80
[2024-07-19 18:23:50] [Info] [2660409387] app/dispatcher: sniffed domain: detectportal.firefox.com for tcp:detectportal.firefox.com:80
[2024-07-19 18:23:50] [Info] [2660409387] app/dispatcher: default route for [tcp:detectportal.firefox.com:80] 
[2024-07-19 18:23:50] [Info] [1254858342] app/dispatcher: sniffed domain: detectportal.firefox.com for tcp:detectportal.firefox.com:80
[2024-07-19 18:23:50] [Info] [1254858342] app/dispatcher: default route for [tcp:detectportal.firefox.com:80] 
[2024-07-19 18:23:50] [Info] [1254858342] transport/internet/tcp: dialing TCP to tcp:127.0.0.1:38897
[2024-07-19 18:23:50] [Info] [2660409387] transport/internet/tcp: dialing TCP to tcp:127.0.0.1:38897
[2024-07-19 18:23:50] [Error] [tag=libciadpi] new event: fd: 3, evt: EV_ACCEPT, mod_iter: 0
[2024-07-19 18:23:50] [Error] [tag=libciadpi] accept: fd=5
[2024-07-19 18:23:50] [Error] [tag=libciadpi] accept: fd=6
[2024-07-19 18:23:50] [Error] [tag=libciadpi] new event: fd: 5, evt: EV_REQUEST, mod_iter: 1
[2024-07-19 18:23:50] [Info] [4064886525] proxy/socks: TCP Connect request to tcp:ntc.party:443
[2024-07-19 18:23:50] [Error] [tag=libciadpi] new event: fd: 6, evt: EV_REQUEST, mod_iter: 1
[2024-07-19 18:23:50] [Error] [tag=libciadpi] new event: fd: 5, evt: EV_REQUEST, mod_iter: 1
[2024-07-19 18:23:50] tcp:127.0.0.1:41034 accepted [tcp:ntc.party:443]  [socks -> proxy]
[2024-07-19 18:23:50] [Info] [4064886525] app/dispatcher: sniffed domain: ntc.party for tcp:ntc.party:443
[2024-07-19 18:23:50] [Info] [4064886525] app/dispatcher: default route for [tcp:ntc.party:443] 
[2024-07-19 18:23:50] [Info] [4064886525] transport/internet/tcp: dialing TCP to tcp:127.0.0.1:38897
[2024-07-19 18:23:51] [Info] [1197574751] proxy/socks: TCP Connect request to tcp:incoming.telemetry.mozilla.org:443
[2024-07-19 18:23:51] [Info] [1197574751] app/dispatcher: sniffed domain: incoming.telemetry.mozilla.org for tcp:incoming.telemetry.mozilla.org:443
[2024-07-19 18:23:51] [Info] [1197574751] app/dispatcher: default route for [tcp:incoming.telemetry.mozilla.org:443] 
[2024-07-19 18:23:51] [Info] [1197574751] transport/internet/tcp: dialing TCP to tcp:127.0.0.1:38897
[2024-07-19 18:23:51] tcp:127.0.0.1:41038 accepted [tcp:incoming.telemetry.mozilla.org:443]  [socks -> proxy]
[2024-07-19 18:23:55] [Warning] [2660409387] app/proxyman/outbound: failed to process outbound traffic > proxy/socks: failed to establish connection to server > proxy/socks: server rejects request: 4
[2024-07-19 18:23:55] [Info] [1752136313] proxy/socks: TCP Connect request to tcp:detectportal.firefox.com:80
[2024-07-19 18:23:55] [Info] [1752136313] app/dispatcher: sniffed domain: detectportal.firefox.com for tcp:detectportal.firefox.com:80
[2024-07-19 18:23:55] [Info] [1752136313] app/dispatcher: default route for [tcp:detectportal.firefox.com:80] 
[2024-07-19 18:23:55] [Info] [1752136313] transport/internet/tcp: dialing TCP to tcp:127.0.0.1:38897
[2024-07-19 18:23:55] tcp:127.0.0.1:41070 accepted [tcp:detectportal.firefox.com:80]  [socks -> proxy]
[2024-07-19 18:23:55] [Error] [tag=libciadpi] not resolved: detectportal.firefox.com
[2024-07-19 18:23:55] [Error] [tag=libciadpi] close: fds=5,-1
[2024-07-19 18:23:55] [Error] [tag=libciadpi] new event: fd: 3, evt: EV_ACCEPT, mod_iter: 0
[2024-07-19 18:23:55] [Error] [tag=libciadpi] accept: fd=5
[2024-07-19 18:23:55] [Error] [tag=libciadpi] accept: fd=7
[2024-07-19 18:23:55] [Error] [tag=libciadpi] new event: fd: 6, evt: EV_REQUEST, mod_iter: 1
[2024-07-19 18:24:00] [Warning] [1254858342] app/proxyman/outbound: failed to process outbound traffic > proxy/socks: failed to establish connection to server > proxy/socks: server rejects request: 4
[2024-07-19 18:24:00] [Error] [tag=libciadpi] not resolved: detectportal.firefox.com
[2024-07-19 18:24:00] [Error] [tag=libciadpi] close: fds=6,-1
[2024-07-19 18:24:00] [Error] [tag=libciadpi] new event: fd: 7, evt: EV_REQUEST, mod_iter: 5
[2024-07-19 18:24:00] [Error] [tag=libciadpi] new event: fd: 5, evt: EV_REQUEST, mod_iter: 5
[2024-07-19 18:24:00] [Error] [tag=libciadpi] new event: fd: 3, evt: EV_ACCEPT, mod_iter: 0
[2024-07-19 18:24:00] [Error] [tag=libciadpi] accept: fd=6
[2024-07-19 18:24:00] [Error] [tag=libciadpi] new event: fd: 6, evt: EV_REQUEST, mod_iter: 6
[2024-07-19 18:24:00] [Error] [tag=libciadpi] new event: fd: 6, evt: EV_REQUEST, mod_iter: 6
[2024-07-19 18:24:00] [Info] [1268302023] proxy/socks: TCP Connect request to tcp:detectportal.firefox.com:80
[2024-07-19 18:24:00] [Info] [1268302023] app/dispatcher: sniffed domain: detectportal.firefox.com for tcp:detectportal.firefox.com:80
[2024-07-19 18:24:00] [Info] [1268302023] app/dispatcher: default route for [tcp:detectportal.firefox.com:80] 
[2024-07-19 18:24:00] [Info] [1268302023] transport/internet/tcp: dialing TCP to tcp:127.0.0.1:38897
[2024-07-19 18:24:00] tcp:127.0.0.1:41074 accepted [tcp:detectportal.firefox.com:80]  [socks -> proxy]
[2024-07-19 18:24:00] [Info] [APP] request force GC
[2024-07-19 18:24:00] [Info] [APP] request force GC
[2024-07-19 18:24:01] [Info] [APP] request force GC
[2024-07-19 18:24:01] [Info] [APP] request force GC
[2024-07-19 18:24:04] [Info] [4064886525] app/proxyman/inbound: connection ends > proxy/socks: connection ends > context canceled
[2024-07-19 18:24:05] [Info] [APP] request force GC
[2024-07-19 18:24:05] [Warning] [1752136313] app/proxyman/outbound: failed to process outbound traffic > proxy/socks: failed to establish connection to server > proxy/socks: server rejects request: 4
[2024-07-19 18:24:05] [Info] [APP] request force GC
[2024-07-19 18:24:05] [Error] [tag=libciadpi] not resolved: detectportal.firefox.com
[2024-07-19 18:24:05] [Error] [tag=libciadpi] close: fds=6,-1
[2024-07-19 18:24:05] [Error] [tag=libciadpi] new event: fd: 7, evt: EV_REQUEST, mod_iter: 5
[2024-07-19 18:24:05] [Info] [1285622155] proxy/socks: TCP Connect request to tcp:detectportal.firefox.com:80
[2024-07-19 18:24:05] [Info] [1285622155] app/dispatcher: sniffed domain: detectportal.firefox.com for tcp:detectportal.firefox.com:80
[2024-07-19 18:24:05] [Info] [1285622155] app/dispatcher: default route for [tcp:detectportal.firefox.com:80] 
[2024-07-19 18:24:05] [Info] [1285622155] transport/internet/tcp: dialing TCP to tcp:127.0.0.1:38897
[2024-07-19 18:24:05] tcp:127.0.0.1:41088 accepted [tcp:detectportal.firefox.com:80]  [socks -> proxy]
[2024-07-19 18:24:05] [Error] [tag=libciadpi] connect: No such file or directory
[2024-07-19 18:24:05] [Error] [tag=libciadpi] ss error: 2
[2024-07-19 18:24:05] [Error] [tag=libciadpi] close: fds=7,-1
[2024-07-19 18:24:05] [Error] [tag=libciadpi] new event: fd: 5, evt: EV_REQUEST, mod_iter: 5
[2024-07-19 18:24:05] [Warning] [1197574751] app/proxyman/outbound: failed to process outbound traffic > proxy/socks: failed to establish connection to server > proxy/socks: server rejects request: 1
[2024-07-19 18:24:10] [Warning] [4064886525] app/proxyman/outbound: failed to process outbound traffic > proxy/socks: failed to establish connection to server > proxy/socks: server rejects request: 4
[2024-07-19 18:24:10] [Error] [tag=libciadpi] not resolved: ntc.party
[2024-07-19 18:24:10] [Error] [tag=libciadpi] close: fds=5,-1
[2024-07-19 18:24:10] [Error] [tag=libciadpi] new event: fd: 3, evt: EV_ACCEPT, mod_iter: 0
[2024-07-19 18:24:10] [Error] [tag=libciadpi] accept: fd=5
[2024-07-19 18:24:10] [Error] [tag=libciadpi] accept: fd=6
[2024-07-19 18:24:10] [Error] [tag=libciadpi] new event: fd: 6, evt: EV_REQUEST, mod_iter: 9
[2024-07-19 18:24:10] [Error] [tag=libciadpi] new event: fd: 5, evt: EV_REQUEST, mod_iter: 9
[2024-07-19 18:24:10] [Error] [tag=libciadpi] new event: fd: 6, evt: EV_REQUEST, mod_iter: 9
[2024-07-19 18:24:15] [Warning] [1285622155] app/proxyman/outbound: failed to process outbound traffic > proxy/socks: failed to establish connection to server > proxy/socks: server rejects request: 4
[2024-07-19 18:24:15] [Error] [tag=libciadpi] not resolved: detectportal.firefox.com
[2024-07-19 18:24:15] [Error] [tag=libciadpi] close: fds=6,-1
[2024-07-19 18:24:15] [Error] [tag=libciadpi] new event: fd: 5, evt: EV_REQUEST, mod_iter: 9
[2024-07-19 18:24:15] [Info] [3854070439] proxy/socks: TCP Connect request to tcp:detectportal.firefox.com:80
[2024-07-19 18:24:15] tcp:127.0.0.1:41110 accepted [tcp:detectportal.firefox.com:80]  [socks -> proxy]
[2024-07-19 18:24:15] [Info] [3854070439] app/dispatcher: sniffed domain: detectportal.firefox.com for tcp:detectportal.firefox.com:80
[2024-07-19 18:24:15] [Info] [3854070439] app/dispatcher: default route for [tcp:detectportal.firefox.com:80] 
[2024-07-19 18:24:15] [Info] [3854070439] transport/internet/tcp: dialing TCP to tcp:127.0.0.1:38897
[2024-07-19 18:24:20] [Error] [tag=libciadpi] not resolved: detectportal.firefox.com
[2024-07-19 18:24:20] [Error] [tag=libciadpi] close: fds=5,-1
[2024-07-19 18:24:20] [Warning] [1268302023] app/proxyman/outbound: failed to process outbound traffic > proxy/socks: failed to establish connection to server > proxy/socks: server rejects request: 4
[2024-07-19 18:24:20] [Error] [tag=libciadpi] new event: fd: 3, evt: EV_ACCEPT, mod_iter: 0
[2024-07-19 18:24:20] [Error] [tag=libciadpi] accept: fd=5
[2024-07-19 18:24:20] [Error] [tag=libciadpi] new event: fd: 5, evt: EV_REQUEST, mod_iter: 12
[2024-07-19 18:24:20] [Info] [2605715029] proxy/socks: TCP Connect request to tcp:detectportal.firefox.com:80
[2024-07-19 18:24:20] [Error] [tag=libciadpi] new event: fd: 5, evt: EV_REQUEST, mod_iter: 12
[2024-07-19 18:24:20] [Info] [2605715029] app/dispatcher: sniffed domain: detectportal.firefox.com for tcp:detectportal.firefox.com:80
[2024-07-19 18:24:20] [Info] [2605715029] app/dispatcher: default route for [tcp:detectportal.firefox.com:80] 
[2024-07-19 18:24:20] [Info] [2605715029] transport/internet/tcp: dialing TCP to tcp:127.0.0.1:38897
[2024-07-19 18:24:20] tcp:127.0.0.1:41118 accepted [tcp:detectportal.firefox.com:80]  [socks -> proxy]
[2024-07-19 18:24:25] [Error] [tag=libciadpi] not resolved: detectportal.firefox.com
[2024-07-19 18:24:25] [Warning] [3854070439] app/proxyman/outbound: failed to process outbound traffic > proxy/socks: failed to establish connection to server > proxy/socks: server rejects request: 4
[2024-07-19 18:24:25] [Error] [tag=libciadpi] close: fds=5,-1
[2024-07-19 18:24:25] [Error] [tag=libciadpi] new event: fd: 3, evt: EV_ACCEPT, mod_iter: 0
[2024-07-19 18:24:25] [Error] [tag=libciadpi] accept: fd=5
[2024-07-19 18:24:25] [Error] [tag=libciadpi] new event: fd: 5, evt: EV_REQUEST, mod_iter: 15
[2024-07-19 18:24:25] [Error] [tag=libciadpi] new event: fd: 5, evt: EV_REQUEST, mod_iter: 15
[2024-07-19 18:24:25] [Info] [2873591175] proxy/socks: TCP Connect request to tcp:detectportal.firefox.com:80
[2024-07-19 18:24:25] [Info] [2873591175] app/dispatcher: sniffed domain: detectportal.firefox.com for tcp:detectportal.firefox.com:80
[2024-07-19 18:24:25] [Info] [2873591175] app/dispatcher: default route for [tcp:detectportal.firefox.com:80] 
[2024-07-19 18:24:25] [Info] [2873591175] transport/internet/tcp: dialing TCP to tcp:127.0.0.1:38897
[2024-07-19 18:24:25] tcp:127.0.0.1:41124 accepted [tcp:detectportal.firefox.com:80]  [socks -> proxy]
[2024-07-19 18:24:31] [Error] [tag=libciadpi] not resolved: detectportal.firefox.com
[2024-07-19 18:24:31] [Error] [tag=libciadpi] close: fds=5,-1
[2024-07-19 18:24:31] [Error] [tag=libciadpi] new event: fd: 3, evt: EV_ACCEPT, mod_iter: 0
[2024-07-19 18:24:31] [Error] [tag=libciadpi] accept: fd=5
[2024-07-19 18:24:31] [Warning] [2605715029] app/proxyman/outbound: failed to process outbound traffic > proxy/socks: failed to establish connection to server > proxy/socks: server rejects request: 4
[2024-07-19 18:24:31] [Error] [tag=libciadpi] new event: fd: 5, evt: EV_REQUEST, mod_iter: 18
[2024-07-19 18:24:31] [Error] [tag=libciadpi] new event: fd: 5, evt: EV_REQUEST, mod_iter: 18
[2024-07-19 18:24:31] [Info] [176995593] proxy/socks: TCP Connect request to tcp:detectportal.firefox.com:80
[2024-07-19 18:24:31] tcp:127.0.0.1:41128 accepted [tcp:detectportal.firefox.com:80]  [socks -> proxy]
[2024-07-19 18:24:31] [Info] [176995593] app/dispatcher: sniffed domain: detectportal.firefox.com for tcp:detectportal.firefox.com:80
[2024-07-19 18:24:31] [Info] [176995593] app/dispatcher: default route for [tcp:detectportal.firefox.com:80] 
[2024-07-19 18:24:31] [Info] [176995593] transport/internet/tcp: dialing TCP to tcp:127.0.0.1:38897
[2024-07-19 18:24:36] [Error] [tag=libciadpi] not resolved: detectportal.firefox.com
[2024-07-19 18:24:36] [Error] [tag=libciadpi] close: fds=5,-1
[2024-07-19 18:24:36] [Error] [tag=libciadpi] new event: fd: 3, evt: EV_ACCEPT, mod_iter: 0
[2024-07-19 18:24:36] [Error] [tag=libciadpi] accept: fd=5
[2024-07-19 18:24:36] [Error] [tag=libciadpi] new event: fd: 5, evt: EV_REQUEST, mod_iter: 21
[2024-07-19 18:24:36] [Warning] [2873591175] app/proxyman/outbound: failed to process outbound traffic > proxy/socks: failed to establish connection to server > proxy/socks: server rejects request: 4
[2024-07-19 18:24:36] [Info] [1159168221] proxy/socks: TCP Connect request to tcp:detectportal.firefox.com:80
[2024-07-19 18:24:36] [Info] [1159168221] app/dispatcher: sniffed domain: detectportal.firefox.com for tcp:detectportal.firefox.com:80
[2024-07-19 18:24:36] [Info] [1159168221] app/dispatcher: default route for [tcp:detectportal.firefox.com:80] 
[2024-07-19 18:24:36] [Info] [1159168221] transport/internet/tcp: dialing TCP to tcp:127.0.0.1:38897
[2024-07-19 18:24:36] tcp:127.0.0.1:41136 accepted [tcp:detectportal.firefox.com:80]  [socks -> proxy]
[2024-07-19 18:24:36] [Error] [tag=libciadpi] new event: fd: 5, evt: EV_REQUEST, mod_iter: 21
[2024-07-19 18:24:39] [Info] [APP] request force GC
[2024-07-19 18:24:39] [Info] [APP] request force GC
[2024-07-19 18:24:39] [Info] [APP] request force GC
[2024-07-19 18:24:39] [Info] [APP] request force GC
[2024-07-19 18:24:40] [Info] [APP] request force GC
[2024-07-19 18:24:40] [Info] [512986523] proxy/socks: TCP Connect request to tcp:incoming.telemetry.mozilla.org:443
[2024-07-19 18:24:40] [Info] [512986523] app/dispatcher: sniffed domain: incoming.telemetry.mozilla.org for tcp:incoming.telemetry.mozilla.org:443
[2024-07-19 18:24:40] [Info] [512986523] app/dispatcher: default route for [tcp:incoming.telemetry.mozilla.org:443] 
[2024-07-19 18:24:40] [Info] [512986523] transport/internet/tcp: dialing TCP to tcp:127.0.0.1:38897
[2024-07-19 18:24:40] tcp:127.0.0.1:41142 accepted [tcp:incoming.telemetry.mozilla.org:443]  [socks -> proxy]
[2024-07-19 18:24:40] [Info] [2155130378] proxy/socks: TCP Connect request to tcp:detectportal.firefox.com:80
[2024-07-19 18:24:40] [Info] [2155130378] app/dispatcher: sniffed domain: detectportal.firefox.com for tcp:detectportal.firefox.com:80
[2024-07-19 18:24:40] [Info] [2155130378] app/dispatcher: default route for [tcp:detectportal.firefox.com:80] 
[2024-07-19 18:24:40] tcp:127.0.0.1:41146 accepted [tcp:detectportal.firefox.com:80]  [socks -> proxy]
[2024-07-19 18:24:40] [Info] [2155130378] transport/internet/tcp: dialing TCP to tcp:127.0.0.1:38897
[2024-07-19 18:24:40] [Info] [1713653613] proxy/socks: TCP Connect request to tcp:detectportal.firefox.com:80
[2024-07-19 18:24:40] tcp:127.0.0.1:41150 accepted [tcp:detectportal.firefox.com:80]  [socks -> proxy]
[2024-07-19 18:24:40] [Info] [1713653613] app/dispatcher: sniffed domain: detectportal.firefox.com for tcp:detectportal.firefox.com:80
[2024-07-19 18:24:40] [Info] [1713653613] app/dispatcher: default route for [tcp:detectportal.firefox.com:80] 
[2024-07-19 18:24:40] [Info] [1713653613] transport/internet/tcp: dialing TCP to tcp:127.0.0.1:38897
[2024-07-19 18:24:41] [Warning] [176995593] app/proxyman/outbound: failed to process outbound traffic > proxy/socks: failed to establish connection to server > proxy/socks: server rejects request: 4
[2024-07-19 18:24:41] [Error] [tag=libciadpi] not resolved: detectportal.firefox.com
[2024-07-19 18:24:41] [Error] [tag=libciadpi] close: fds=5,-1
[2024-07-19 18:24:41] [Error] [tag=libciadpi] new event: fd: 3, evt: EV_ACCEPT, mod_iter: 0
[2024-07-19 18:24:41] [Error] [tag=libciadpi] accept: fd=5
[2024-07-19 18:24:41] [Error] [tag=libciadpi] accept: fd=6
[2024-07-19 18:24:41] [Error] [tag=libciadpi] accept: fd=7
[2024-07-19 18:24:41] [Error] [tag=libciadpi] accept: fd=8
[2024-07-19 18:24:41] [Error] [tag=libciadpi] new event: fd: 8, evt: EV_REQUEST, mod_iter: 24
[2024-07-19 18:24:41] [Error] [tag=libciadpi] new event: fd: 7, evt: EV_REQUEST, mod_iter: 24
[2024-07-19 18:24:41] [Error] [tag=libciadpi] new event: fd: 6, evt: EV_REQUEST, mod_iter: 24
[2024-07-19 18:24:41] [Error] [tag=libciadpi] new event: fd: 5, evt: EV_REQUEST, mod_iter: 24
[2024-07-19 18:24:41] [Error] [tag=libciadpi] new event: fd: 7, evt: EV_REQUEST, mod_iter: 24
[2024-07-19 18:24:41] [Info] [1159168221] app/proxyman/inbound: connection ends > proxy/socks: connection ends > context canceled
[2024-07-19 18:24:41] [Info] [2719915100] proxy/socks: TCP Connect request to tcp:ntc.party:443
[2024-07-19 18:24:41] [Info] [2719915100] app/dispatcher: sniffed domain: ntc.party for tcp:ntc.party:443
[2024-07-19 18:24:41] [Info] [2719915100] app/dispatcher: default route for [tcp:ntc.party:443] 
[2024-07-19 18:24:41] [Info] [2719915100] transport/internet/tcp: dialing TCP to tcp:127.0.0.1:38897
[2024-07-19 18:24:41] tcp:127.0.0.1:41154 accepted [tcp:ntc.party:443]  [socks -> proxy]
[2024-07-19 18:24:42] [Info] [957421035] proxy/socks: TCP Connect request to tcp:api.accounts.firefox.com:443
[2024-07-19 18:24:42] [Info] [957421035] app/dispatcher: sniffed domain: api.accounts.firefox.com for tcp:api.accounts.firefox.com:443
[2024-07-19 18:24:42] [Info] [957421035] app/dispatcher: default route for [tcp:api.accounts.firefox.com:443] 
[2024-07-19 18:24:42] [Info] [957421035] transport/internet/tcp: dialing TCP to tcp:127.0.0.1:38897
[2024-07-19 18:24:42] tcp:127.0.0.1:41158 accepted [tcp:api.accounts.firefox.com:443]  [socks -> proxy]
[2024-07-19 18:24:43] [Info] [3757164664] proxy/socks: TCP Connect request to tcp:detectportal.firefox.com:80
[2024-07-19 18:24:43] [Info] [1808943237] proxy/socks: TCP Connect request to tcp:detectportal.firefox.com:80
[2024-07-19 18:24:43] [Info] [3757164664] app/dispatcher: sniffed domain: detectportal.firefox.com for tcp:detectportal.firefox.com:80
[2024-07-19 18:24:43] [Info] [3757164664] app/dispatcher: default route for [tcp:detectportal.firefox.com:80] 
[2024-07-19 18:24:43] [Info] [3757164664] transport/internet/tcp: dialing TCP to tcp:127.0.0.1:38897
[2024-07-19 18:24:43] tcp:127.0.0.1:41162 accepted [tcp:detectportal.firefox.com:80]  [socks -> proxy]
[2024-07-19 18:24:43] [Info] [1808943237] app/dispatcher: sniffed domain: detectportal.firefox.com for tcp:detectportal.firefox.com:80
[2024-07-19 18:24:43] [Info] [1808943237] app/dispatcher: default route for [tcp:detectportal.firefox.com:80] 
[2024-07-19 18:24:43] [Info] [1808943237] transport/internet/tcp: dialing TCP to tcp:127.0.0.1:38897
[2024-07-19 18:24:43] tcp:127.0.0.1:41164 accepted [tcp:detectportal.firefox.com:80]  [socks -> proxy]
[2024-07-19 18:24:44] [Info] [2155130378] app/proxyman/inbound: connection ends > proxy/socks: connection ends > context canceled
[2024-07-19 18:24:44] [Info] [1713653613] app/proxyman/inbound: connection ends > proxy/socks: connection ends > context canceled
[2024-07-19 18:24:45] [Info] [2308786161] proxy/socks: TCP Connect request to tcp:ya.ru:443
[2024-07-19 18:24:45] [Info] [2308786161] app/dispatcher: sniffed domain: ya.ru for tcp:ya.ru:443
[2024-07-19 18:24:45] [Info] [2308786161] app/dispatcher: default route for [tcp:ya.ru:443] 
[2024-07-19 18:24:45] [Info] [2308786161] transport/internet/tcp: dialing TCP to tcp:127.0.0.1:38897
[2024-07-19 18:24:45] tcp:127.0.0.1:41172 accepted [tcp:ya.ru:443]  [socks -> proxy]
[2024-07-19 18:24:46] [Warning] [2155130378] app/proxyman/outbound: failed to process outbound traffic > proxy/socks: failed to establish connection to server > proxy/socks: server rejects request: 4
[2024-07-19 18:24:46] [Error] [tag=libciadpi] not resolved: detectportal.firefox.com
[2024-07-19 18:24:46] [Error] [tag=libciadpi] close: fds=7,-1
[2024-07-19 18:24:46] [Error] [tag=libciadpi] new event: fd: 8, evt: EV_REQUEST, mod_iter: 24
[2024-07-19 18:24:51] [Error] [tag=libciadpi] not resolved: detectportal.firefox.com
[2024-07-19 18:24:51] [Error] [tag=libciadpi] close: fds=8,-1
[2024-07-19 18:24:51] [Error] [tag=libciadpi] new event: fd: 6, evt: EV_REQUEST, mod_iter: 24
[2024-07-19 18:24:51] [Warning] [1713653613] app/proxyman/outbound: failed to process outbound traffic > proxy/socks: failed to establish connection to server > proxy/socks: server rejects request: 4
[2024-07-19 18:24:51] [Error] [tag=libciadpi] connect: No such file or directory
[2024-07-19 18:24:51] [Error] [tag=libciadpi] ss error: 2
[2024-07-19 18:24:51] [Error] [tag=libciadpi] close: fds=6,-1
[2024-07-19 18:24:51] [Warning] [512986523] app/proxyman/outbound: failed to process outbound traffic > proxy/socks: failed to establish connection to server > proxy/socks: server rejects request: 1
[2024-07-19 18:24:51] [Error] [tag=libciadpi] new event: fd: 3, evt: EV_ACCEPT, mod_iter: 0
[2024-07-19 18:24:51] [Error] [tag=libciadpi] accept: fd=6
[2024-07-19 18:24:51] [Error] [tag=libciadpi] accept: fd=7
[2024-07-19 18:24:51] [Error] [tag=libciadpi] accept: fd=8
[2024-07-19 18:24:51] [Error] [tag=libciadpi] accept: fd=9
[2024-07-19 18:24:51] [Error] [tag=libciadpi] accept: fd=10
[2024-07-19 18:24:51] [Error] [tag=libciadpi] new event: fd: 5, evt: EV_REQUEST, mod_iter: 24
[2024-07-19 18:24:51] [Info] [513522902] proxy/socks: TCP Connect request to tcp:incoming.telemetry.mozilla.org:443
[2024-07-19 18:24:51] [Info] [513522902] app/dispatcher: sniffed domain: incoming.telemetry.mozilla.org for tcp:incoming.telemetry.mozilla.org:443
[2024-07-19 18:24:51] [Info] [513522902] app/dispatcher: default route for [tcp:incoming.telemetry.mozilla.org:443] 
[2024-07-19 18:24:51] [Info] [513522902] transport/internet/tcp: dialing TCP to tcp:127.0.0.1:38897
[2024-07-19 18:24:51] tcp:127.0.0.1:41206 accepted [tcp:incoming.telemetry.mozilla.org:443]  [socks -> proxy]
[2024-07-19 18:24:56] [Warning] [1159168221] app/proxyman/outbound: failed to process outbound traffic > proxy/socks: failed to establish connection to server > proxy/socks: server rejects request: 4
[2024-07-19 18:24:56] [Error] [tag=libciadpi] not resolved: detectportal.firefox.com
[2024-07-19 18:24:56] [Error] [tag=libciadpi] close: fds=5,-1
[2024-07-19 18:24:56] [Error] [tag=libciadpi] new event: fd: 10, evt: EV_REQUEST, mod_iter: 27
[2024-07-19 18:24:56] [Error] [tag=libciadpi] new event: fd: 9, evt: EV_REQUEST, mod_iter: 27
[2024-07-19 18:24:56] [Error] [tag=libciadpi] new event: fd: 8, evt: EV_REQUEST, mod_iter: 27
[2024-07-19 18:24:56] [Error] [tag=libciadpi] new event: fd: 7, evt: EV_REQUEST, mod_iter: 27
[2024-07-19 18:24:56] [Error] [tag=libciadpi] new event: fd: 6, evt: EV_REQUEST, mod_iter: 27
[2024-07-19 18:24:56] [Error] [tag=libciadpi] new event: fd: 3, evt: EV_ACCEPT, mod_iter: 0
[2024-07-19 18:24:56] [Error] [tag=libciadpi] accept: fd=5
[2024-07-19 18:24:56] [Error] [tag=libciadpi] new event: fd: 5, evt: EV_REQUEST, mod_iter: 28
[2024-07-19 18:24:56] [Error] [tag=libciadpi] new event: fd: 10, evt: EV_REQUEST, mod_iter: 27
[2024-07-19 18:24:56] [Info] [APP] request force GC
[2024-07-19 18:24:56] [Info] [APP] request force GC
[2024-07-19 18:24:58] [Info] [2719915100] app/proxyman/inbound: connection ends > proxy/socks: connection ends > context canceled
[2024-07-19 18:25:01] [Warning] [2308786161] app/proxyman/outbound: failed to process outbound traffic > proxy/socks: failed to establish connection to server > proxy/socks: server rejects request: 4
[2024-07-19 18:25:01] [Error] [tag=libciadpi] not resolved: ya.ru
[2024-07-19 18:25:01] [Error] [tag=libciadpi] close: fds=10,-1
[2024-07-19 18:25:01] [Error] [tag=libciadpi] new event: fd: 5, evt: EV_REQUEST, mod_iter: 28
[2024-07-19 18:25:01] [Error] [tag=libciadpi] connect: No such file or directory
[2024-07-19 18:25:01] [Error] [tag=libciadpi] ss error: 2
[2024-07-19 18:25:01] [Error] [tag=libciadpi] close: fds=5,-1
[2024-07-19 18:25:01] [Error] [tag=libciadpi] new event: fd: 9, evt: EV_REQUEST, mod_iter: 27
[2024-07-19 18:25:01] [Warning] [513522902] app/proxyman/outbound: failed to process outbound traffic > proxy/socks: failed to establish connection to server > proxy/socks: server rejects request: 1
[2024-07-19 18:25:01] [Info] [2947462516] proxy/socks: TCP Connect request to tcp:incoming.telemetry.mozilla.org:443
[2024-07-19 18:25:01] tcp:127.0.0.1:41244 accepted [tcp:incoming.telemetry.mozilla.org:443]  [socks -> proxy]
[2024-07-19 18:25:01] [Info] [2947462516] app/dispatcher: sniffed domain: incoming.telemetry.mozilla.org for tcp:incoming.telemetry.mozilla.org:443
[2024-07-19 18:25:01] [Info] [2947462516] app/dispatcher: default route for [tcp:incoming.telemetry.mozilla.org:443] 
[2024-07-19 18:25:01] [Info] [2947462516] transport/internet/tcp: dialing TCP to tcp:127.0.0.1:38897
[2024-07-19 18:25:06] [Warning] [1808943237] app/proxyman/outbound: failed to process outbound traffic > proxy/socks: failed to establish connection to server > proxy/socks: server rejects request: 4
[2024-07-19 18:25:06] [Error] [tag=libciadpi] not resolved: detectportal.firefox.com
[2024-07-19 18:25:06] [Error] [tag=libciadpi] close: fds=9,-1
[2024-07-19 18:25:06] [Error] [tag=libciadpi] new event: fd: 8, evt: EV_REQUEST, mod_iter: 27
[2024-07-19 18:25:06] [Info] [3486172429] proxy/socks: TCP Connect request to tcp:detectportal.firefox.com:80
[2024-07-19 18:25:06] [Info] [3486172429] app/dispatcher: sniffed domain: detectportal.firefox.com for tcp:detectportal.firefox.com:80
[2024-07-19 18:25:06] [Info] [3486172429] app/dispatcher: default route for [tcp:detectportal.firefox.com:80] 
[2024-07-19 18:25:06] [Info] [3486172429] transport/internet/tcp: dialing TCP to tcp:127.0.0.1:38897
[2024-07-19 18:25:06] tcp:127.0.0.1:41248 accepted [tcp:detectportal.firefox.com:80]  [socks -> proxy]
[2024-07-19 18:25:11] [Error] [tag=libciadpi] not resolved: detectportal.firefox.com
[2024-07-19 18:25:11] [Error] [tag=libciadpi] close: fds=8,-1
[2024-07-19 18:25:11] [Warning] [3757164664] app/proxyman/outbound: failed to process outbound traffic > proxy/socks: failed to establish connection to server > proxy/socks: server rejects request: 4
[2024-07-19 18:25:11] [Error] [tag=libciadpi] new event: fd: 7, evt: EV_REQUEST, mod_iter: 27
[2024-07-19 18:25:11] [Info] [777502436] proxy/socks: TCP Connect request to tcp:detectportal.firefox.com:80
[2024-07-19 18:25:11] [Info] [777502436] app/dispatcher: sniffed domain: detectportal.firefox.com for tcp:detectportal.firefox.com:80
[2024-07-19 18:25:11] [Info] [777502436] app/dispatcher: default route for [tcp:detectportal.firefox.com:80] 
[2024-07-19 18:25:11] [Info] [777502436] transport/internet/tcp: dialing TCP to tcp:127.0.0.1:38897
[2024-07-19 18:25:11] tcp:127.0.0.1:41252 accepted [tcp:detectportal.firefox.com:80]  [socks -> proxy]
[2024-07-19 18:25:13] [Info] [957421035] app/proxyman/inbound: connection ends > proxy/socks: connection ends > context canceled
[2024-07-19 18:25:13] [Info] [APP] request force GC
[2024-07-19 18:25:13] [Info] [APP] request force GC
[2024-07-19 18:25:14] [Info] [APP] request force GC
[2024-07-19 18:25:14] [Info] [APP] request force GC
[2024-07-19 18:25:16] [Warning] [957421035] app/proxyman/outbound: failed to process outbound traffic > proxy/socks: failed to establish connection to server > proxy/socks: server rejects request: 4
[2024-07-19 18:25:16] [Error] [tag=libciadpi] not resolved: api.accounts.firefox.com
[2024-07-19 18:25:16] [Error] [tag=libciadpi] close: fds=7,-1
[2024-07-19 18:25:16] [Error] [tag=libciadpi] new event: fd: 6, evt: EV_REQUEST, mod_iter: 27
[2024-07-19 18:25:21] [Error] [tag=libciadpi] not resolved: ntc.party
[2024-07-19 18:25:21] [Error] [tag=libciadpi] close: fds=6,-1
[2024-07-19 18:25:21] [Warning] [2719915100] app/proxyman/outbound: failed to process outbound traffic > proxy/socks: failed to establish connection to server > proxy/socks: server rejects request: 4
[2024-07-19 18:25:21] [Error] [tag=libciadpi] new event: fd: 3, evt: EV_ACCEPT, mod_iter: 0
[2024-07-19 18:25:21] [Error] [tag=libciadpi] accept: fd=5
[2024-07-19 18:25:21] [Error] [tag=libciadpi] accept: fd=6
[2024-07-19 18:25:21] [Error] [tag=libciadpi] accept: fd=7
[2024-07-19 18:25:21] [Error] [tag=libciadpi] new event: fd: 7, evt: EV_REQUEST, mod_iter: 32
[2024-07-19 18:25:21] [Error] [tag=libciadpi] new event: fd: 6, evt: EV_REQUEST, mod_iter: 32
[2024-07-19 18:25:21] [Error] [tag=libciadpi] new event: fd: 5, evt: EV_REQUEST, mod_iter: 32
[2024-07-19 18:25:21] [Error] [tag=libciadpi] new event: fd: 6, evt: EV_REQUEST, mod_iter: 32
[2024-07-19 18:25:26] [Error] [tag=libciadpi] not resolved: detectportal.firefox.com
[2024-07-19 18:25:26] [Error] [tag=libciadpi] close: fds=6,-1
[2024-07-19 18:25:26] [Error] [tag=libciadpi] new event: fd: 7, evt: EV_REQUEST, mod_iter: 32
[2024-07-19 18:25:26] [Warning] [3486172429] app/proxyman/outbound: failed to process outbound traffic > proxy/socks: failed to establish connection to server > proxy/socks: server rejects request: 4
[2024-07-19 18:25:26] [Info] [3062876614] proxy/socks: TCP Connect request to tcp:detectportal.firefox.com:80
[2024-07-19 18:25:26] tcp:127.0.0.1:41268 accepted [tcp:detectportal.firefox.com:80]  [socks -> proxy]
[2024-07-19 18:25:26] [Info] [3062876614] app/dispatcher: sniffed domain: detectportal.firefox.com for tcp:detectportal.firefox.com:80
[2024-07-19 18:25:26] [Info] [3062876614] app/dispatcher: default route for [tcp:detectportal.firefox.com:80] 
[2024-07-19 18:25:26] [Info] [3062876614] transport/internet/tcp: dialing TCP to tcp:127.0.0.1:38897
[2024-07-19 18:25:28] [Info] [APP] request force GC
[2024-07-19 18:25:30] [Info] [3062876614] app/proxyman/inbound: connection ends > proxy/socks: connection ends > context canceled
[2024-07-19 18:25:30] [Info] [777502436] app/proxyman/inbound: connection ends > proxy/socks: connection ends > context canceled
[2024-07-19 18:25:31] [Info] [616631783] proxy/socks: TCP Connect request to tcp:ya.ru:443
[2024-07-19 18:25:31] tcp:127.0.0.1:41282 accepted [tcp:ya.ru:443]  [socks -> proxy]
[2024-07-19 18:25:31] [Info] [616631783] app/dispatcher: sniffed domain: ya.ru for tcp:ya.ru:443
[2024-07-19 18:25:31] [Info] [616631783] app/dispatcher: default route for [tcp:ya.ru:443] 
[2024-07-19 18:25:31] [Info] [616631783] transport/internet/tcp: dialing TCP to tcp:127.0.0.1:38897
[2024-07-19 18:25:31] [Warning] [777502436] app/proxyman/outbound: failed to process outbound traffic > proxy/socks: failed to establish connection to server > proxy/socks: server rejects request: 4
[2024-07-19 18:25:31] [Error] [tag=libciadpi] not resolved: detectportal.firefox.com
[2024-07-19 18:25:31] [Error] [tag=libciadpi] close: fds=7,-1
[2024-07-19 18:25:31] [Error] [tag=libciadpi] new event: fd: 3, evt: EV_ACCEPT, mod_iter: 0
[2024-07-19 18:25:31] [Error] [tag=libciadpi] accept: fd=6
[2024-07-19 18:25:31] [Error] [tag=libciadpi] accept: fd=7
[2024-07-19 18:25:31] [Error] [tag=libciadpi] new event: fd: 5, evt: EV_REQUEST, mod_iter: 32
[2024-07-19 18:25:31] [Error] [tag=libciadpi] connect: No such file or directory
[2024-07-19 18:25:31] [Error] [tag=libciadpi] ss error: 2
[2024-07-19 18:25:31] [Error] [tag=libciadpi] close: fds=5,-1
[2024-07-19 18:25:31] [Error] [tag=libciadpi] new event: fd: 7, evt: EV_REQUEST, mod_iter: 35
[2024-07-19 18:25:31] [Error] [tag=libciadpi] new event: fd: 6, evt: EV_REQUEST, mod_iter: 35
[2024-07-19 18:25:31] [Warning] [2947462516] app/proxyman/outbound: failed to process outbound traffic > proxy/socks: failed to establish connection to server > proxy/socks: server rejects request: 1
[2024-07-19 18:25:31] [Error] [tag=libciadpi] new event: fd: 7, evt: EV_REQUEST, mod_iter: 35
[2024-07-19 18:25:33] [Info] [3367126601] proxy/socks: TCP Connect request to tcp:incoming.telemetry.mozilla.org:443
[2024-07-19 18:25:33] [Info] [3367126601] app/dispatcher: sniffed domain: incoming.telemetry.mozilla.org for tcp:incoming.telemetry.mozilla.org:443
[2024-07-19 18:25:33] [Info] [3367126601] app/dispatcher: default route for [tcp:incoming.telemetry.mozilla.org:443] 
[2024-07-19 18:25:33] [Info] [3367126601] transport/internet/tcp: dialing TCP to tcp:127.0.0.1:38897
[2024-07-19 18:25:33] tcp:127.0.0.1:41292 accepted [tcp:incoming.telemetry.mozilla.org:443]  [socks -> proxy]
[2024-07-19 18:25:33] [Info] [4230982020] proxy/socks: TCP Connect request to tcp:ya.ru:443
[2024-07-19 18:25:33] [Info] [4230982020] app/dispatcher: sniffed domain: ya.ru for tcp:ya.ru:443
[2024-07-19 18:25:33] [Info] [4230982020] app/dispatcher: default route for [tcp:ya.ru:443] 
[2024-07-19 18:25:33] [Info] [4230982020] transport/internet/tcp: dialing TCP to tcp:127.0.0.1:38897
[2024-07-19 18:25:33] tcp:127.0.0.1:41296 accepted [tcp:ya.ru:443]  [socks -> proxy]
[2024-07-19 18:25:34] [Info] [2491892512] proxy/socks: TCP Connect request to tcp:ya.ru:443
[2024-07-19 18:25:34] [Info] [2491892512] app/dispatcher: sniffed domain: ya.ru for tcp:ya.ru:443
[2024-07-19 18:25:34] [Info] [2491892512] app/dispatcher: default route for [tcp:ya.ru:443] 
[2024-07-19 18:25:34] [Info] [2491892512] transport/internet/tcp: dialing TCP to tcp:127.0.0.1:38897
[2024-07-19 18:25:34] tcp:127.0.0.1:41302 accepted [tcp:ya.ru:443]  [socks -> proxy]
[2024-07-19 18:25:35] [Info] [4230982020] app/proxyman/inbound: connection ends > proxy/socks: connection ends > context canceled
[2024-07-19 18:25:35] [Info] [616631783] app/proxyman/inbound: connection ends > proxy/socks: connection ends > context canceled
[2024-07-19 18:25:35] [Info] [2028941348] proxy/socks: TCP Connect request to tcp:ya.ru:443
[2024-07-19 18:25:35] [Info] [2028941348] app/dispatcher: sniffed domain: ya.ru for tcp:ya.ru:443
[2024-07-19 18:25:35] [Info] [2028941348] app/dispatcher: default route for [tcp:ya.ru:443] 
[2024-07-19 18:25:35] [Info] [2028941348] transport/internet/tcp: dialing TCP to tcp:127.0.0.1:38897
[2024-07-19 18:25:35] tcp:127.0.0.1:41306 accepted [tcp:ya.ru:443]  [socks -> proxy]
[2024-07-19 18:25:36] [Warning] [616631783] app/proxyman/outbound: failed to process outbound traffic > proxy/socks: failed to establish connection to server > proxy/socks: server rejects request: 4
[2024-07-19 18:25:36] [Error] [tag=libciadpi] not resolved: ya.ru
[2024-07-19 18:25:36] [Error] [tag=libciadpi] close: fds=7,-1
[2024-07-19 18:25:36] [Error] [tag=libciadpi] new event: fd: 6, evt: EV_REQUEST, mod_iter: 35
[2024-07-19 18:25:41] [Info] [APP] request force GC
[2024-07-19 18:25:41] [Warning] [3062876614] app/proxyman/outbound: failed to process outbound traffic > proxy/socks: failed to establish connection to server > proxy/socks: server rejects request: 4
[2024-07-19 18:25:41] [Error] [tag=libciadpi] not resolved: detectportal.firefox.com
[2024-07-19 18:25:41] [Error] [tag=libciadpi] close: fds=6,-1
[2024-07-19 18:25:41] [Error] [tag=libciadpi] new event: fd: 3, evt: EV_ACCEPT, mod_iter: 0
[2024-07-19 18:25:41] [Error] [tag=libciadpi] accept: fd=5
[2024-07-19 18:25:41] [Error] [tag=libciadpi] accept: fd=6
[2024-07-19 18:25:41] [Error] [tag=libciadpi] accept: fd=7
[2024-07-19 18:25:41] [Error] [tag=libciadpi] accept: fd=8
[2024-07-19 18:25:41] [Error] [tag=libciadpi] new event: fd: 8, evt: EV_REQUEST, mod_iter: 38
[2024-07-19 18:25:41] [Error] [tag=libciadpi] new event: fd: 7, evt: EV_REQUEST, mod_iter: 38
[2024-07-19 18:25:41] [Error] [tag=libciadpi] new event: fd: 6, evt: EV_REQUEST, mod_iter: 38
[2024-07-19 18:25:41] [Error] [tag=libciadpi] new event: fd: 5, evt: EV_REQUEST, mod_iter: 38
[2024-07-19 18:25:41] [Error] [tag=libciadpi] new event: fd: 8, evt: EV_REQUEST, mod_iter: 38
[2024-07-19 18:25:42] [Info] [3767650642] proxy/socks: TCP Connect request to tcp:api.accounts.firefox.com:443
[2024-07-19 18:25:42] [Info] [3767650642] app/dispatcher: sniffed domain: api.accounts.firefox.com for tcp:api.accounts.firefox.com:443
[2024-07-19 18:25:42] tcp:127.0.0.1:41312 accepted [tcp:api.accounts.firefox.com:443]  [socks -> proxy]
[2024-07-19 18:25:42] [Info] [3767650642] app/dispatcher: default route for [tcp:api.accounts.firefox.com:443] 
[2024-07-19 18:25:42] [Info] [3767650642] transport/internet/tcp: dialing TCP to tcp:127.0.0.1:38897
[2024-07-19 18:25:44] [Info] [1598124718] proxy/socks: TCP Connect request to tcp:detectportal.firefox.com:80
[2024-07-19 18:25:44] [Info] [1598124718] app/dispatcher: sniffed domain: detectportal.firefox.com for tcp:detectportal.firefox.com:80
[2024-07-19 18:25:44] [Info] [1598124718] app/dispatcher: default route for [tcp:detectportal.firefox.com:80] 
[2024-07-19 18:25:44] [Info] [1598124718] transport/internet/tcp: dialing TCP to tcp:127.0.0.1:38897
[2024-07-19 18:25:44] tcp:127.0.0.1:41320 accepted [tcp:detectportal.firefox.com:80]  [socks -> proxy]
[2024-07-19 18:25:44] [Info] [350796178] proxy/socks: TCP Connect request to tcp:detectportal.firefox.com:80
[2024-07-19 18:25:44] [Info] [350796178] app/dispatcher: sniffed domain: detectportal.firefox.com for tcp:detectportal.firefox.com:80
[2024-07-19 18:25:44] [Info] [350796178] app/dispatcher: default route for [tcp:detectportal.firefox.com:80] 
[2024-07-19 18:25:44] [Info] [350796178] transport/internet/tcp: dialing TCP to tcp:127.0.0.1:38897
[2024-07-19 18:25:44] tcp:127.0.0.1:41324 accepted [tcp:detectportal.firefox.com:80]  [socks -> proxy]
[2024-07-19 18:25:46] [Error] [tag=libciadpi] not resolved: ya.ru
[2024-07-19 18:25:46] [Error] [tag=libciadpi] close: fds=8,-1
[2024-07-19 18:25:46] [Error] [tag=libciadpi] new event: fd: 7, evt: EV_REQUEST, mod_iter: 38
[2024-07-19 18:25:46] [Warning] [2028941348] app/proxyman/outbound: failed to process outbound traffic > proxy/socks: failed to establish connection to server > proxy/socks: server rejects request: 4
[2024-07-19 18:25:47] [Info] [1544168498] proxy/socks: TCP Connect request to tcp:dzen.ru:443
[2024-07-19 18:25:47] [Info] [1544168498] app/dispatcher: sniffed domain: dzen.ru for tcp:dzen.ru:443
[2024-07-19 18:25:47] [Info] [1544168498] app/dispatcher: default route for [tcp:dzen.ru:443] 
[2024-07-19 18:25:47] tcp:127.0.0.1:41328 accepted [tcp:dzen.ru:443]  [socks -> proxy]
[2024-07-19 18:25:47] [Info] [1544168498] transport/internet/tcp: dialing TCP to tcp:127.0.0.1:38897
[2024-07-19 18:25:51] [Warning] [2491892512] app/proxyman/outbound: failed to process outbound traffic > proxy/socks: failed to establish connection to server > proxy/socks: server rejects request: 4
[2024-07-19 18:25:51] [Error] [tag=libciadpi] not resolved: ya.ru
[2024-07-19 18:25:51] [Error] [tag=libciadpi] close: fds=7,-1
[2024-07-19 18:25:51] [Error] [tag=libciadpi] new event: fd: 6, evt: EV_REQUEST, mod_iter: 38
[2024-07-19 18:25:57] [Warning] [4230982020] app/proxyman/outbound: failed to process outbound traffic > proxy/socks: failed to establish connection to server > proxy/socks: server rejects request: 4
[2024-07-19 18:25:57] [Error] [tag=libciadpi] not resolved: ya.ru
[2024-07-19 18:25:57] [Error] [tag=libciadpi] close: fds=6,-1
[2024-07-19 18:25:57] [Error] [tag=libciadpi] new event: fd: 3, evt: EV_ACCEPT, mod_iter: 0
[2024-07-19 18:25:57] [Error] [tag=libciadpi] accept: fd=6
[2024-07-19 18:25:57] [Error] [tag=libciadpi] accept: fd=7
[2024-07-19 18:25:57] [Error] [tag=libciadpi] accept: fd=8
[2024-07-19 18:25:57] [Error] [tag=libciadpi] accept: fd=9
[2024-07-19 18:25:57] [Error] [tag=libciadpi] new event: fd: 5, evt: EV_REQUEST, mod_iter: 38
[2024-07-19 18:25:57] [Error] [tag=libciadpi] connect: No such file or directory
[2024-07-19 18:25:57] [Error] [tag=libciadpi] ss error: 2
[2024-07-19 18:25:57] [Error] [tag=libciadpi] close: fds=5,-1
[2024-07-19 18:25:57] [Warning] [3367126601] app/proxyman/outbound: failed to process outbound traffic > proxy/socks: failed to establish connection to server > proxy/socks: server rejects request: 1
[2024-07-19 18:25:57] [Error] [tag=libciadpi] new event: fd: 9, evt: EV_REQUEST, mod_iter: 41
[2024-07-19 18:25:57] [Error] [tag=libciadpi] new event: fd: 8, evt: EV_REQUEST, mod_iter: 41
[2024-07-19 18:25:57] [Error] [tag=libciadpi] new event: fd: 7, evt: EV_REQUEST, mod_iter: 41
[2024-07-19 18:25:57] [Error] [tag=libciadpi] new event: fd: 6, evt: EV_REQUEST, mod_iter: 41
[2024-07-19 18:25:57] [Error] [tag=libciadpi] new event: fd: 9, evt: EV_REQUEST, mod_iter: 41
[2024-07-19 18:25:57] [Info] [2717533661] proxy/socks: TCP Connect request to tcp:incoming.telemetry.mozilla.org:443
[2024-07-19 18:25:57] [Info] [2717533661] app/dispatcher: sniffed domain: incoming.telemetry.mozilla.org for tcp:incoming.telemetry.mozilla.org:443
[2024-07-19 18:25:57] [Info] [2717533661] app/dispatcher: default route for [tcp:incoming.telemetry.mozilla.org:443] 
[2024-07-19 18:25:57] [Info] [2717533661] transport/internet/tcp: dialing TCP to tcp:127.0.0.1:38897
[2024-07-19 18:25:57] tcp:127.0.0.1:41334 accepted [tcp:incoming.telemetry.mozilla.org:443]  [socks -> proxy]
[2024-07-19 18:25:59] [Warning] [3767650642] app/proxyman/outbound: failed to process outbound traffic > proxy/socks: failed to establish connection to server > read tcp 127.0.0.1:37030->127.0.0.1:38897: use of closed network connection
[2024-07-19 18:25:59] [Warning] [2717533661] app/proxyman/outbound: failed to process outbound traffic > proxy/socks: failed to establish connection to server > read tcp 127.0.0.1:37052->127.0.0.1:38897: use of closed network connection
[2024-07-19 18:25:59] [Warning] [1598124718] app/proxyman/outbound: failed to process outbound traffic > proxy/socks: failed to establish connection to server > read tcp 127.0.0.1:37038->127.0.0.1:38897: use of closed network connection
[2024-07-19 18:25:59] [Warning] [1544168498] app/proxyman/outbound: failed to process outbound traffic > proxy/socks: failed to establish connection to server > read tcp 127.0.0.1:37046->127.0.0.1:38897: use of closed network connection
[2024-07-19 18:25:59] [Warning] [350796178] app/proxyman/outbound: failed to process outbound traffic > proxy/socks: failed to establish connection to server > read tcp 127.0.0.1:37042->127.0.0.1:38897: use of closed network connection
[2024-07-19 18:26:11] [Info] [APP] request force GC
[2024-07-19 18:26:11] [Info] [APP] request force GC
[2024-07-19 18:26:18] [Info] [APP] request force GC
