[SC] DeleteService: успех
[SC] CreateService: успех
[SC] ChangeServiceConfig2: успех
 
List of all services 

Имя_службы: Appinfo
Выводимое_имя: Сведения о приложении
        Тип                : 30  WIN32  
        Состояние          : 4  RUNNING 
                                (STOPPABLE, NOT_PAUSABLE, IGNORES_SHUTDOWN)
        Код_выхода_Win32   : 0  (0x0)
        Код_выхода_службы  : 0  (0x0)
        Контрольная_точка  : 0x0
        Ожидание           : 0x0

Имя_службы: AudioEndpointBuilder
Выводимое_имя: Средство построения конечных точек Windows Audio
        Тип                : 30  WIN32  
        Состояние          : 4  RUNNING 
                                (STOPPABLE, NOT_PAUSABLE, IGNORES_SHUTDOWN)
        Код_выхода_Win32   : 0  (0x0)
        Код_выхода_службы  : 0  (0x0)
        Контрольная_точка  : 0x0
        Ожидание           : 0x0

Имя_службы: Audiosrv
Выводимое_имя: Windows Audio
        Тип                : 10  WIN32_OWN_PROCESS  
        Состояние          : 4  RUNNING 
                                (STOPPABLE, NOT_PAUSABLE, IGNORES_SHUTDOWN)
        Код_выхода_Win32   : 0  (0x0)
        Код_выхода_службы  : 0  (0x0)
        Контрольная_точка  : 0x0
        Ожидание           : 0x0

Имя_службы: AxVirtualAHCISrv
Выводимое_имя: Alcohol Virtual AHCI Controller Management Service
        Тип                : 10  WIN32_OWN_PROCESS  
        Состояние          : 4  RUNNING 
                                (STOPPABLE, NOT_PAUSABLE, ACCEPTS_SHUTDOWN)
        Код_выхода_Win32   : 0  (0x0)
        Код_выхода_службы  : 0  (0x0)
        Контрольная_точка  : 0x0
        Ожидание           : 0x0

Имя_службы: BFE
Выводимое_имя: Служба базовой фильтрации
        Тип                : 20  WIN32_SHARE_PROCESS  
        Состояние          : 4  RUNNING 
                                (STOPPABLE, NOT_PAUSABLE, IGNORES_SHUTDOWN)
        Код_выхода_Win32   : 0  (0x0)
        Код_выхода_службы  : 0  (0x0)
        Контрольная_точка  : 0x0
        Ожидание           : 0x0

Имя_службы: BrokerInfrastructure
Выводимое_имя: Служба инфраструктуры фоновых задач
        Тип                : 20  WIN32_SHARE_PROCESS  
        Состояние          : 4  RUNNING 
                                (NOT_STOPPABLE, NOT_PAUSABLE, IGNORES_SHUTDOWN)
        Код_выхода_Win32   : 0  (0x0)
        Код_выхода_службы  : 0  (0x0)
        Контрольная_точка  : 0x0
        Ожидание           : 0x0

Имя_службы: BTAGService
Выводимое_имя: Служба звукового шлюза Bluetooth
        Тип                : 30  WIN32  
        Состояние          : 4  RUNNING 
                                (STOPPABLE, NOT_PAUSABLE, IGNORES_SHUTDOWN)
        Код_выхода_Win32   : 0  (0x0)
        Код_выхода_службы  : 0  (0x0)
        Контрольная_точка  : 0x0
        Ожидание           : 0x0

Имя_службы: BthAvctpSvc
Выводимое_имя: Служба AVCTP
        Тип                : 30  WIN32  
        Состояние          : 4  RUNNING 
                                (STOPPABLE, NOT_PAUSABLE, IGNORES_SHUTDOWN)
        Код_выхода_Win32   : 0  (0x0)
        Код_выхода_службы  : 0  (0x0)
        Контрольная_точка  : 0x0
        Ожидание           : 0x0

Имя_службы: bthserv
Выводимое_имя: Служба поддержки Bluetooth
        Тип                : 30  WIN32  
        Состояние          : 4  RUNNING 
                                (STOPPABLE, NOT_PAUSABLE, ACCEPTS_SHUTDOWN)
        Код_выхода_Win32   : 0  (0x0)
        Код_выхода_службы  : 0  (0x0)
        Контрольная_точка  : 0x0
        Ожидание           : 0x0

Имя_службы: camsvc
Выводимое_имя: Служба диспетчера доступа к возможностям
        Тип                : 30  WIN32  
        Состояние          : 4  RUNNING 
                                (STOPPABLE, NOT_PAUSABLE, ACCEPTS_SHUTDOWN)
        Код_выхода_Win32   : 0  (0x0)
        Код_выхода_службы  : 0  (0x0)
        Контрольная_точка  : 0x0
        Ожидание           : 0x0

Имя_службы: CDPSvc
Выводимое_имя: Служба платформы подключенных устройств
        Тип                : 30  WIN32  
        Состояние          : 4  RUNNING 
                                (STOPPABLE, NOT_PAUSABLE, IGNORES_SHUTDOWN)
        Код_выхода_Win32   : 0  (0x0)
        Код_выхода_службы  : 0  (0x0)
        Контрольная_точка  : 0x0
        Ожидание           : 0x0

Имя_службы: CoreMessagingRegistrar
Выводимое_имя: CoreMessaging
        Тип                : 20  WIN32_SHARE_PROCESS  
        Состояние          : 4  RUNNING 
                                (NOT_STOPPABLE, NOT_PAUSABLE, IGNORES_SHUTDOWN)
        Код_выхода_Win32   : 0  (0x0)
        Код_выхода_службы  : 0  (0x0)
        Контрольная_точка  : 0x0
        Ожидание           : 0x0

Имя_службы: CryptSvc
Выводимое_имя: Службы криптографии
        Тип                : 30  WIN32  
        Состояние          : 4  RUNNING 
                                (STOPPABLE, NOT_PAUSABLE, ACCEPTS_SHUTDOWN)
        Код_выхода_Win32   : 0  (0x0)
        Код_выхода_службы  : 0  (0x0)
        Контрольная_точка  : 0x0
        Ожидание           : 0x0

Имя_службы: DcomLaunch
Выводимое_имя: Модуль запуска процессов DCOM-сервера
        Тип                : 20  WIN32_SHARE_PROCESS  
        Состояние          : 4  RUNNING 
                                (NOT_STOPPABLE, NOT_PAUSABLE, IGNORES_SHUTDOWN)
        Код_выхода_Win32   : 0  (0x0)
        Код_выхода_службы  : 0  (0x0)
        Контрольная_точка  : 0x0
        Ожидание           : 0x0

Имя_службы: DeviceAssociationService
Выводимое_имя: Служба сопоставления устройств
        Тип                : 30  WIN32  
        Состояние          : 4  RUNNING 
                                (STOPPABLE, NOT_PAUSABLE, ACCEPTS_SHUTDOWN)
        Код_выхода_Win32   : 0  (0x0)
        Код_выхода_службы  : 0  (0x0)
        Контрольная_точка  : 0x0
        Ожидание           : 0x0

Имя_службы: DevQueryBroker
Выводимое_имя: Брокер фонового обнаружения DevQuery
        Тип                : 30  WIN32  
        Состояние          : 4  RUNNING 
                                (STOPPABLE, NOT_PAUSABLE, ACCEPTS_SHUTDOWN)
        Код_выхода_Win32   : 0  (0x0)
        Код_выхода_службы  : 0  (0x0)
        Контрольная_точка  : 0x0
        Ожидание           : 0x0

Имя_службы: Dhcp
Выводимое_имя: DHCP-клиент
        Тип                : 30  WIN32  
        Состояние          : 4  RUNNING 
                                (STOPPABLE, NOT_PAUSABLE, ACCEPTS_SHUTDOWN)
        Код_выхода_Win32   : 0  (0x0)
        Код_выхода_службы  : 0  (0x0)
        Контрольная_точка  : 0x0
        Ожидание           : 0x0

Имя_службы: DispBrokerDesktopSvc
Выводимое_имя: Служба политики отображения
        Тип                : 30  WIN32  
        Состояние          : 4  RUNNING 
                                (STOPPABLE, NOT_PAUSABLE, IGNORES_SHUTDOWN)
        Код_выхода_Win32   : 0  (0x0)
        Код_выхода_службы  : 0  (0x0)
        Контрольная_точка  : 0x0
        Ожидание           : 0x0

Имя_службы: Dnscache
Выводимое_имя: DNS-клиент
        Тип                : 30  WIN32  
        Состояние          : 4  RUNNING 
                                (NOT_STOPPABLE, NOT_PAUSABLE, IGNORES_SHUTDOWN)
        Код_выхода_Win32   : 0  (0x0)
        Код_выхода_службы  : 0  (0x0)
        Контрольная_точка  : 0x0
        Ожидание           : 0x0

Имя_службы: DoSvc
Выводимое_имя: Оптимизация доставки
        Тип                : 30  WIN32  
        Состояние          : 4  RUNNING 
                                (STOPPABLE, NOT_PAUSABLE, ACCEPTS_PRESHUTDOWN)
        Код_выхода_Win32   : 0  (0x0)
        Код_выхода_службы  : 0  (0x0)
        Контрольная_точка  : 0x0
        Ожидание           : 0x0

Имя_службы: DPS
Выводимое_имя: Служба политики диагностики
        Тип                : 30  WIN32  
        Состояние          : 4  RUNNING 
                                (STOPPABLE, NOT_PAUSABLE, ACCEPTS_SHUTDOWN)
        Код_выхода_Win32   : 0  (0x0)
        Код_выхода_службы  : 0  (0x0)
        Контрольная_точка  : 0x0
        Ожидание           : 0x0

Имя_службы: DsSvc
Выводимое_имя: Служба совместного доступа к данным
        Тип                : 30  WIN32  
        Состояние          : 4  RUNNING 
                                (STOPPABLE, NOT_PAUSABLE, ACCEPTS_PRESHUTDOWN)
        Код_выхода_Win32   : 0  (0x0)
        Код_выхода_службы  : 0  (0x0)
        Контрольная_точка  : 0x0
        Ожидание           : 0x0

Имя_службы: DusmSvc
Выводимое_имя: Использование данных
        Тип                : 10  WIN32_OWN_PROCESS  
        Состояние          : 4  RUNNING 
                                (STOPPABLE, NOT_PAUSABLE, IGNORES_SHUTDOWN)
        Код_выхода_Win32   : 0  (0x0)
        Код_выхода_службы  : 0  (0x0)
        Контрольная_точка  : 0x0
        Ожидание           : 0x0

Имя_службы: EFS
Выводимое_имя: Шифрованная файловая система (EFS)
        Тип                : 20  WIN32_SHARE_PROCESS  
        Состояние          : 4  RUNNING 
                                (NOT_STOPPABLE, NOT_PAUSABLE, IGNORES_SHUTDOWN)
        Код_выхода_Win32   : 0  (0x0)
        Код_выхода_службы  : 0  (0x0)
        Контрольная_точка  : 0x0
        Ожидание           : 0x0

Имя_службы: EventLog
Выводимое_имя: Журнал событий Windows
        Тип                : 30  WIN32  
        Состояние          : 4  RUNNING 
                                (STOPPABLE, NOT_PAUSABLE, ACCEPTS_SHUTDOWN)
        Код_выхода_Win32   : 0  (0x0)
        Код_выхода_службы  : 0  (0x0)
        Контрольная_точка  : 0x0
        Ожидание           : 0x0

Имя_службы: EventSystem
Выводимое_имя: Система событий COM+
        Тип                : 30  WIN32  
        Состояние          : 4  RUNNING 
                                (STOPPABLE, NOT_PAUSABLE, IGNORES_SHUTDOWN)
        Код_выхода_Win32   : 0  (0x0)
        Код_выхода_службы  : 0  (0x0)
        Контрольная_точка  : 0x0
        Ожидание           : 0x0

Имя_службы: fdPHost
Выводимое_имя: Хост поставщика функции обнаружения
        Тип                : 30  WIN32  
        Состояние          : 4  RUNNING 
                                (STOPPABLE, NOT_PAUSABLE, IGNORES_SHUTDOWN)
        Код_выхода_Win32   : 0  (0x0)
        Код_выхода_службы  : 0  (0x0)
        Контрольная_точка  : 0x0
        Ожидание           : 0x0

Имя_службы: FDResPub
Выводимое_имя: Публикация ресурсов обнаружения функции
        Тип                : 30  WIN32  
        Состояние          : 4  RUNNING 
                                (STOPPABLE, NOT_PAUSABLE, ACCEPTS_SHUTDOWN)
        Код_выхода_Win32   : 0  (0x0)
        Код_выхода_службы  : 0  (0x0)
        Контрольная_точка  : 0x0
        Ожидание           : 0x0

Имя_службы: FontCache
Выводимое_имя: Служба кэша шрифтов Windows
        Тип                : 30  WIN32  
        Состояние          : 4  RUNNING 
                                (STOPPABLE, NOT_PAUSABLE, ACCEPTS_SHUTDOWN)
        Код_выхода_Win32   : 0  (0x0)
        Код_выхода_службы  : 0  (0x0)
        Контрольная_точка  : 0x0
        Ожидание           : 0x0

Имя_службы: FontCache3.0.0.0
Выводимое_имя: Кэш шрифтов Windows Presentation Foundation 3.0.0.0
        Тип                : 10  WIN32_OWN_PROCESS  
        Состояние          : 4  RUNNING 
                                (STOPPABLE, NOT_PAUSABLE, ACCEPTS_SHUTDOWN)
        Код_выхода_Win32   : 0  (0x0)
        Код_выхода_службы  : 0  (0x0)
        Контрольная_точка  : 0x0
        Ожидание           : 0x0

Имя_службы: hidserv
Выводимое_имя: Доступ к устройствам HID
        Тип                : 30  WIN32  
        Состояние          : 4  RUNNING 
                                (STOPPABLE, NOT_PAUSABLE, ACCEPTS_SHUTDOWN)
        Код_выхода_Win32   : 0  (0x0)
        Код_выхода_службы  : 0  (0x0)
        Контрольная_точка  : 0x0
        Ожидание           : 0x0

Имя_службы: IKEEXT
Выводимое_имя: Модули ключей IPsec для обмена ключами в Интернете и протокола IP с проверкой подлинности
        Тип                : 30  WIN32  
        Состояние          : 4  RUNNING 
                                (STOPPABLE, NOT_PAUSABLE, ACCEPTS_SHUTDOWN)
        Код_выхода_Win32   : 0  (0x0)
        Код_выхода_службы  : 0  (0x0)
        Контрольная_точка  : 0x0
        Ожидание           : 0x0

Имя_службы: InstallService
Выводимое_имя: Служба установки Microsoft Store
        Тип                : 10  WIN32_OWN_PROCESS  
        Состояние          : 4  RUNNING 
                                (STOPPABLE, NOT_PAUSABLE, IGNORES_SHUTDOWN)
        Код_выхода_Win32   : 0  (0x0)
        Код_выхода_службы  : 0  (0x0)
        Контрольная_точка  : 0x0
        Ожидание           : 0x0

Имя_службы: iphlpsvc
Выводимое_имя: Вспомогательная служба IP
        Тип                : 30  WIN32  
        Состояние          : 4  RUNNING 
                                (STOPPABLE, NOT_PAUSABLE, IGNORES_SHUTDOWN)
        Код_выхода_Win32   : 0  (0x0)
        Код_выхода_службы  : 0  (0x0)
        Контрольная_точка  : 0x0
        Ожидание           : 0x0

Имя_службы: jhi_service
Выводимое_имя: Intel(R) Dynamic Application Loader Host Interface Service
        Тип                : 10  WIN32_OWN_PROCESS  
        Состояние          : 4  RUNNING 
                                (STOPPABLE, NOT_PAUSABLE, IGNORES_SHUTDOWN)
        Код_выхода_Win32   : 0  (0x0)
        Код_выхода_службы  : 0  (0x0)
        Контрольная_точка  : 0x0
        Ожидание           : 0x0

Имя_службы: KeyIso
Выводимое_имя: Изоляция ключей CNG
        Тип                : 20  WIN32_SHARE_PROCESS  
        Состояние          : 4  RUNNING 
                                (STOPPABLE, NOT_PAUSABLE, IGNORES_SHUTDOWN)
        Код_выхода_Win32   : 0  (0x0)
        Код_выхода_службы  : 0  (0x0)
        Контрольная_точка  : 0x0
        Ожидание           : 0x0

Имя_службы: LanmanServer
Выводимое_имя: Сервер
        Тип                : 30  WIN32  
        Состояние          : 4  RUNNING 
                                (STOPPABLE, NOT_PAUSABLE, IGNORES_SHUTDOWN)
        Код_выхода_Win32   : 0  (0x0)
        Код_выхода_службы  : 0  (0x0)
        Контрольная_точка  : 0x0
        Ожидание           : 0x0

Имя_службы: LanmanWorkstation
Выводимое_имя: Рабочая станция
        Тип                : 30  WIN32  
        Состояние          : 4  RUNNING 
                                (STOPPABLE, PAUSABLE, IGNORES_SHUTDOWN)
        Код_выхода_Win32   : 0  (0x0)
        Код_выхода_службы  : 0  (0x0)
        Контрольная_точка  : 0x0
        Ожидание           : 0x0

Имя_службы: lfsvc
Выводимое_имя: Служба географического положения
        Тип                : 30  WIN32  
        Состояние          : 4  RUNNING 
                                (STOPPABLE, NOT_PAUSABLE, IGNORES_SHUTDOWN)
        Код_выхода_Win32   : 0  (0x0)
        Код_выхода_службы  : 0  (0x0)
        Контрольная_точка  : 0x0
        Ожидание           : 0x0

Имя_службы: LicenseManager
Выводимое_имя: Служба Windows License Manager
        Тип                : 30  WIN32  
        Состояние          : 4  RUNNING 
                                (STOPPABLE, NOT_PAUSABLE, IGNORES_SHUTDOWN)
        Код_выхода_Win32   : 0  (0x0)
        Код_выхода_службы  : 0  (0x0)
        Контрольная_точка  : 0x0
        Ожидание           : 0x0

Имя_службы: LightKeeperService
Выводимое_имя: LightKeeperService
        Тип                : 10  WIN32_OWN_PROCESS  
        Состояние          : 4  RUNNING 
                                (STOPPABLE, NOT_PAUSABLE, ACCEPTS_SHUTDOWN)
        Код_выхода_Win32   : 0  (0x0)
        Код_выхода_службы  : 0  (0x0)
        Контрольная_точка  : 0x0
        Ожидание           : 0x0

Имя_службы: lmhosts
Выводимое_имя: Модуль поддержки NetBIOS через TCP/IP
        Тип                : 30  WIN32  
        Состояние          : 4  RUNNING 
                                (STOPPABLE, NOT_PAUSABLE, IGNORES_SHUTDOWN)
        Код_выхода_Win32   : 0  (0x0)
        Код_выхода_службы  : 0  (0x0)
        Контрольная_точка  : 0x0
        Ожидание           : 0x0

Имя_службы: LSM
Выводимое_имя: Диспетчер локальных сеансов
        Тип                : 30  WIN32  
        Состояние          : 4  RUNNING 
                                (NOT_STOPPABLE, NOT_PAUSABLE, IGNORES_SHUTDOWN)
        Код_выхода_Win32   : 0  (0x0)
        Код_выхода_службы  : 0  (0x0)
        Контрольная_точка  : 0x0
        Ожидание           : 0x0

Имя_службы: MDCoreSvc
Выводимое_имя: Основная служба Microsoft Defender
        Тип                : 10  WIN32_OWN_PROCESS  
        Состояние          : 4  RUNNING 
                                (STOPPABLE, NOT_PAUSABLE, ACCEPTS_SHUTDOWN)
        Код_выхода_Win32   : 0  (0x0)
        Код_выхода_службы  : 0  (0x0)
        Контрольная_точка  : 0x0
        Ожидание           : 0x0

Имя_службы: mpssvc
Выводимое_имя: Брандмауэр Защитника Windows
        Тип                : 20  WIN32_SHARE_PROCESS  
        Состояние          : 4  RUNNING 
                                (NOT_STOPPABLE, NOT_PAUSABLE, IGNORES_SHUTDOWN)
        Код_выхода_Win32   : 0  (0x0)
        Код_выхода_службы  : 0  (0x0)
        Контрольная_точка  : 0x0
        Ожидание           : 0x0

Имя_службы: MSI_Case_Service
Выводимое_имя: MSI_Case_Service
        Тип                : 10  WIN32_OWN_PROCESS  
        Состояние          : 4  RUNNING 
                                (STOPPABLE, NOT_PAUSABLE, ACCEPTS_SHUTDOWN)
        Код_выхода_Win32   : 0  (0x0)
        Код_выхода_службы  : 0  (0x0)
        Контрольная_точка  : 0x0
        Ожидание           : 0x0

Имя_службы: MSI_Center_Service
Выводимое_имя: MSI Center Service
        Тип                : 10  WIN32_OWN_PROCESS  
        Состояние          : 4  RUNNING 
                                (STOPPABLE, NOT_PAUSABLE, ACCEPTS_SHUTDOWN)
        Код_выхода_Win32   : 0  (0x0)
        Код_выхода_службы  : 0  (0x0)
        Контрольная_точка  : 0x0
        Ожидание           : 0x0

Имя_службы: MSI_VoiceControl_Service
Выводимое_имя: MSI Voice Control Service
        Тип                : 10  WIN32_OWN_PROCESS  
        Состояние          : 4  RUNNING 
                                (STOPPABLE, NOT_PAUSABLE, ACCEPTS_SHUTDOWN)
        Код_выхода_Win32   : 0  (0x0)
        Код_выхода_службы  : 0  (0x0)
        Контрольная_точка  : 0x0
        Ожидание           : 0x0

Имя_службы: Mystic_Light_Service
Выводимое_имя: Mystic_Light_Service
        Тип                : 10  WIN32_OWN_PROCESS  
        Состояние          : 4  RUNNING 
                                (STOPPABLE, NOT_PAUSABLE, ACCEPTS_SHUTDOWN)
        Код_выхода_Win32   : 0  (0x0)
        Код_выхода_службы  : 0  (0x0)
        Контрольная_точка  : 0x0
        Ожидание           : 0x0

Имя_службы: NcbService
Выводимое_имя: Посредник подключений к сети
        Тип                : 30  WIN32  
        Состояние          : 4  RUNNING 
                                (STOPPABLE, NOT_PAUSABLE, IGNORES_SHUTDOWN)
        Код_выхода_Win32   : 0  (0x0)
        Код_выхода_службы  : 0  (0x0)
        Контрольная_точка  : 0x0
        Ожидание           : 0x0

Имя_службы: NcdAutoSetup
Выводимое_имя: Автоматическая настройка сетевых устройств
        Тип                : 30  WIN32  
        Состояние          : 4  RUNNING 
                                (STOPPABLE, NOT_PAUSABLE, IGNORES_SHUTDOWN)
        Код_выхода_Win32   : 0  (0x0)
        Код_выхода_службы  : 0  (0x0)
        Контрольная_точка  : 0x0
        Ожидание           : 0x0

Имя_службы: netprofm
Выводимое_имя: Служба списка сетей
        Тип                : 30  WIN32  
        Состояние          : 4  RUNNING 
                                (STOPPABLE, NOT_PAUSABLE, IGNORES_SHUTDOWN)
        Код_выхода_Win32   : 0  (0x0)
        Код_выхода_службы  : 0  (0x0)
        Контрольная_точка  : 0x0
        Ожидание           : 0x0

Имя_службы: NlaSvc
Выводимое_имя: Служба сведений о подключенных сетях
        Тип                : 30  WIN32  
        Состояние          : 4  RUNNING 
                                (STOPPABLE, NOT_PAUSABLE, IGNORES_SHUTDOWN)
        Код_выхода_Win32   : 0  (0x0)
        Код_выхода_службы  : 0  (0x0)
        Контрольная_точка  : 0x0
        Ожидание           : 0x0

Имя_службы: nsi
Выводимое_имя: Служба интерфейса сохранения сети
        Тип                : 30  WIN32  
        Состояние          : 4  RUNNING 
                                (STOPPABLE, NOT_PAUSABLE, IGNORES_SHUTDOWN)
        Код_выхода_Win32   : 0  (0x0)
        Код_выхода_службы  : 0  (0x0)
        Контрольная_точка  : 0x0
        Ожидание           : 0x0

Имя_службы: NvContainerLocalSystem
Выводимое_имя: NVIDIA LocalSystem Container
        Тип                : 10  WIN32_OWN_PROCESS  
        Состояние          : 4  RUNNING 
                                (STOPPABLE, NOT_PAUSABLE, ACCEPTS_SHUTDOWN)
        Код_выхода_Win32   : 0  (0x0)
        Код_выхода_службы  : 0  (0x0)
        Контрольная_точка  : 0x0
        Ожидание           : 0x0

Имя_службы: NVDisplay.ContainerLocalSystem
Выводимое_имя: NVIDIA Display Container LS
        Тип                : 10  WIN32_OWN_PROCESS  
        Состояние          : 4  RUNNING 
                                (STOPPABLE, NOT_PAUSABLE, ACCEPTS_SHUTDOWN)
        Код_выхода_Win32   : 0  (0x0)
        Код_выхода_службы  : 0  (0x0)
        Контрольная_точка  : 0x0
        Ожидание           : 0x0

Имя_службы: PcaSvc
Выводимое_имя: Служба помощника по совместимости программ
        Тип                : 30  WIN32  
        Состояние          : 4  RUNNING 
                                (STOPPABLE, NOT_PAUSABLE, ACCEPTS_SHUTDOWN)
        Код_выхода_Win32   : 0  (0x0)
        Код_выхода_службы  : 0  (0x0)
        Контрольная_точка  : 0x0
        Ожидание           : 0x0

Имя_службы: PlugPlay
Выводимое_имя: Plug and Play
        Тип                : 20  WIN32_SHARE_PROCESS  
        Состояние          : 4  RUNNING 
                                (STOPPABLE, NOT_PAUSABLE, ACCEPTS_SHUTDOWN)
        Код_выхода_Win32   : 0  (0x0)
        Код_выхода_службы  : 0  (0x0)
        Контрольная_точка  : 0x0
        Ожидание           : 0x0

Имя_службы: PolicyAgent
Выводимое_имя: Агент политики IPsec
        Тип                : 30  WIN32  
        Состояние          : 4  RUNNING 
                                (STOPPABLE, NOT_PAUSABLE, ACCEPTS_SHUTDOWN)
        Код_выхода_Win32   : 0  (0x0)
        Код_выхода_службы  : 0  (0x0)
        Контрольная_точка  : 0x0
        Ожидание           : 0x0

Имя_службы: Power
Выводимое_имя: Питание
        Тип                : 20  WIN32_SHARE_PROCESS  
        Состояние          : 4  RUNNING 
                                (NOT_STOPPABLE, NOT_PAUSABLE, IGNORES_SHUTDOWN)
        Код_выхода_Win32   : 0  (0x0)
        Код_выхода_службы  : 0  (0x0)
        Контрольная_точка  : 0x0
        Ожидание           : 0x0

Имя_службы: ProfSvc
Выводимое_имя: Служба профилей пользователей
        Тип                : 30  WIN32  
        Состояние          : 4  RUNNING 
                                (STOPPABLE, NOT_PAUSABLE, ACCEPTS_SHUTDOWN)
        Код_выхода_Win32   : 0  (0x0)
        Код_выхода_службы  : 0  (0x0)
        Контрольная_точка  : 0x0
        Ожидание           : 0x0

Имя_службы: QWAVE
Выводимое_имя: Quality Windows Audio Video Experience
        Тип                : 30  WIN32  
        Состояние          : 4  RUNNING 
                                (STOPPABLE, NOT_PAUSABLE, ACCEPTS_SHUTDOWN)
        Код_выхода_Win32   : 0  (0x0)
        Код_выхода_службы  : 0  (0x0)
        Контрольная_точка  : 0x0
        Ожидание           : 0x0

Имя_службы: RasMan
Выводимое_имя: Диспетчер подключений удаленного доступа
        Тип                : 20  WIN32_SHARE_PROCESS  
        Состояние          : 4  RUNNING 
                                (STOPPABLE, NOT_PAUSABLE, ACCEPTS_SHUTDOWN)
        Код_выхода_Win32   : 0  (0x0)
        Код_выхода_службы  : 0  (0x0)
        Контрольная_точка  : 0x0
        Ожидание           : 0x0

Имя_службы: RmSvc
Выводимое_имя: Служба управления радио
        Тип                : 30  WIN32  
        Состояние          : 4  RUNNING 
                                (STOPPABLE, NOT_PAUSABLE, IGNORES_SHUTDOWN)
        Код_выхода_Win32   : 0  (0x0)
        Код_выхода_службы  : 0  (0x0)
        Контрольная_точка  : 0x0
        Ожидание           : 0x0

Имя_службы: RpcEptMapper
Выводимое_имя: Сопоставитель конечных точек RPC
        Тип                : 20  WIN32_SHARE_PROCESS  
        Состояние          : 4  RUNNING 
                                (NOT_STOPPABLE, NOT_PAUSABLE, IGNORES_SHUTDOWN)
        Код_выхода_Win32   : 0  (0x0)
        Код_выхода_службы  : 0  (0x0)
        Контрольная_точка  : 0x0
        Ожидание           : 0x0

Имя_службы: RpcSs
Выводимое_имя: Удаленный вызов процедур (RPC)
        Тип                : 20  WIN32_SHARE_PROCESS  
        Состояние          : 4  RUNNING 
                                (NOT_STOPPABLE, NOT_PAUSABLE, IGNORES_SHUTDOWN)
        Код_выхода_Win32   : 0  (0x0)
        Код_выхода_службы  : 0  (0x0)
        Контрольная_точка  : 0x0
        Ожидание           : 0x0

Имя_службы: RtkAudioUniversalService
Выводимое_имя: Realtek Audio Universal Service
        Тип                : 10  WIN32_OWN_PROCESS  
        Состояние          : 4  RUNNING 
                                (STOPPABLE, NOT_PAUSABLE, ACCEPTS_SHUTDOWN)
        Код_выхода_Win32   : 0  (0x0)
        Код_выхода_службы  : 0  (0x0)
        Контрольная_точка  : 0x0
        Ожидание           : 0x0

Имя_службы: SamSs
Выводимое_имя: Диспетчер учетных записей безопасности
        Тип                : 20  WIN32_SHARE_PROCESS  
        Состояние          : 4  RUNNING 
                                (NOT_STOPPABLE, NOT_PAUSABLE, IGNORES_SHUTDOWN)
        Код_выхода_Win32   : 0  (0x0)
        Код_выхода_службы  : 0  (0x0)
        Контрольная_точка  : 0x0
        Ожидание           : 0x0

Имя_службы: Schedule
Выводимое_имя: Планировщик задач
        Тип                : 30  WIN32  
        Состояние          : 4  RUNNING 
                                (STOPPABLE, NOT_PAUSABLE, ACCEPTS_SHUTDOWN)
        Код_выхода_Win32   : 0  (0x0)
        Код_выхода_службы  : 0  (0x0)
        Контрольная_точка  : 0x0
        Ожидание           : 0x0

Имя_службы: SecurityHealthService
Выводимое_имя: Служба "Безопасность Windows"
        Тип                : 10  WIN32_OWN_PROCESS  
        Состояние          : 4  RUNNING 
                                (NOT_STOPPABLE, NOT_PAUSABLE, ACCEPTS_PRESHUTDOWN)
        Код_выхода_Win32   : 0  (0x0)
        Код_выхода_службы  : 0  (0x0)
        Контрольная_точка  : 0x0
        Ожидание           : 0x0

Имя_службы: SENS
Выводимое_имя: Служба уведомления о системных событиях
        Тип                : 30  WIN32  
        Состояние          : 4  RUNNING 
                                (STOPPABLE, NOT_PAUSABLE, IGNORES_SHUTDOWN)
        Код_выхода_Win32   : 0  (0x0)
        Код_выхода_службы  : 0  (0x0)
        Контрольная_точка  : 0x0
        Ожидание           : 0x0

Имя_службы: SessionEnv
Выводимое_имя: Настройка сервера удаленных рабочих столов
        Тип                : 30  WIN32  
        Состояние          : 4  RUNNING 
                                (STOPPABLE, NOT_PAUSABLE, IGNORES_SHUTDOWN)
        Код_выхода_Win32   : 0  (0x0)
        Код_выхода_службы  : 0  (0x0)
        Контрольная_точка  : 0x0
        Ожидание           : 0x0

Имя_службы: SgrmBroker
Выводимое_имя: Брокер мониторинга среды выполнения System Guard
        Тип                : 10  WIN32_OWN_PROCESS  
        Состояние          : 4  RUNNING 
                                (NOT_STOPPABLE, NOT_PAUSABLE, ACCEPTS_SHUTDOWN)
        Код_выхода_Win32   : 0  (0x0)
        Код_выхода_службы  : 0  (0x0)
        Контрольная_точка  : 0x0
        Ожидание           : 0x0

Имя_службы: ShellHWDetection
Выводимое_имя: Определение оборудования оболочки
        Тип                : 30  WIN32  
        Состояние          : 4  RUNNING 
                                (STOPPABLE, NOT_PAUSABLE, IGNORES_SHUTDOWN)
        Код_выхода_Win32   : 0  (0x0)
        Код_выхода_службы  : 0  (0x0)
        Контрольная_точка  : 0x0
        Ожидание           : 0x0

Имя_службы: Spooler
Выводимое_имя: Диспетчер печати
        Тип                : 110  WIN32_OWN_PROCESS  (interactive)
        Состояние          : 4  RUNNING 
                                (STOPPABLE, NOT_PAUSABLE, IGNORES_SHUTDOWN)
        Код_выхода_Win32   : 0  (0x0)
        Код_выхода_службы  : 0  (0x0)
        Контрольная_точка  : 0x0
        Ожидание           : 0x0

Имя_службы: SSDPSRV
Выводимое_имя: Обнаружение SSDP
        Тип                : 30  WIN32  
        Состояние          : 4  RUNNING 
                                (STOPPABLE, NOT_PAUSABLE, ACCEPTS_SHUTDOWN)
        Код_выхода_Win32   : 0  (0x0)
        Код_выхода_службы  : 0  (0x0)
        Контрольная_точка  : 0x0
        Ожидание           : 0x0

Имя_службы: SstpSvc
Выводимое_имя: Служба SSTP
        Тип                : 30  WIN32  
        Состояние          : 4  RUNNING 
                                (STOPPABLE, NOT_PAUSABLE, ACCEPTS_SHUTDOWN)
        Код_выхода_Win32   : 0  (0x0)
        Код_выхода_службы  : 0  (0x0)
        Контрольная_точка  : 0x0
        Ожидание           : 0x0

Имя_службы: StarWindServiceAE
Выводимое_имя: StarWind AE Service
        Тип                : 10  WIN32_OWN_PROCESS  
        Состояние          : 4  RUNNING 
                                (STOPPABLE, NOT_PAUSABLE, ACCEPTS_SHUTDOWN)
        Код_выхода_Win32   : 0  (0x0)
        Код_выхода_службы  : 0  (0x0)
        Контрольная_точка  : 0x0
        Ожидание           : 0x0

Имя_службы: StateRepository
Выводимое_имя: Служба репозитория состояний
        Тип                : 30  WIN32  
        Состояние          : 4  RUNNING 
                                (STOPPABLE, NOT_PAUSABLE, ACCEPTS_SHUTDOWN)
        Код_выхода_Win32   : 0  (0x0)
        Код_выхода_службы  : 0  (0x0)
        Контрольная_точка  : 0x0
        Ожидание           : 0x0

Имя_службы: StiSvc
Выводимое_имя: Служба загрузки изображений Windows (WIA)
        Тип                : 10  WIN32_OWN_PROCESS  
        Состояние          : 4  RUNNING 
                                (STOPPABLE, PAUSABLE, ACCEPTS_SHUTDOWN)
        Код_выхода_Win32   : 0  (0x0)
        Код_выхода_службы  : 0  (0x0)
        Контрольная_точка  : 0x0
        Ожидание           : 0x0

Имя_службы: StorSvc
Выводимое_имя: Служба хранилища
        Тип                : 30  WIN32  
        Состояние          : 4  RUNNING 
                                (STOPPABLE, NOT_PAUSABLE, IGNORES_SHUTDOWN)
        Код_выхода_Win32   : 0  (0x0)
        Код_выхода_службы  : 0  (0x0)
        Контрольная_точка  : 0x0
        Ожидание           : 0x0

Имя_службы: SysMain
Выводимое_имя: SysMain
        Тип                : 30  WIN32  
        Состояние          : 4  RUNNING 
                                (STOPPABLE, NOT_PAUSABLE, ACCEPTS_SHUTDOWN)
        Код_выхода_Win32   : 0  (0x0)
        Код_выхода_службы  : 0  (0x0)
        Контрольная_точка  : 0x0
        Ожидание           : 0x0

Имя_службы: SystemEventsBroker
Выводимое_имя: Брокер системных событий
        Тип                : 20  WIN32_SHARE_PROCESS  
        Состояние          : 4  RUNNING 
                                (STOPPABLE, NOT_PAUSABLE, IGNORES_SHUTDOWN)
        Код_выхода_Win32   : 0  (0x0)
        Код_выхода_службы  : 0  (0x0)
        Контрольная_точка  : 0x0
        Ожидание           : 0x0

Имя_службы: TabletInputService
Выводимое_имя: Служба сенсорной клавиатуры и панели рукописного ввода
        Тип                : 30  WIN32  
        Состояние          : 4  RUNNING 
                                (NOT_STOPPABLE, NOT_PAUSABLE, IGNORES_SHUTDOWN)
        Код_выхода_Win32   : 0  (0x0)
        Код_выхода_службы  : 0  (0x0)
        Контрольная_точка  : 0x0
        Ожидание           : 0x0

Имя_службы: Themes
Выводимое_имя: Темы
        Тип                : 30  WIN32  
        Состояние          : 4  RUNNING 
                                (STOPPABLE, NOT_PAUSABLE, IGNORES_SHUTDOWN)
        Код_выхода_Win32   : 0  (0x0)
        Код_выхода_службы  : 0  (0x0)
        Контрольная_точка  : 0x0
        Ожидание           : 0x0

Имя_службы: TimeBrokerSvc
Выводимое_имя: Брокер времени
        Тип                : 30  WIN32  
        Состояние          : 4  RUNNING 
                                (STOPPABLE, NOT_PAUSABLE, IGNORES_SHUTDOWN)
        Код_выхода_Win32   : 0  (0x0)
        Код_выхода_службы  : 0  (0x0)
        Контрольная_точка  : 0x0
        Ожидание           : 0x0

Имя_службы: TokenBroker
Выводимое_имя: Диспетчер учетных веб-записей
        Тип                : 30  WIN32  
        Состояние          : 4  RUNNING 
                                (STOPPABLE, NOT_PAUSABLE, IGNORES_SHUTDOWN)
        Код_выхода_Win32   : 0  (0x0)
        Код_выхода_службы  : 0  (0x0)
        Контрольная_точка  : 0x0
        Ожидание           : 0x0

Имя_службы: TrkWks
Выводимое_имя: Клиент отслеживания изменившихся связей
        Тип                : 30  WIN32  
        Состояние          : 4  RUNNING 
                                (STOPPABLE, NOT_PAUSABLE, ACCEPTS_SHUTDOWN)
        Код_выхода_Win32   : 0  (0x0)
        Код_выхода_службы  : 0  (0x0)
        Контрольная_точка  : 0x0
        Ожидание           : 0x0

Имя_службы: uhssvc
Выводимое_имя: Microsoft Update Health Service
        Тип                : 10  WIN32_OWN_PROCESS  
        Состояние          : 4  RUNNING 
                                (STOPPABLE, NOT_PAUSABLE, ACCEPTS_SHUTDOWN)
        Код_выхода_Win32   : 0  (0x0)
        Код_выхода_службы  : 0  (0x0)
        Контрольная_точка  : 0x0
        Ожидание           : 0x0

Имя_службы: UserManager
Выводимое_имя: Диспетчер пользователей
        Тип                : 30  WIN32  
        Состояние          : 4  RUNNING 
                                (STOPPABLE, NOT_PAUSABLE, IGNORES_SHUTDOWN)
        Код_выхода_Win32   : 0  (0x0)
        Код_выхода_службы  : 0  (0x0)
        Контрольная_точка  : 0x0
        Ожидание           : 0x0

Имя_службы: UsoSvc
Выводимое_имя: Служба оркестратора обновлений
        Тип                : 30  WIN32  
        Состояние          : 4  RUNNING 
                                (STOPPABLE, NOT_PAUSABLE, ACCEPTS_SHUTDOWN)
        Код_выхода_Win32   : 0  (0x0)
        Код_выхода_службы  : 0  (0x0)
        Контрольная_точка  : 0x0
        Ожидание           : 0x0

Имя_службы: VaultSvc
Выводимое_имя: Диспетчер учетных данных
        Тип                : 20  WIN32_SHARE_PROCESS  
        Состояние          : 4  RUNNING 
                                (STOPPABLE, NOT_PAUSABLE, ACCEPTS_SHUTDOWN)
        Код_выхода_Win32   : 0  (0x0)
        Код_выхода_службы  : 0  (0x0)
        Контрольная_точка  : 0x0
        Ожидание           : 0x0

Имя_службы: VirtualDesktop.Service.exe
Выводимое_имя: Virtual Desktop Service
        Тип                : 10  WIN32_OWN_PROCESS  
        Состояние          : 4  RUNNING 
                                (STOPPABLE, NOT_PAUSABLE, ACCEPTS_SHUTDOWN)
        Код_выхода_Win32   : 0  (0x0)
        Код_выхода_службы  : 0  (0x0)
        Контрольная_точка  : 0x0
        Ожидание           : 0x0

Имя_службы: WbioSrvc
Выводимое_имя: Биометрическая служба Windows
        Тип                : 30  WIN32  
        Состояние          : 4  RUNNING 
                                (STOPPABLE, NOT_PAUSABLE, ACCEPTS_PRESHUTDOWN)
        Код_выхода_Win32   : 0  (0x0)
        Код_выхода_службы  : 0  (0x0)
        Контрольная_точка  : 0x0
        Ожидание           : 0x0

Имя_службы: Wcmsvc
Выводимое_имя: Диспетчер подключений Windows
        Тип                : 10  WIN32_OWN_PROCESS  
        Состояние          : 4  RUNNING 
                                (STOPPABLE, NOT_PAUSABLE, ACCEPTS_SHUTDOWN)
        Код_выхода_Win32   : 0  (0x0)
        Код_выхода_службы  : 0  (0x0)
        Контрольная_точка  : 0x0
        Ожидание           : 0x0

Имя_службы: WdiServiceHost
Выводимое_имя: Узел службы диагностики
        Тип                : 30  WIN32  
        Состояние          : 4  RUNNING 
                                (STOPPABLE, NOT_PAUSABLE, ACCEPTS_SHUTDOWN)
        Код_выхода_Win32   : 0  (0x0)
        Код_выхода_службы  : 0  (0x0)
        Контрольная_точка  : 0x0
        Ожидание           : 0x0

Имя_службы: WdNisSvc
Выводимое_имя: Служба проверки сети антивирусной программы Microsoft Defender
        Тип                : 10  WIN32_OWN_PROCESS  
        Состояние          : 4  RUNNING 
                                (STOPPABLE, NOT_PAUSABLE, IGNORES_SHUTDOWN)
        Код_выхода_Win32   : 0  (0x0)
        Код_выхода_службы  : 0  (0x0)
        Контрольная_точка  : 0x0
        Ожидание           : 0x0

Имя_службы: WinDefend
Выводимое_имя: Служба антивирусной программы Microsoft Defender
        Тип                : 10  WIN32_OWN_PROCESS  
        Состояние          : 4  RUNNING 
                                (NOT_STOPPABLE, NOT_PAUSABLE, ACCEPTS_SHUTDOWN)
        Код_выхода_Win32   : 0  (0x0)
        Код_выхода_службы  : 0  (0x0)
        Контрольная_точка  : 0x0
        Ожидание           : 0x0

Имя_службы: WinHttpAutoProxySvc
Выводимое_имя: Служба автоматического обнаружения веб-прокси WinHTTP
        Тип                : 30  WIN32  
        Состояние          : 4  RUNNING 
                                (NOT_STOPPABLE, NOT_PAUSABLE, ACCEPTS_SHUTDOWN)
        Код_выхода_Win32   : 0  (0x0)
        Код_выхода_службы  : 0  (0x0)
        Контрольная_точка  : 0x0
        Ожидание           : 0x0

Имя_службы: Winmgmt
Выводимое_имя: Инструментарий управления Windows
        Тип                : 30  WIN32  
        Состояние          : 4  RUNNING 
                                (STOPPABLE, PAUSABLE, ACCEPTS_SHUTDOWN)
        Код_выхода_Win32   : 0  (0x0)
        Код_выхода_службы  : 0  (0x0)
        Контрольная_точка  : 0x0
        Ожидание           : 0x0

Имя_службы: WlanSvc
Выводимое_имя: Служба автонастройки WLAN
        Тип                : 10  WIN32_OWN_PROCESS  
        Состояние          : 4  RUNNING 
                                (STOPPABLE, NOT_PAUSABLE, ACCEPTS_SHUTDOWN)
        Код_выхода_Win32   : 0  (0x0)
        Код_выхода_службы  : 0  (0x0)
        Контрольная_точка  : 0x0
        Ожидание           : 0x0

Имя_службы: WMIRegistrationService
Выводимое_имя: Intel(R) Management Engine WMI Provider Registration
        Тип                : 10  WIN32_OWN_PROCESS  
        Состояние          : 4  RUNNING 
                                (STOPPABLE, NOT_PAUSABLE, IGNORES_SHUTDOWN)
        Код_выхода_Win32   : 0  (0x0)
        Код_выхода_службы  : 0  (0x0)
        Контрольная_точка  : 0x0
        Ожидание           : 0x0

Имя_службы: WpnService
Выводимое_имя: Служба системы push-уведомлений Windows
        Тип                : 30  WIN32  
        Состояние          : 4  RUNNING 
                                (STOPPABLE, NOT_PAUSABLE, IGNORES_SHUTDOWN)
        Код_выхода_Win32   : 0  (0x0)
        Код_выхода_службы  : 0  (0x0)
        Контрольная_точка  : 0x0
        Ожидание           : 0x0

Имя_службы: wscsvc
Выводимое_имя: Центр обеспечения безопасности
        Тип                : 30  WIN32  
        Состояние          : 4  RUNNING 
                                (STOPPABLE, NOT_PAUSABLE, ACCEPTS_SHUTDOWN)
        Код_выхода_Win32   : 0  (0x0)
        Код_выхода_службы  : 0  (0x0)
        Контрольная_точка  : 0x0
        Ожидание           : 0x0

Имя_службы: WSearch
Выводимое_имя: Windows Search
        Тип                : 10  WIN32_OWN_PROCESS  
        Состояние          : 4  RUNNING 
                                (STOPPABLE, NOT_PAUSABLE, ACCEPTS_SHUTDOWN)
        Код_выхода_Win32   : 0  (0x0)
        Код_выхода_службы  : 0  (0x0)
        Контрольная_точка  : 0x0
        Ожидание           : 0x0

Имя_службы: YandexBrowserService
Выводимое_имя: Yandex.Browser Update Service
        Тип                : 10  WIN32_OWN_PROCESS  
        Состояние          : 4  RUNNING 
                                (STOPPABLE, NOT_PAUSABLE, ACCEPTS_SHUTDOWN)
        Код_выхода_Win32   : 0  (0x0)
        Код_выхода_службы  : 0  (0x0)
        Контрольная_точка  : 0x0
        Ожидание           : 0x0

Имя_службы: BluetoothUserService_564f823
Выводимое_имя: Служба поддержки пользователей Bluetooth_564f823
        Тип                : f0   ERROR  
        Состояние          : 4  RUNNING 
                                (STOPPABLE, NOT_PAUSABLE, IGNORES_SHUTDOWN)
        Код_выхода_Win32   : 0  (0x0)
        Код_выхода_службы  : 0  (0x0)
        Контрольная_точка  : 0x0
        Ожидание           : 0x0

Имя_службы: cbdhsvc_564f823
Выводимое_имя: Пользовательская служба буфера обмена_564f823
        Тип                : f0   ERROR  
        Состояние          : 4  RUNNING 
                                (STOPPABLE, NOT_PAUSABLE, IGNORES_SHUTDOWN)
        Код_выхода_Win32   : 0  (0x0)
        Код_выхода_службы  : 0  (0x0)
        Контрольная_точка  : 0x0
        Ожидание           : 0x0

Имя_службы: CDPUserSvc_564f823
Выводимое_имя: Служба пользователя платформы подключенных устройств_564f823
        Тип                : f0   ERROR  
        Состояние          : 4  RUNNING 
                                (STOPPABLE, NOT_PAUSABLE, IGNORES_SHUTDOWN)
        Код_выхода_Win32   : 0  (0x0)
        Код_выхода_службы  : 0  (0x0)
        Контрольная_точка  : 0x0
        Ожидание           : 0x0

Имя_службы: OneSyncSvc_564f823
Выводимое_имя: Синхронизация узла_564f823
        Тип                : e0  USER_SHARE_PROCESS INSTANCE  
        Состояние          : 4  RUNNING 
                                (STOPPABLE, NOT_PAUSABLE, IGNORES_SHUTDOWN)
        Код_выхода_Win32   : 0  (0x0)
        Код_выхода_службы  : 0  (0x0)
        Контрольная_точка  : 0x0
        Ожидание           : 0x0

Имя_службы: UdkUserSvc_564f823
Выводимое_имя: Пользовательская служба UDK_564f823
        Тип                : f0   ERROR  
        Состояние          : 4  RUNNING 
                                (STOPPABLE, NOT_PAUSABLE, IGNORES_SHUTDOWN)
        Код_выхода_Win32   : 0  (0x0)
        Код_выхода_службы  : 0  (0x0)
        Контрольная_точка  : 0x0
        Ожидание           : 0x0

Имя_службы: WpnUserService_564f823
Выводимое_имя: Пользовательская служба push-уведомлений Windows_564f823
        Тип                : f0   ERROR  
        Состояние          : 4  RUNNING 
                                (STOPPABLE, NOT_PAUSABLE, ACCEPTS_PRESHUTDOWN)
        Код_выхода_Win32   : 0  (0x0)
        Код_выхода_службы  : 0  (0x0)
        Контрольная_точка  : 0x0
        Ожидание           : 0x0

Имя_службы: zapret
Выводимое_имя: Zapret DPI bypass : zapret
        Тип                : 10  WIN32_OWN_PROCESS  
        Состояние          : 4  RUNNING 
                                (STOPPABLE, NOT_PAUSABLE, ACCEPTS_SHUTDOWN)
        Код_выхода_Win32   : 0  (0x0)
        Код_выхода_службы  : 0  (0x0)
        Контрольная_точка  : 0x0
        Ожидание           : 0x0
