* checking system
CYGWIN detected
firewall type is windivert
* checking prerequisites
* checking DNS
system DNS is working
comparing system resolver to public DNS : 8.8.8.8
pornhub.com : OK
ntc.party : MISMATCH
-- system resolver :
130.255.77.28
-- 8.8.8.8 :
78.29.1.40
78.29.1.40
-- POSSIBLE DNS HIJACK DETECTED. ZAPRET WILL NOT HELP YOU IN CASE DNS IS SPOOFED !!!
-- DNS CHANGE OR DNSCRYPT MAY BE REQUIRED
* checking virtualization
cannot detect

NOTE ! this test should be run with zapret or any other bypass software disabled, without VPN

specify domain(s) to test. multiple domains are space separated.
domain(s) (default: rutracker.org) : ip protocol version(s) - 4, 6 or 46 for both (default: 4) : 
check http (default : Y) (Y/N) ? 
check https tls 1.2 (default : Y) (Y/N) ? 
TLS 1.3 uses encrypted ServerHello. DPI cannot check domain name in server response.
This can allow more bypass strategies to work.
What works for TLS 1.2 will also work for TLS 1.3 but not vice versa.
Most sites nowadays support TLS 1.3 but not all. If you can't find a strategy for TLS 1.2 use this test.
TLS 1.3 only strategy is better than nothing.
check https tls 1.3 (default : N) (Y/N) ? 
make sure target domain(s) support QUIC or result will be negative in any case
check http3 QUIC (default : Y) (Y/N) ? 
on limited systems like openwrt CA certificates might not be installed to preserve space
in such a case curl cannot verify server certificate and you should either install ca-bundle or disable verification
however disabling verification will break https check if ISP does MitM attack and substitutes server certificate
do not verify server certificate (default : N) (Y/N) ? 
sometimes ISPs use multiple DPIs or load balancing. bypass strategies may work unstable.
how many times to repeat each test (default: 1) : 
quick - scan as fast as possible to reveal any working strategy
standard - do investigation what works on your DPI
force - scan maximum despite of result
1 : quick
2 : standard
3 : force
your choice (default : standard) : selected : standard


* port block tests ipv4 rr1---sn-n8v7znlk.googlevideo.com:443
nc -z -w 2 173.194.178.83 443
Connection to 173.194.178.83 443 port [tcp/https] succeeded!
173.194.178.83 connects

* curl_test_https_tls13 ipv4 rr1---sn-n8v7znlk.googlevideo.com
- checking without DPI bypass
curl: (28) Connection timed out after 2001 milliseconds
UNAVAILABLE code=28

- IP block tests (requires manual interpretation)
> testing iana.org on it's original ip
!!!!! AVAILABLE !!!!!
> testing rr1---sn-n8v7znlk.googlevideo.com on 192.0.43.8 (iana.org)
curl: (60) SSL: no alternative certificate subject name matches target hostname 'rr1---sn-n8v7znlk.googlevideo.com'
More details here: https://curl.se/docs/sslcerts.html

curl failed to verify the legitimacy of the server and therefore could not
establish a secure connection to it. To learn more about this situation and
how to fix it, please visit the webpage mentioned above.
> testing iana.org on 173.194.178.83 (rr1---sn-n8v7znlk.googlevideo.com)
curl: (28) Connection timed out after 2001 milliseconds

preparing winws redirection
- checking winws --wf-l3=ipv4 --wf-tcp=443 --dpi-desync=split2
!!!!! AVAILABLE !!!!!
- checking winws --wf-l3=ipv4 --wf-tcp=443 --dpi-desync=disorder2
curl: (28) Connection timed out after 2002 milliseconds
UNAVAILABLE code=28
- checking winws --wf-l3=ipv4 --wf-tcp=443 --dpi-desync=disorder2 --dpi-desync-split-pos=1
curl: (28) Connection timed out after 2002 milliseconds
UNAVAILABLE code=28
- checking winws --wf-l3=ipv4 --wf-tcp=443 --dpi-desync=fake --dpi-desync-ttl=1
curl: (28) Connection timed out after 2002 milliseconds
UNAVAILABLE code=28
- checking winws --wf-l3=ipv4 --wf-tcp=443 --dpi-desync=fake --dpi-desync-ttl=1 --dpi-desync-fake-tls=0x00000000
curl: (28) Connection timed out after 2001 milliseconds
UNAVAILABLE code=28
- checking winws --wf-l3=ipv4 --wf-tcp=443 --dpi-desync=fake --dpi-desync-ttl=2
curl: (28) Connection timed out after 2002 milliseconds
UNAVAILABLE code=28
- checking winws --wf-l3=ipv4 --wf-tcp=443 --dpi-desync=fake --dpi-desync-ttl=2 --dpi-desync-fake-tls=0x00000000
curl: (28) Connection timed out after 2001 milliseconds
UNAVAILABLE code=28
- checking winws --wf-l3=ipv4 --wf-tcp=443 --dpi-desync=fake --dpi-desync-ttl=3
curl: (28) Connection timed out after 2002 milliseconds
UNAVAILABLE code=28
- checking winws --wf-l3=ipv4 --wf-tcp=443 --dpi-desync=fake --dpi-desync-ttl=3 --dpi-desync-fake-tls=0x00000000
curl: (28) Connection timed out after 2001 milliseconds
UNAVAILABLE code=28
- checking winws --wf-l3=ipv4 --wf-tcp=443 --dpi-desync=fake --dpi-desync-ttl=4
curl: (28) Connection timed out after 2001 milliseconds
UNAVAILABLE code=28
- checking winws --wf-l3=ipv4 --wf-tcp=443 --dpi-desync=fake --dpi-desync-ttl=4 --dpi-desync-fake-tls=0x00000000
curl: (28) Connection timed out after 2001 milliseconds
UNAVAILABLE code=28
- checking winws --wf-l3=ipv4 --wf-tcp=443 --dpi-desync=fake --dpi-desync-ttl=5
curl: (28) Connection timed out after 2002 milliseconds
UNAVAILABLE code=28
- checking winws --wf-l3=ipv4 --wf-tcp=443 --dpi-desync=fake --dpi-desync-ttl=5 --dpi-desync-fake-tls=0x00000000
curl: (28) Connection timed out after 2002 milliseconds
UNAVAILABLE code=28
- checking winws --wf-l3=ipv4 --wf-tcp=443 --dpi-desync=fake --dpi-desync-ttl=6
curl: (28) Connection timed out after 2002 milliseconds
UNAVAILABLE code=28
- checking winws --wf-l3=ipv4 --wf-tcp=443 --dpi-desync=fake --dpi-desync-ttl=6 --dpi-desync-fake-tls=0x00000000
curl: (28) Connection timed out after 2000 milliseconds
UNAVAILABLE code=28
- checking winws --wf-l3=ipv4 --wf-tcp=443 --dpi-desync=fake --dpi-desync-ttl=7
curl: (28) Connection timed out after 2002 milliseconds
UNAVAILABLE code=28
- checking winws --wf-l3=ipv4 --wf-tcp=443 --dpi-desync=fake --dpi-desync-ttl=7 --dpi-desync-fake-tls=0x00000000
curl: (28) Connection timed out after 2002 milliseconds
UNAVAILABLE code=28
- checking winws --wf-l3=ipv4 --wf-tcp=443 --dpi-desync=fake --dpi-desync-ttl=8
curl: (28) Connection timed out after 2002 milliseconds
UNAVAILABLE code=28
- checking winws --wf-l3=ipv4 --wf-tcp=443 --dpi-desync=fake --dpi-desync-ttl=8 --dpi-desync-fake-tls=0x00000000
curl: (28) Connection timed out after 2002 milliseconds
UNAVAILABLE code=28
- checking winws --wf-l3=ipv4 --wf-tcp=443 --dpi-desync=fake --dpi-desync-ttl=9
curl: (28) Connection timed out after 2001 milliseconds
UNAVAILABLE code=28
- checking winws --wf-l3=ipv4 --wf-tcp=443 --dpi-desync=fake --dpi-desync-ttl=9 --dpi-desync-fake-tls=0x00000000
curl: (28) Connection timed out after 2001 milliseconds
UNAVAILABLE code=28
- checking winws --wf-l3=ipv4 --wf-tcp=443 --dpi-desync=fake --dpi-desync-ttl=10
curl: (28) Connection timed out after 2000 milliseconds
UNAVAILABLE code=28
- checking winws --wf-l3=ipv4 --wf-tcp=443 --dpi-desync=fake --dpi-desync-ttl=10 --dpi-desync-fake-tls=0x00000000
curl: (35) OpenSSL/3.3.1: error:0A00042E:SSL routines::tlsv1 alert protocol version
UNAVAILABLE code=35
- checking winws --wf-l3=ipv4 --wf-tcp=443 --dpi-desync=fake --dpi-desync-ttl=11
curl: (28) Connection timed out after 2001 milliseconds
UNAVAILABLE code=28
- checking winws --wf-l3=ipv4 --wf-tcp=443 --dpi-desync=fake --dpi-desync-ttl=11 --dpi-desync-fake-tls=0x00000000
curl: (28) Connection timed out after 2001 milliseconds
UNAVAILABLE code=28
- checking winws --wf-l3=ipv4 --wf-tcp=443 --dpi-desync=fake --dpi-desync-ttl=12
curl: (28) Connection timed out after 2001 milliseconds
UNAVAILABLE code=28
- checking winws --wf-l3=ipv4 --wf-tcp=443 --dpi-desync=fake --dpi-desync-ttl=12 --dpi-desync-fake-tls=0x00000000
curl: (28) Connection timed out after 2001 milliseconds
UNAVAILABLE code=28
- checking winws --wf-l3=ipv4 --wf-tcp=443 --dpi-desync=fake --dpi-desync-fooling=badsum
curl: (28) Connection timed out after 2001 milliseconds
UNAVAILABLE code=28
- checking winws --wf-l3=ipv4 --wf-tcp=443 --dpi-desync=fake --dpi-desync-fooling=badsum --dpi-desync-fake-tls=0x00000000
curl: (28) Connection timed out after 2002 milliseconds
UNAVAILABLE code=28
- checking winws --wf-l3=ipv4 --wf-tcp=443 --dpi-desync=fake --dpi-desync-fooling=badseq
curl: (28) Connection timed out after 2002 milliseconds
UNAVAILABLE code=28
- checking winws --wf-l3=ipv4 --wf-tcp=443 --dpi-desync=fake --dpi-desync-fooling=badseq --dpi-desync-fake-tls=0x00000000
curl: (28) Connection timed out after 2001 milliseconds
UNAVAILABLE code=28
- checking winws --wf-l3=ipv4 --wf-tcp=443 --dpi-desync=fake --dpi-desync-fooling=datanoack
curl: (28) Connection timed out after 2002 milliseconds
UNAVAILABLE code=28
- checking winws --wf-l3=ipv4 --wf-tcp=443 --dpi-desync=fake --dpi-desync-fooling=datanoack --dpi-desync-fake-tls=0x00000000
curl: (28) Connection timed out after 2002 milliseconds
UNAVAILABLE code=28
- checking winws --wf-l3=ipv4 --wf-tcp=443 --dpi-desync=fake --dpi-desync-fooling=md5sig
curl: (28) Connection timed out after 2002 milliseconds
UNAVAILABLE code=28
- checking winws --wf-l3=ipv4 --wf-tcp=443 --dpi-desync=fake --dpi-desync-fooling=md5sig --dpi-desync-fake-tls=0x00000000
curl: (28) Connection timed out after 2001 milliseconds
UNAVAILABLE code=28
- checking winws --wf-l3=ipv4 --wf-tcp=443 --dpi-desync=disorder --dpi-desync-ttl=1
curl: (28) Connection timed out after 2002 milliseconds
UNAVAILABLE code=28
- checking winws --wf-l3=ipv4 --wf-tcp=443 --dpi-desync=disorder --dpi-desync-ttl=2
curl: (28) Connection timed out after 2001 milliseconds
UNAVAILABLE code=28
- checking winws --wf-l3=ipv4 --wf-tcp=443 --dpi-desync=disorder --dpi-desync-ttl=3
curl: (28) Connection timed out after 2000 milliseconds
UNAVAILABLE code=28
- checking winws --wf-l3=ipv4 --wf-tcp=443 --dpi-desync=disorder --dpi-desync-ttl=4
curl: (28) Connection timed out after 2002 milliseconds
UNAVAILABLE code=28
- checking winws --wf-l3=ipv4 --wf-tcp=443 --dpi-desync=disorder --dpi-desync-ttl=5
curl: (28) Connection timed out after 2001 milliseconds
UNAVAILABLE code=28
- checking winws --wf-l3=ipv4 --wf-tcp=443 --dpi-desync=disorder --dpi-desync-ttl=6
curl: (28) Connection timed out after 2001 milliseconds
UNAVAILABLE code=28
- checking winws --wf-l3=ipv4 --wf-tcp=443 --dpi-desync=disorder --dpi-desync-ttl=7
curl: (28) Connection timed out after 2002 milliseconds
UNAVAILABLE code=28
- checking winws --wf-l3=ipv4 --wf-tcp=443 --dpi-desync=disorder --dpi-desync-ttl=8
curl: (28) Connection timed out after 2001 milliseconds
UNAVAILABLE code=28
- checking winws --wf-l3=ipv4 --wf-tcp=443 --dpi-desync=disorder --dpi-desync-ttl=9
curl: (28) Connection timed out after 2001 milliseconds
UNAVAILABLE code=28
- checking winws --wf-l3=ipv4 --wf-tcp=443 --dpi-desync=disorder --dpi-desync-ttl=10
curl: (28) Connection timed out after 2001 milliseconds
UNAVAILABLE code=28
- checking winws --wf-l3=ipv4 --wf-tcp=443 --dpi-desync=disorder --dpi-desync-ttl=11
curl: (28) Connection timed out after 2001 milliseconds
UNAVAILABLE code=28
- checking winws --wf-l3=ipv4 --wf-tcp=443 --dpi-desync=disorder --dpi-desync-ttl=12
curl: (28) Connection timed out after 2001 milliseconds
UNAVAILABLE code=28
- checking winws --wf-l3=ipv4 --wf-tcp=443 --dpi-desync=disorder --dpi-desync-fooling=badsum
curl: (28) Connection timed out after 2002 milliseconds
UNAVAILABLE code=28
- checking winws --wf-l3=ipv4 --wf-tcp=443 --dpi-desync=disorder --dpi-desync-fooling=badseq
curl: (28) Connection timed out after 2001 milliseconds
UNAVAILABLE code=28
- checking winws --wf-l3=ipv4 --wf-tcp=443 --dpi-desync=disorder --dpi-desync-fooling=datanoack
curl: (28) Connection timed out after 2001 milliseconds
UNAVAILABLE code=28
- checking winws --wf-l3=ipv4 --wf-tcp=443 --dpi-desync=disorder --dpi-desync-fooling=md5sig
curl: (28) Connection timed out after 2001 milliseconds
UNAVAILABLE code=28
- checking winws --wf-l3=ipv4 --wf-tcp=443 --dpi-desync=fake,disorder2 --dpi-desync-ttl=1
curl: (28) Connection timed out after 2002 milliseconds
UNAVAILABLE code=28
- checking winws --wf-l3=ipv4 --wf-tcp=443 --dpi-desync=fake,disorder2 --dpi-desync-ttl=1 --dpi-desync-fake-tls=0x00000000
curl: (28) Connection timed out after 2002 milliseconds
UNAVAILABLE code=28
- checking winws --wf-l3=ipv4 --wf-tcp=443 --dpi-desync=fake,disorder2 --dpi-desync-ttl=2
curl: (28) Connection timed out after 2002 milliseconds
UNAVAILABLE code=28
- checking winws --wf-l3=ipv4 --wf-tcp=443 --dpi-desync=fake,disorder2 --dpi-desync-ttl=2 --dpi-desync-fake-tls=0x00000000
curl: (28) Connection timed out after 2001 milliseconds
UNAVAILABLE code=28
- checking winws --wf-l3=ipv4 --wf-tcp=443 --dpi-desync=fake,disorder2 --dpi-desync-ttl=3
curl: (28) Connection timed out after 2002 milliseconds
UNAVAILABLE code=28
- checking winws --wf-l3=ipv4 --wf-tcp=443 --dpi-desync=fake,disorder2 --dpi-desync-ttl=3 --dpi-desync-fake-tls=0x00000000
curl: (28) Connection timed out after 2001 milliseconds
UNAVAILABLE code=28
- checking winws --wf-l3=ipv4 --wf-tcp=443 --dpi-desync=fake,disorder2 --dpi-desync-ttl=4
curl: (28) Connection timed out after 2001 milliseconds
UNAVAILABLE code=28
- checking winws --wf-l3=ipv4 --wf-tcp=443 --dpi-desync=fake,disorder2 --dpi-desync-ttl=4 --dpi-desync-fake-tls=0x00000000
curl: (28) Connection timed out after 2001 milliseconds
UNAVAILABLE code=28
- checking winws --wf-l3=ipv4 --wf-tcp=443 --dpi-desync=fake,disorder2 --dpi-desync-ttl=5
curl: (28) Connection timed out after 2001 milliseconds
UNAVAILABLE code=28
- checking winws --wf-l3=ipv4 --wf-tcp=443 --dpi-desync=fake,disorder2 --dpi-desync-ttl=5 --dpi-desync-fake-tls=0x00000000
curl: (28) Connection timed out after 2001 milliseconds
UNAVAILABLE code=28
- checking winws --wf-l3=ipv4 --wf-tcp=443 --dpi-desync=fake,disorder2 --dpi-desync-ttl=6
curl: (28) Connection timed out after 2002 milliseconds
UNAVAILABLE code=28
- checking winws --wf-l3=ipv4 --wf-tcp=443 --dpi-desync=fake,disorder2 --dpi-desync-ttl=6 --dpi-desync-fake-tls=0x00000000
curl: (28) Connection timed out after 2001 milliseconds
UNAVAILABLE code=28
- checking winws --wf-l3=ipv4 --wf-tcp=443 --dpi-desync=fake,disorder2 --dpi-desync-ttl=7
curl: (28) Connection timed out after 2002 milliseconds
UNAVAILABLE code=28
- checking winws --wf-l3=ipv4 --wf-tcp=443 --dpi-desync=fake,disorder2 --dpi-desync-ttl=7 --dpi-desync-fake-tls=0x00000000
curl: (28) Connection timed out after 2001 milliseconds
UNAVAILABLE code=28
- checking winws --wf-l3=ipv4 --wf-tcp=443 --dpi-desync=fake,disorder2 --dpi-desync-ttl=8
curl: (28) Connection timed out after 2001 milliseconds
UNAVAILABLE code=28
- checking winws --wf-l3=ipv4 --wf-tcp=443 --dpi-desync=fake,disorder2 --dpi-desync-ttl=8 --dpi-desync-fake-tls=0x00000000
curl: (28) Connection timed out after 2001 milliseconds
UNAVAILABLE code=28
- checking winws --wf-l3=ipv4 --wf-tcp=443 --dpi-desync=fake,disorder2 --dpi-desync-ttl=9
curl: (28) Connection timed out after 2002 milliseconds
UNAVAILABLE code=28
- checking winws --wf-l3=ipv4 --wf-tcp=443 --dpi-desync=fake,disorder2 --dpi-desync-ttl=9 --dpi-desync-fake-tls=0x00000000
curl: (28) Connection timed out after 2001 milliseconds
UNAVAILABLE code=28
- checking winws --wf-l3=ipv4 --wf-tcp=443 --dpi-desync=fake,disorder2 --dpi-desync-ttl=10
curl: (28) Connection timed out after 2001 milliseconds
UNAVAILABLE code=28
- checking winws --wf-l3=ipv4 --wf-tcp=443 --dpi-desync=fake,disorder2 --dpi-desync-ttl=10 --dpi-desync-fake-tls=0x00000000
curl: (28) Connection timed out after 2000 milliseconds
UNAVAILABLE code=28
- checking winws --wf-l3=ipv4 --wf-tcp=443 --dpi-desync=fake,disorder2 --dpi-desync-ttl=11
curl: (28) Connection timed out after 2001 milliseconds
UNAVAILABLE code=28
- checking winws --wf-l3=ipv4 --wf-tcp=443 --dpi-desync=fake,disorder2 --dpi-desync-ttl=11 --dpi-desync-fake-tls=0x00000000
curl: (28) Connection timed out after 2001 milliseconds
UNAVAILABLE code=28
- checking winws --wf-l3=ipv4 --wf-tcp=443 --dpi-desync=fake,disorder2 --dpi-desync-ttl=12
curl: (28) Connection timed out after 2001 milliseconds
UNAVAILABLE code=28
- checking winws --wf-l3=ipv4 --wf-tcp=443 --dpi-desync=fake,disorder2 --dpi-desync-ttl=12 --dpi-desync-fake-tls=0x00000000
curl: (28) Connection timed out after 2001 milliseconds
UNAVAILABLE code=28
- checking winws --wf-l3=ipv4 --wf-tcp=443 --dpi-desync=fake,disorder2 --dpi-desync-fooling=badsum
curl: (28) Connection timed out after 2001 milliseconds
UNAVAILABLE code=28
- checking winws --wf-l3=ipv4 --wf-tcp=443 --dpi-desync=fake,disorder2 --dpi-desync-fooling=badsum --dpi-desync-fake-tls=0x00000000
curl: (28) Connection timed out after 2001 milliseconds
UNAVAILABLE code=28
- checking winws --wf-l3=ipv4 --wf-tcp=443 --dpi-desync=fake,disorder2 --dpi-desync-fooling=badseq
curl: (28) Connection timed out after 2001 milliseconds
UNAVAILABLE code=28
- checking winws --wf-l3=ipv4 --wf-tcp=443 --dpi-desync=fake,disorder2 --dpi-desync-fooling=badseq --dpi-desync-fake-tls=0x00000000
curl: (28) Connection timed out after 2001 milliseconds
UNAVAILABLE code=28
- checking winws --wf-l3=ipv4 --wf-tcp=443 --dpi-desync=fake,disorder2 --dpi-desync-fooling=datanoack
curl: (28) Connection timed out after 2002 milliseconds
UNAVAILABLE code=28
- checking winws --wf-l3=ipv4 --wf-tcp=443 --dpi-desync=fake,disorder2 --dpi-desync-fooling=datanoack --dpi-desync-fake-tls=0x00000000
curl: (28) Connection timed out after 2001 milliseconds
UNAVAILABLE code=28
- checking winws --wf-l3=ipv4 --wf-tcp=443 --dpi-desync=fake,disorder2 --dpi-desync-fooling=md5sig
curl: (28) Connection timed out after 2001 milliseconds
UNAVAILABLE code=28
- checking winws --wf-l3=ipv4 --wf-tcp=443 --dpi-desync=fake,disorder2 --dpi-desync-fooling=md5sig --dpi-desync-fake-tls=0x00000000
curl: (28) Connection timed out after 2001 milliseconds
UNAVAILABLE code=28
- checking winws --wf-l3=ipv4 --wf-tcp=443 --dpi-desync=fake,disorder --dpi-desync-ttl=1
curl: (28) Connection timed out after 2001 milliseconds
UNAVAILABLE code=28
- checking winws --wf-l3=ipv4 --wf-tcp=443 --dpi-desync=fake,disorder --dpi-desync-ttl=1 --dpi-desync-fake-tls=0x00000000
curl: (28) Connection timed out after 2002 milliseconds
UNAVAILABLE code=28
- checking winws --wf-l3=ipv4 --wf-tcp=443 --dpi-desync=fake,disorder --dpi-desync-ttl=2
curl: (28) Connection timed out after 2001 milliseconds
UNAVAILABLE code=28
- checking winws --wf-l3=ipv4 --wf-tcp=443 --dpi-desync=fake,disorder --dpi-desync-ttl=2 --dpi-desync-fake-tls=0x00000000
curl: (28) Connection timed out after 2001 milliseconds
UNAVAILABLE code=28
- checking winws --wf-l3=ipv4 --wf-tcp=443 --dpi-desync=fake,disorder --dpi-desync-ttl=3
curl: (28) Connection timed out after 2002 milliseconds
UNAVAILABLE code=28
- checking winws --wf-l3=ipv4 --wf-tcp=443 --dpi-desync=fake,disorder --dpi-desync-ttl=3 --dpi-desync-fake-tls=0x00000000
curl: (28) Connection timed out after 2001 milliseconds
UNAVAILABLE code=28
- checking winws --wf-l3=ipv4 --wf-tcp=443 --dpi-desync=fake,disorder --dpi-desync-ttl=4
curl: (28) Connection timed out after 2001 milliseconds
UNAVAILABLE code=28
- checking winws --wf-l3=ipv4 --wf-tcp=443 --dpi-desync=fake,disorder --dpi-desync-ttl=4 --dpi-desync-fake-tls=0x00000000
curl: (28) Connection timed out after 2001 milliseconds
UNAVAILABLE code=28
- checking winws --wf-l3=ipv4 --wf-tcp=443 --dpi-desync=fake,disorder --dpi-desync-ttl=5
curl: (28) Connection timed out after 2002 milliseconds
UNAVAILABLE code=28
- checking winws --wf-l3=ipv4 --wf-tcp=443 --dpi-desync=fake,disorder --dpi-desync-ttl=5 --dpi-desync-fake-tls=0x00000000
curl: (28) Connection timed out after 2001 milliseconds
UNAVAILABLE code=28
- checking winws --wf-l3=ipv4 --wf-tcp=443 --dpi-desync=fake,disorder --dpi-desync-ttl=6
curl: (28) Connection timed out after 2001 milliseconds
UNAVAILABLE code=28
- checking winws --wf-l3=ipv4 --wf-tcp=443 --dpi-desync=fake,disorder --dpi-desync-ttl=6 --dpi-desync-fake-tls=0x00000000
curl: (28) Connection timed out after 2001 milliseconds
UNAVAILABLE code=28
- checking winws --wf-l3=ipv4 --wf-tcp=443 --dpi-desync=fake,disorder --dpi-desync-ttl=7
curl: (28) Connection timed out after 2002 milliseconds
UNAVAILABLE code=28
- checking winws --wf-l3=ipv4 --wf-tcp=443 --dpi-desync=fake,disorder --dpi-desync-ttl=7 --dpi-desync-fake-tls=0x00000000
curl: (28) Connection timed out after 2002 milliseconds
UNAVAILABLE code=28
- checking winws --wf-l3=ipv4 --wf-tcp=443 --dpi-desync=fake,disorder --dpi-desync-ttl=8
curl: (28) Connection timed out after 2001 milliseconds
UNAVAILABLE code=28
- checking winws --wf-l3=ipv4 --wf-tcp=443 --dpi-desync=fake,disorder --dpi-desync-ttl=8 --dpi-desync-fake-tls=0x00000000
curl: (28) Connection timed out after 2001 milliseconds
UNAVAILABLE code=28
- checking winws --wf-l3=ipv4 --wf-tcp=443 --dpi-desync=fake,disorder --dpi-desync-ttl=9
curl: (28) Connection timed out after 2002 milliseconds
UNAVAILABLE code=28
- checking winws --wf-l3=ipv4 --wf-tcp=443 --dpi-desync=fake,disorder --dpi-desync-ttl=9 --dpi-desync-fake-tls=0x00000000
curl: (28) Connection timed out after 2002 milliseconds
UNAVAILABLE code=28
- checking winws --wf-l3=ipv4 --wf-tcp=443 --dpi-desync=fake,disorder --dpi-desync-ttl=10
curl: (28) Connection timed out after 2001 milliseconds
UNAVAILABLE code=28
- checking winws --wf-l3=ipv4 --wf-tcp=443 --dpi-desync=fake,disorder --dpi-desync-ttl=10 --dpi-desync-fake-tls=0x00000000
curl: (35) OpenSSL/3.3.1: error:0A00042E:SSL routines::tlsv1 alert protocol version
UNAVAILABLE code=35
- checking winws --wf-l3=ipv4 --wf-tcp=443 --dpi-desync=fake,disorder --dpi-desync-ttl=11
curl: (28) Connection timed out after 2001 milliseconds
UNAVAILABLE code=28
- checking winws --wf-l3=ipv4 --wf-tcp=443 --dpi-desync=fake,disorder --dpi-desync-ttl=11 --dpi-desync-fake-tls=0x00000000
curl: (28) Connection timed out after 2001 milliseconds
UNAVAILABLE code=28
- checking winws --wf-l3=ipv4 --wf-tcp=443 --dpi-desync=fake,disorder --dpi-desync-ttl=12
curl: (28) Connection timed out after 2001 milliseconds
UNAVAILABLE code=28
- checking winws --wf-l3=ipv4 --wf-tcp=443 --dpi-desync=fake,disorder --dpi-desync-ttl=12 --dpi-desync-fake-tls=0x00000000
curl: (28) Connection timed out after 2002 milliseconds
UNAVAILABLE code=28
- checking winws --wf-l3=ipv4 --wf-tcp=443 --dpi-desync=fake,disorder --dpi-desync-fooling=badsum
curl: (28) Connection timed out after 2000 milliseconds
UNAVAILABLE code=28
- checking winws --wf-l3=ipv4 --wf-tcp=443 --dpi-desync=fake,disorder --dpi-desync-fooling=badsum --dpi-desync-fake-tls=0x00000000
curl: (28) Connection timed out after 2001 milliseconds
UNAVAILABLE code=28
- checking winws --wf-l3=ipv4 --wf-tcp=443 --dpi-desync=fake,disorder --dpi-desync-fooling=badseq
curl: (28) Connection timed out after 2002 milliseconds
UNAVAILABLE code=28
- checking winws --wf-l3=ipv4 --wf-tcp=443 --dpi-desync=fake,disorder --dpi-desync-fooling=badseq --dpi-desync-fake-tls=0x00000000
curl: (28) Connection timed out after 2001 milliseconds
UNAVAILABLE code=28
- checking winws --wf-l3=ipv4 --wf-tcp=443 --dpi-desync=fake,disorder --dpi-desync-fooling=datanoack
curl: (28) Connection timed out after 2001 milliseconds
UNAVAILABLE code=28
- checking winws --wf-l3=ipv4 --wf-tcp=443 --dpi-desync=fake,disorder --dpi-desync-fooling=datanoack --dpi-desync-fake-tls=0x00000000
curl: (28) Connection timed out after 2001 milliseconds
UNAVAILABLE code=28
- checking winws --wf-l3=ipv4 --wf-tcp=443 --dpi-desync=fake,disorder --dpi-desync-fooling=md5sig
curl: (28) Connection timed out after 2002 milliseconds
UNAVAILABLE code=28
- checking winws --wf-l3=ipv4 --wf-tcp=443 --dpi-desync=fake,disorder --dpi-desync-fooling=md5sig --dpi-desync-fake-tls=0x00000000
curl: (28) Connection timed out after 2002 milliseconds
UNAVAILABLE code=28
- checking winws --wf-l3=ipv4 --wf-tcp=443 --dpi-desync=split2 --dpi-desync-split-seqovl=1 --dpi-desync-split-tls=sni
curl: (28) Connection timed out after 2001 milliseconds
UNAVAILABLE code=28
- checking winws --wf-l3=ipv4 --wf-tcp=443 --dpi-desync=split2 --dpi-desync-split-seqovl=1 --dpi-desync-split-tls=sniext
curl: (28) Connection timed out after 2002 milliseconds
UNAVAILABLE code=28
- checking winws --wf-l3=ipv4 --wf-tcp=443 --dpi-desync=split2 --dpi-desync-split-seqovl=1 --dpi-desync-split-pos=2
curl: (28) Connection timed out after 2002 milliseconds
UNAVAILABLE code=28
- checking winws --wf-l3=ipv4 --wf-tcp=443 --dpi-desync=split2 --dpi-desync-split-seqovl=2 --dpi-desync-split-pos=3
curl: (28) Connection timed out after 2001 milliseconds
UNAVAILABLE code=28
- checking winws --wf-l3=ipv4 --wf-tcp=443 --dpi-desync=split2 --dpi-desync-split-seqovl=3 --dpi-desync-split-pos=4
curl: (28) Connection timed out after 2001 milliseconds
UNAVAILABLE code=28
- checking winws --wf-l3=ipv4 --wf-tcp=443 --dpi-desync=split2 --dpi-desync-split-seqovl=4 --dpi-desync-split-pos=5
!!!!! AVAILABLE !!!!!
- checking winws --wf-l3=ipv4 --wf-tcp=443 --dpi-desync=split2 --dpi-desync-split-seqovl=9 --dpi-desync-split-pos=10
!!!!! AVAILABLE !!!!!
- checking winws --wf-l3=ipv4 --wf-tcp=443 --dpi-desync=split2 --dpi-desync-split-seqovl=49 --dpi-desync-split-pos=50
!!!!! AVAILABLE !!!!!
- checking winws --wf-l3=ipv4 --wf-tcp=443 --dpi-desync=split2 --dpi-desync-split-seqovl=336 --dpi-desync-split-seqovl-pattern=/cygdrive/c/Tools/zapret-win-bundle-master/blockcheck/zapret/files/fake/tls_clienthello_iana_org.bin
curl: (28) Connection timed out after 2001 milliseconds
UNAVAILABLE code=28
- checking winws --wf-l3=ipv4 --wf-tcp=443 --dpi-desync=disorder2 --dpi-desync-split-seqovl=1 --dpi-desync-split-tls=sni
curl: (28) Connection timed out after 2001 milliseconds
UNAVAILABLE code=28
- checking winws --wf-l3=ipv4 --wf-tcp=443 --dpi-desync=disorder2 --dpi-desync-split-seqovl=1 --dpi-desync-split-tls=sniext
curl: (28) Connection timed out after 2002 milliseconds
UNAVAILABLE code=28
- checking winws --wf-l3=ipv4 --wf-tcp=443 --dpi-desync=disorder2 --dpi-desync-split-seqovl=1 --dpi-desync-split-pos=2
curl: (28) Connection timed out after 2002 milliseconds
UNAVAILABLE code=28
- checking winws --wf-l3=ipv4 --wf-tcp=443 --dpi-desync=disorder2 --dpi-desync-split-seqovl=2 --dpi-desync-split-pos=3
curl: (28) Connection timed out after 2002 milliseconds
UNAVAILABLE code=28
- checking winws --wf-l3=ipv4 --wf-tcp=443 --dpi-desync=disorder2 --dpi-desync-split-seqovl=3 --dpi-desync-split-pos=4
curl: (28) Connection timed out after 2002 milliseconds
UNAVAILABLE code=28
- checking winws --wf-l3=ipv4 --wf-tcp=443 --dpi-desync=disorder2 --dpi-desync-split-seqovl=4 --dpi-desync-split-pos=5
curl: (28) Connection timed out after 2002 milliseconds
UNAVAILABLE code=28
- checking winws --wf-l3=ipv4 --wf-tcp=443 --dpi-desync=disorder2 --dpi-desync-split-seqovl=9 --dpi-desync-split-pos=10
curl: (28) Connection timed out after 2001 milliseconds
UNAVAILABLE code=28
- checking winws --wf-l3=ipv4 --wf-tcp=443 --dpi-desync=disorder2 --dpi-desync-split-seqovl=49 --dpi-desync-split-pos=50
curl: (28) Connection timed out after 2001 milliseconds
UNAVAILABLE code=28
- checking winws --wf-l3=ipv4 --wf-tcp=443 --dpi-desync=fake --dpi-desync-ttl=1 --dpi-desync-autottl=1
curl: (28) Connection timed out after 2001 milliseconds
UNAVAILABLE code=28
- checking winws --wf-l3=ipv4 --wf-tcp=443 --dpi-desync=fake --dpi-desync-ttl=1 --dpi-desync-autottl=1 --dpi-desync-fake-tls=0x00000000
curl: (28) Connection timed out after 2000 milliseconds
UNAVAILABLE code=28
- checking winws --wf-l3=ipv4 --wf-tcp=443 --dpi-desync=fake --dpi-desync-ttl=1 --dpi-desync-autottl=2
curl: (28) Connection timed out after 2002 milliseconds
UNAVAILABLE code=28
- checking winws --wf-l3=ipv4 --wf-tcp=443 --dpi-desync=fake --dpi-desync-ttl=1 --dpi-desync-autottl=2 --dpi-desync-fake-tls=0x00000000
curl: (28) Connection timed out after 2001 milliseconds
UNAVAILABLE code=28
- checking winws --wf-l3=ipv4 --wf-tcp=443 --dpi-desync=fake --dpi-desync-ttl=1 --dpi-desync-autottl=3
curl: (28) Connection timed out after 2001 milliseconds
UNAVAILABLE code=28
- checking winws --wf-l3=ipv4 --wf-tcp=443 --dpi-desync=fake --dpi-desync-ttl=1 --dpi-desync-autottl=3 --dpi-desync-fake-tls=0x00000000
curl: (28) Connection timed out after 2002 milliseconds
UNAVAILABLE code=28
- checking winws --wf-l3=ipv4 --wf-tcp=443 --dpi-desync=fake --dpi-desync-ttl=1 --dpi-desync-autottl=4
curl: (28) Connection timed out after 2002 milliseconds
UNAVAILABLE code=28
- checking winws --wf-l3=ipv4 --wf-tcp=443 --dpi-desync=fake --dpi-desync-ttl=1 --dpi-desync-autottl=4 --dpi-desync-fake-tls=0x00000000
curl: (28) Connection timed out after 2001 milliseconds
UNAVAILABLE code=28
- checking winws --wf-l3=ipv4 --wf-tcp=443 --dpi-desync=fake --dpi-desync-ttl=1 --dpi-desync-autottl=5
curl: (28) Connection timed out after 2001 milliseconds
UNAVAILABLE code=28
- checking winws --wf-l3=ipv4 --wf-tcp=443 --dpi-desync=fake --dpi-desync-ttl=1 --dpi-desync-autottl=5 --dpi-desync-fake-tls=0x00000000
curl: (28) Connection timed out after 2001 milliseconds
UNAVAILABLE code=28
- checking winws --wf-l3=ipv4 --wf-tcp=443 --dpi-desync=disorder --dpi-desync-ttl=1 --dpi-desync-autottl=1
curl: (28) Connection timed out after 2001 milliseconds
UNAVAILABLE code=28
- checking winws --wf-l3=ipv4 --wf-tcp=443 --dpi-desync=disorder --dpi-desync-ttl=1 --dpi-desync-autottl=2
curl: (28) Connection timed out after 2001 milliseconds
UNAVAILABLE code=28
- checking winws --wf-l3=ipv4 --wf-tcp=443 --dpi-desync=disorder --dpi-desync-ttl=1 --dpi-desync-autottl=3
curl: (28) Connection timed out after 2001 milliseconds
UNAVAILABLE code=28
- checking winws --wf-l3=ipv4 --wf-tcp=443 --dpi-desync=disorder --dpi-desync-ttl=1 --dpi-desync-autottl=4
curl: (28) Connection timed out after 2001 milliseconds
UNAVAILABLE code=28
- checking winws --wf-l3=ipv4 --wf-tcp=443 --dpi-desync=disorder --dpi-desync-ttl=1 --dpi-desync-autottl=5
curl: (28) Connection timed out after 2001 milliseconds
UNAVAILABLE code=28
- checking winws --wf-l3=ipv4 --wf-tcp=443 --dpi-desync=fake,disorder2 --dpi-desync-ttl=1 --dpi-desync-autottl=1
curl: (28) Connection timed out after 2000 milliseconds
UNAVAILABLE code=28
- checking winws --wf-l3=ipv4 --wf-tcp=443 --dpi-desync=fake,disorder2 --dpi-desync-ttl=1 --dpi-desync-autottl=1 --dpi-desync-fake-tls=0x00000000
curl: (28) Connection timed out after 2001 milliseconds
UNAVAILABLE code=28
- checking winws --wf-l3=ipv4 --wf-tcp=443 --dpi-desync=fake,disorder2 --dpi-desync-ttl=1 --dpi-desync-autottl=2
curl: (28) Connection timed out after 2001 milliseconds
UNAVAILABLE code=28
- checking winws --wf-l3=ipv4 --wf-tcp=443 --dpi-desync=fake,disorder2 --dpi-desync-ttl=1 --dpi-desync-autottl=2 --dpi-desync-fake-tls=0x00000000
curl: (28) Connection timed out after 2000 milliseconds
UNAVAILABLE code=28
- checking winws --wf-l3=ipv4 --wf-tcp=443 --dpi-desync=fake,disorder2 --dpi-desync-ttl=1 --dpi-desync-autottl=3
curl: (28) Connection timed out after 2001 milliseconds
UNAVAILABLE code=28
- checking winws --wf-l3=ipv4 --wf-tcp=443 --dpi-desync=fake,disorder2 --dpi-desync-ttl=1 --dpi-desync-autottl=3 --dpi-desync-fake-tls=0x00000000
curl: (28) Connection timed out after 2002 milliseconds
UNAVAILABLE code=28
- checking winws --wf-l3=ipv4 --wf-tcp=443 --dpi-desync=fake,disorder2 --dpi-desync-ttl=1 --dpi-desync-autottl=4
curl: (28) Connection timed out after 2001 milliseconds
UNAVAILABLE code=28
- checking winws --wf-l3=ipv4 --wf-tcp=443 --dpi-desync=fake,disorder2 --dpi-desync-ttl=1 --dpi-desync-autottl=4 --dpi-desync-fake-tls=0x00000000
curl: (28) Connection timed out after 2001 milliseconds
UNAVAILABLE code=28
- checking winws --wf-l3=ipv4 --wf-tcp=443 --dpi-desync=fake,disorder2 --dpi-desync-ttl=1 --dpi-desync-autottl=5
curl: (28) Connection timed out after 2001 milliseconds
UNAVAILABLE code=28
- checking winws --wf-l3=ipv4 --wf-tcp=443 --dpi-desync=fake,disorder2 --dpi-desync-ttl=1 --dpi-desync-autottl=5 --dpi-desync-fake-tls=0x00000000
curl: (28) Connection timed out after 2001 milliseconds
UNAVAILABLE code=28
- checking winws --wf-l3=ipv4 --wf-tcp=443 --dpi-desync=fake,disorder --dpi-desync-ttl=1 --dpi-desync-autottl=1
curl: (28) Connection timed out after 2001 milliseconds
UNAVAILABLE code=28
- checking winws --wf-l3=ipv4 --wf-tcp=443 --dpi-desync=fake,disorder --dpi-desync-ttl=1 --dpi-desync-autottl=1 --dpi-desync-fake-tls=0x00000000
curl: (28) Connection timed out after 2002 milliseconds
UNAVAILABLE code=28
- checking winws --wf-l3=ipv4 --wf-tcp=443 --dpi-desync=fake,disorder --dpi-desync-ttl=1 --dpi-desync-autottl=2
curl: (28) Connection timed out after 2001 milliseconds
UNAVAILABLE code=28
- checking winws --wf-l3=ipv4 --wf-tcp=443 --dpi-desync=fake,disorder --dpi-desync-ttl=1 --dpi-desync-autottl=2 --dpi-desync-fake-tls=0x00000000
curl: (28) Connection timed out after 2001 milliseconds
UNAVAILABLE code=28
- checking winws --wf-l3=ipv4 --wf-tcp=443 --dpi-desync=fake,disorder --dpi-desync-ttl=1 --dpi-desync-autottl=3
curl: (28) Connection timed out after 2002 milliseconds
UNAVAILABLE code=28
- checking winws --wf-l3=ipv4 --wf-tcp=443 --dpi-desync=fake,disorder --dpi-desync-ttl=1 --dpi-desync-autottl=3 --dpi-desync-fake-tls=0x00000000
curl: (28) Connection timed out after 2001 milliseconds
UNAVAILABLE code=28
- checking winws --wf-l3=ipv4 --wf-tcp=443 --dpi-desync=fake,disorder --dpi-desync-ttl=1 --dpi-desync-autottl=4
curl: (28) Connection timed out after 2000 milliseconds
UNAVAILABLE code=28
- checking winws --wf-l3=ipv4 --wf-tcp=443 --dpi-desync=fake,disorder --dpi-desync-ttl=1 --dpi-desync-autottl=4 --dpi-desync-fake-tls=0x00000000
curl: (28) Connection timed out after 2001 milliseconds
UNAVAILABLE code=28
- checking winws --wf-l3=ipv4 --wf-tcp=443 --dpi-desync=fake,disorder --dpi-desync-ttl=1 --dpi-desync-autottl=5
curl: (28) Connection timed out after 2002 milliseconds
UNAVAILABLE code=28
- checking winws --wf-l3=ipv4 --wf-tcp=443 --dpi-desync=fake,disorder --dpi-desync-ttl=1 --dpi-desync-autottl=5 --dpi-desync-fake-tls=0x00000000
curl: (28) Connection timed out after 2001 milliseconds
UNAVAILABLE code=28
- checking winws --wf-l3=ipv4 --wf-tcp=443 --dpi-desync=syndata
curl: (28) Connection timed out after 2001 milliseconds
UNAVAILABLE code=28
- checking winws --wf-l3=ipv4 --wf-tcp=443 --dpi-desync=syndata --dpi-desync-fake-syndata=/cygdrive/c/Tools/zapret-win-bundle-master/blockcheck/zapret/files/fake/tls_clienthello_iana_org.bin
curl: (28) Connection timed out after 2001 milliseconds
UNAVAILABLE code=28
- checking winws --wf-l3=ipv4 --wf-tcp=443 --dpi-desync=syndata,split2
!!!!! AVAILABLE !!!!!
- checking winws --wf-l3=ipv4 --wf-tcp=443 --dpi-desync=syndata,split2 --dpi-desync-fake-syndata=/cygdrive/c/Tools/zapret-win-bundle-master/blockcheck/zapret/files/fake/tls_clienthello_iana_org.bin
curl: (28) Connection timed out after 2002 milliseconds
UNAVAILABLE code=28
- checking winws --wf-l3=ipv4 --wf-tcp=443 --dpi-desync=syndata,disorder2
curl: (28) Connection timed out after 2001 milliseconds
UNAVAILABLE code=28
- checking winws --wf-l3=ipv4 --wf-tcp=443 --dpi-desync=syndata,disorder2 --dpi-desync-fake-syndata=/cygdrive/c/Tools/zapret-win-bundle-master/blockcheck/zapret/files/fake/tls_clienthello_iana_org.bin
curl: (28) Connection timed out after 2001 milliseconds
UNAVAILABLE code=28

!!!!! curl_test_https_tls13: working strategy found for ipv4 rr1---sn-n8v7znlk.googlevideo.com : winws --dpi-desync=split2 !!!!!

clearing winws redirection

* curl_test_http3 ipv4 rr1---sn-n8v7znlk.googlevideo.com
- checking without DPI bypass
curl: (28) Connection timed out after 2001 milliseconds
UNAVAILABLE code=28

preparing winws redirection
- checking winws --wf-l3=ipv4 --wf-udp=443 --dpi-desync=fake
curl: (28) Connection timed out after 2002 milliseconds
UNAVAILABLE code=28
- checking winws --wf-l3=ipv4 --wf-udp=443 --dpi-desync=fake --dpi-desync-repeats=2
curl: (28) Connection timed out after 2001 milliseconds
UNAVAILABLE code=28
- checking winws --wf-l3=ipv4 --wf-udp=443 --dpi-desync=fake --dpi-desync-repeats=5
curl: (28) Connection timed out after 2002 milliseconds
UNAVAILABLE code=28
- checking winws --wf-l3=ipv4 --wf-udp=443 --dpi-desync=fake --dpi-desync-repeats=10
curl: (28) Connection timed out after 2002 milliseconds
UNAVAILABLE code=28
- checking winws --wf-l3=ipv4 --wf-udp=443 --dpi-desync=fake --dpi-desync-repeats=20
curl: (28) Connection timed out after 2002 milliseconds
UNAVAILABLE code=28
- checking winws --wf-l3=ipv4 --wf-udp=443 --dpi-desync=ipfrag2 --dpi-desync-ipfrag-pos-udp=8
curl: (28) Connection timed out after 2002 milliseconds
UNAVAILABLE code=28
- checking winws --wf-l3=ipv4 --wf-udp=443 --dpi-desync=ipfrag2 --dpi-desync-ipfrag-pos-udp=16
curl: (28) Connection timed out after 2002 milliseconds
UNAVAILABLE code=28
- checking winws --wf-l3=ipv4 --wf-udp=443 --dpi-desync=ipfrag2 --dpi-desync-ipfrag-pos-udp=24
curl: (28) Connection timed out after 2002 milliseconds
UNAVAILABLE code=28
- checking winws --wf-l3=ipv4 --wf-udp=443 --dpi-desync=ipfrag2 --dpi-desync-ipfrag-pos-udp=32
curl: (28) Connection timed out after 2001 milliseconds
UNAVAILABLE code=28
- checking winws --wf-l3=ipv4 --wf-udp=443 --dpi-desync=ipfrag2 --dpi-desync-ipfrag-pos-udp=40
curl: (28) Connection timed out after 2002 milliseconds
UNAVAILABLE code=28
- checking winws --wf-l3=ipv4 --wf-udp=443 --dpi-desync=ipfrag2 --dpi-desync-ipfrag-pos-udp=64
curl: (28) Connection timed out after 2002 milliseconds
UNAVAILABLE code=28

curl_test_http3: winws strategy for ipv4 rr1---sn-n8v7znlk.googlevideo.com not found

clearing winws redirection

* SUMMARY
ipv4 rr1---sn-n8v7znlk.googlevideo.com curl_test_https_tls13 : winws --wf-l3=ipv4 --wf-tcp=443 --dpi-desync=split2
ipv4 rr1---sn-n8v7znlk.googlevideo.com curl_test_http3 : winws not working

Please note this SUMMARY does not guarantee a magic pill for you to copy/paste and be happy.
Understanding how strategies work is very desirable.
This knowledge allows to understand better which strategies to prefer and which to avoid if possible, how to combine strategies.
Blockcheck does it's best to prioritize good strategies but it's not bullet-proof.
It was designed not as magic pill maker but as a DPI bypass test tool.

press enter to continue
