May 30 23:16:53 MI-R3G: starting OpenVPN client...
May 30 23:16:53 openvpn-cli[3533]: DEPRECATED OPTION: ncp-disable. Disabling cipher negotiation is a deprecated debug feature that will be removed in OpenVPN 2.6
May 30 23:16:53 openvpn-cli[3533]: OpenVPN 2.5.1 mipsel-unknown-linux-gnu [SSL (OpenSSL)] [LZO] [LZ4] [EPOLL] [MH/PKTINFO] [AEAD] built on Mar  4 2021
May 30 23:16:53 openvpn-cli[3533]: library versions: OpenSSL 1.1.1j  16 Feb 2021, LZO 2.10
May 30 23:16:53 openvpn-cli[3534]: NOTE: the current --script-security setting may allow this configuration to call user-defined scripts
May 30 23:16:53 openvpn-cli[3534]: Control Channel MTU parms [ L:1623 D:1210 EF:40 EB:0 ET:0 EL:3 ]
May 30 23:16:53 openvpn-cli[3534]: Data Channel MTU parms [ L:1623 D:1450 EF:123 EB:406 ET:0 EL:3 ]
May 30 23:16:53 openvpn-cli[3534]: crypto_adjust_frame_parameters: Adjusting frame parameters for crypto by 56 bytes
May 30 23:16:53 openvpn-cli[3534]: calc_options_string_link_mtu: link-mtu 1623 -> 1559
May 30 23:16:53 openvpn-cli[3534]: crypto_adjust_frame_parameters: Adjusting frame parameters for crypto by 56 bytes
May 30 23:16:53 openvpn-cli[3534]: calc_options_string_link_mtu: link-mtu 1623 -> 1559
May 30 23:16:53 openvpn-cli[3534]: Local Options String (VER=V4): 'V4,dev-type tun,link-mtu 1559,tun-mtu 1500,proto TCPv4_CLIENT,cipher AES-128-CBC,auth SHA1,keysize 128,key-method 2,tls-client'
May 30 23:16:53 openvpn-cli[3534]: Expected Remote Options String (VER=V4): 'V4,dev-type tun,link-mtu 1559,tun-mtu 1500,proto TCPv4_SERVER,cipher AES-128-CBC,auth SHA1,keysize 128,key-method 2,tls-server'
May 30 23:16:53 openvpn-cli[3534]: TCP/UDP: Preserving recently used remote address: [AF_INET]***.***.***.***:1194
May 30 23:16:53 openvpn-cli[3534]: Socket Buffers: R=[87380->87380] S=[16384->16384]
May 30 23:16:53 openvpn-cli[3534]: Attempting to establish TCP connection with [AF_INET]***.***.***.***:1194 [nonblock]
May 30 23:16:53 openvpn-cli[3534]: TCP connection established with [AF_INET]***.***.***.***:1194
May 30 23:16:53 openvpn-cli[3534]: TCPv4_CLIENT link local: (not bound)
May 30 23:16:53 openvpn-cli[3534]: TCPv4_CLIENT link remote: [AF_INET]***.***.***.***:1194
May 30 23:16:53 openvpn-cli[3534]: write_control_auth(): P_CONTROL_HARD_RESET_CLIENT_V2
May 30 23:16:53 openvpn-cli[3534]:  event_wait returned 1
May 30 23:16:53 openvpn-cli[3534]: TCPv4_CLIENT WRITE [14] to [AF_INET]***.***.***.***:1194: P_CONTROL_HARD_RESET_CLIENT_V2 kid=0 sid=c8d5bd52 554357d4 [ ] pid=0 DATA 
May 30 23:16:53 openvpn-cli[3534]: TCPv4_CLIENT write returned 16
May 30 23:16:53 openvpn-cli[3534]:  event_wait returned 1
May 30 23:16:53 openvpn-cli[3534]: TCPv4_CLIENT read returned 26
May 30 23:16:53 openvpn-cli[3534]: TCPv4_CLIENT READ [26] from [AF_INET]***.***.***.***:1194: P_CONTROL_HARD_RESET_SERVER_V2 kid=0 sid=bf2a7432 18dd0edc [ 0 sid=c8d5bd52 554357d4 ] pid=0 DATA 
May 30 23:16:53 openvpn-cli[3534]: TLS: Initial packet from [AF_INET]***.***.***.***:1194, sid=bf2a7432 18dd0edc
May 30 23:16:53 openvpn-cli[3534]: write_control_auth(): P_ACK_V1
May 30 23:16:53 openvpn-cli[3534]:  event_wait returned 1
May 30 23:16:53 openvpn-cli[3534]: TCPv4_CLIENT WRITE [22] to [AF_INET]***.***.***.***:1194: P_ACK_V1 kid=0 sid=c8d5bd52 554357d4 [ 0 sid=bf2a7432 18dd0edc ]
May 30 23:16:53 openvpn-cli[3534]: TCPv4_CLIENT write returned 24
May 30 23:16:53 openvpn-cli[3534]: write_control_auth(): P_CONTROL_V1
May 30 23:16:53 openvpn-cli[3534]:  event_wait returned 1
May 30 23:16:53 openvpn-cli[3534]: TCPv4_CLIENT WRITE [291] to [AF_INET]***.***.***.***:1194: P_CONTROL_V1 kid=0 sid=c8d5bd52 554357d4 [ ] pid=1 DATA 16030101 10010001 0c030388 c2aed076 fd24d96a d2388ee5 c06013ed c29cde5[more...]
May 30 23:16:53 openvpn-cli[3534]: TCPv4_CLIENT write returned 293
May 30 23:16:53 openvpn-cli[3534]:  event_wait returned 1
May 30 23:16:53 openvpn-cli[3534]: TCPv4_CLIENT read returned 1196
May 30 23:16:53 openvpn-cli[3534]: TCPv4_CLIENT READ [1196] from [AF_INET]***.***.***.***:1194: P_CONTROL_V1 kid=0 sid=bf2a7432 18dd0edc [ 1 sid=c8d5bd52 554357d4 ] pid=1 DATA 16030300 7a020000 760303de e24b0618 f901c693 acfe14df b997cfd9 444a095[more...]
May 30 23:16:53 openvpn-cli[3534]: write_control_auth(): P_ACK_V1
May 30 23:16:53 openvpn-cli[3534]:  event_wait returned 1
May 30 23:16:53 openvpn-cli[3534]: TCPv4_CLIENT WRITE [22] to [AF_INET]***.***.***.***:1194: P_ACK_V1 kid=0 sid=c8d5bd52 554357d4 [ 1 sid=bf2a7432 18dd0edc ]
May 30 23:16:53 openvpn-cli[3534]: TCPv4_CLIENT write returned 24
May 30 23:16:53 openvpn-cli[3534]:  event_wait returned 1
May 30 23:16:53 openvpn-cli[3534]: TCPv4_CLIENT read returned 1184
May 30 23:16:53 openvpn-cli[3534]: TCPv4_CLIENT READ [1184] from [AF_INET]***.***.***.***:1194: P_CONTROL_V1 kid=0 sid=bf2a7432 18dd0edc [ ] pid=2 DATA b1006ac1 445742e4 5d734f6e da9d612a b730645c 6b4e6070 77bc5082 877cd3f[more...]
May 30 23:16:53 openvpn-cli[3534]: VERIFY OK: depth=1, CN=AntiZapret CA
May 30 23:16:53 openvpn-cli[3534]: VERIFY KU OK
May 30 23:16:53 openvpn-cli[3534]: Validating certificate extended key usage
May 30 23:16:53 openvpn-cli[3534]: ++ Certificate has EKU (str) TLS Web Server Authentication, expects TLS Web Server Authentication
May 30 23:16:53 openvpn-cli[3534]: VERIFY EKU OK
May 30 23:16:53 openvpn-cli[3534]: VERIFY OK: depth=0, CN=antizapret-server
May 30 23:16:53 openvpn-cli[3534]: write_control_auth(): P_ACK_V1
May 30 23:16:53 openvpn-cli[3534]:  event_wait returned 1
May 30 23:16:53 openvpn-cli[3534]: TCPv4_CLIENT WRITE [22] to [AF_INET]***.***.***.***:1194: P_ACK_V1 kid=0 sid=c8d5bd52 554357d4 [ 2 sid=bf2a7432 18dd0edc ]
May 30 23:16:53 openvpn-cli[3534]: TCPv4_CLIENT write returned 24
May 30 23:16:53 openvpn-cli[3534]:  event_wait returned 1
May 30 23:16:53 openvpn-cli[3534]: TCPv4_CLIENT read returned 104
May 30 23:16:53 openvpn-cli[3534]: TCPv4_CLIENT READ [104] from [AF_INET]***.***.***.***:1194: P_CONTROL_V1 kid=0 sid=bf2a7432 18dd0edc [ ] pid=3 DATA 5cf85cb6 e808e78c 5cc8cf77 c3929794 17030300 451dfc9d d732495e 7749ba0[more...]
May 30 23:16:53 openvpn-cli[3534]: write_control_auth(): P_CONTROL_V1
May 30 23:16:53 openvpn-cli[3534]:  event_wait returned 1
May 30 23:16:53 openvpn-cli[3534]: TCPv4_CLIENT WRITE [1196] to [AF_INET]***.***.***.***:1194: P_CONTROL_V1 kid=0 sid=c8d5bd52 554357d4 [ 3 sid=bf2a7432 18dd0edc ] pid=2 DATA 14030300 01011703 0307072a 8bcdf4f7 f16c2637 594efc10 975ed6e1 c840966[more...]
May 30 23:16:53 openvpn-cli[3534]: TCPv4_CLIENT write returned 1198
May 30 23:16:53 openvpn-cli[3534]: write_control_auth(): P_CONTROL_V1
May 30 23:16:53 openvpn-cli[3534]:  event_wait returned 1
May 30 23:16:53 openvpn-cli[3534]: TCPv4_CLIENT WRITE [1184] to [AF_INET]***.***.***.***:1194: P_CONTROL_V1 kid=0 sid=c8d5bd52 554357d4 [ ] pid=3 DATA 509fcc84 c9c227d5 26c5c6a8 6e8cab77 51d5bc24 60b1ef17 008f08ee de0ed18[more...]
May 30 23:16:53 openvpn-cli[3534]: TCPv4_CLIENT write returned 1186
May 30 23:16:53 openvpn-cli[3534]: write_control_auth(): P_CONTROL_V1
May 30 23:16:53 openvpn-cli[3534]:  event_wait returned 1
May 30 23:16:53 openvpn-cli[3534]: TCPv4_CLIENT WRITE [229] to [AF_INET]***.***.***.***:1194: P_CONTROL_V1 kid=0 sid=c8d5bd52 554357d4 [ ] pid=4 DATA cbf824f2 19f15445 730aea3d 117bd5c3 0140ea68 25db2aca 15760e05 6596b26[more...]
May 30 23:16:53 openvpn-cli[3534]: TCPv4_CLIENT write returned 231
May 30 23:16:53 openvpn-cli[3534]:  event_wait returned 1
May 30 23:16:53 openvpn-cli[3534]: TCPv4_CLIENT read returned 22
May 30 23:16:53 openvpn-cli[3534]: TCPv4_CLIENT READ [22] from [AF_INET]***.***.***.***:1194: P_ACK_V1 kid=0 sid=bf2a7432 18dd0edc [ 2 sid=c8d5bd52 554357d4 ]
May 30 23:16:53 openvpn-cli[3534]:  event_wait returned 1
May 30 23:16:53 openvpn-cli[3534]: TCPv4_CLIENT read returned 184
May 30 23:16:53 openvpn-cli[3534]: TCPv4_CLIENT READ [184] from [AF_INET]***.***.***.***:1194: P_CONTROL_V1 kid=0 sid=bf2a7432 18dd0edc [ 3 sid=c8d5bd52 554357d4 ] pid=4 DATA 17030300 4a012435 1fc60237 19eddcd7 ad898221 c7f7ac1f 059e11f1 6beded2[more...]
May 30 23:16:53 openvpn-cli[3534]: write_control_auth(): P_ACK_V1
May 30 23:16:53 openvpn-cli[3534]:  event_wait returned 1
May 30 23:16:53 openvpn-cli[3534]: TCPv4_CLIENT WRITE [22] to [AF_INET]***.***.***.***:1194: P_ACK_V1 kid=0 sid=c8d5bd52 554357d4 [ 4 sid=bf2a7432 18dd0edc ]
May 30 23:16:53 openvpn-cli[3534]: TCPv4_CLIENT write returned 24
May 30 23:16:53 openvpn-cli[3534]:  event_wait returned 1
May 30 23:16:53 openvpn-cli[3534]: TCPv4_CLIENT read returned 252
May 30 23:16:53 openvpn-cli[3534]: TCPv4_CLIENT READ [252] from [AF_INET]***.***.***.***:1194: P_CONTROL_V1 kid=0 sid=bf2a7432 18dd0edc [ 4 sid=c8d5bd52 554357d4 ] pid=5 DATA 17030300 dd9129ed 2a12e258 2b258f2b 8683422f 92f1243b 49e43a7f 3e07620[more...]
May 30 23:16:53 openvpn-cli[3534]: write_control_auth(): P_ACK_V1
May 30 23:16:53 openvpn-cli[3534]:  event_wait returned 1
May 30 23:16:53 openvpn-cli[3534]: TCPv4_CLIENT WRITE [22] to [AF_INET]***.***.***.***:1194: P_ACK_V1 kid=0 sid=c8d5bd52 554357d4 [ 5 sid=bf2a7432 18dd0edc ]
May 30 23:16:53 openvpn-cli[3534]: TCPv4_CLIENT write returned 24
May 30 23:16:53 openvpn-cli[3534]: Control Channel: TLSv1.3, cipher TLSv1.3 TLS_AES_256_GCM_SHA384, 2048 bit RSA
May 30 23:16:53 openvpn-cli[3534]: [antizapret-server] Peer Connection Initiated with [AF_INET]***.***.***.***:1194
May 30 23:16:54 openvpn-cli[3534]:  event_wait returned 0
May 30 23:16:54 openvpn-cli[3534]: SENT CONTROL [antizapret-server]: 'PUSH_REQUEST' (status=1)
May 30 23:16:54 openvpn-cli[3534]: write_control_auth(): P_CONTROL_V1
May 30 23:16:54 openvpn-cli[3534]:  event_wait returned 1
May 30 23:16:54 openvpn-cli[3534]: TCPv4_CLIENT WRITE [49] to [AF_INET]***.***.***.***:1194: P_CONTROL_V1 kid=0 sid=c8d5bd52 554357d4 [ ] pid=5 DATA 17030300 1ebadfec a1ec6edd 38cecc5d 8b8fd587 028ffa68 ba12eff2 a4bc30b5 fe5a50
May 30 23:16:54 openvpn-cli[3534]: TCPv4_CLIENT write returned 51
May 30 23:16:54 openvpn-cli[3534]:  event_wait returned 1
May 30 23:16:54 openvpn-cli[3534]: TCPv4_CLIENT read returned 22
May 30 23:16:54 openvpn-cli[3534]: TCPv4_CLIENT READ [22] from [AF_INET]***.***.***.***:1194: P_ACK_V1 kid=0 sid=bf2a7432 18dd0edc [ 5 sid=c8d5bd52 554357d4 ]
May 30 23:16:54 openvpn-cli[3534]: TCPv4_CLIENT read returned 544
May 30 23:16:54 openvpn-cli[3534]: TCPv4_CLIENT READ [544] from [AF_INET]***.***.***.***:1194: P_CONTROL_V1 kid=0 sid=bf2a7432 18dd0edc [ ] pid=6 DATA 17030302 0dc47e10 3dc05262 bd9cac51 40ad3e0b 2d167eba 512a9cb0 23f970e[more...]
May 30 23:16:54 openvpn-cli[3534]: write_control_auth(): P_ACK_V1
May 30 23:16:54 openvpn-cli[3534]: PUSH: Received control message: 'PUSH_REPLY,route 10.224.0.0 255.254.0.0,dhcp-option DNS 192.168.104.1,block-outside-dns,route-gateway 192.168.104.1,topology subnet,ping 110,ping-restart 360,route 103.246.200.0 255.255.252.0,route 178.239.88.0 255.255.248.0,route 185.104.45.0 255.255.255.0,route 193.105.213.36 255.255.255.252,route 203.104.128.0 255.255.240.0,route 203.104.144.0 255.255.248.0,route 203.104.152.0 255.255.252.0,route 68.171.224.0 255.255.224.0,route 74.
May 30 23:16:54 openvpn-cli[3534]: Options error: Unrecognized option or missing or extra parameter(s) in [PUSH-OPTIONS]:3: block-outside-dns (2.5.1)
May 30 23:16:54 openvpn-cli[3534]: OPTIONS IMPORT: timers and/or timeouts modified
May 30 23:16:54 openvpn-cli[3534]: OPTIONS IMPORT: --ifconfig/up options modified
May 30 23:16:54 openvpn-cli[3534]: OPTIONS IMPORT: route options modified
May 30 23:16:54 openvpn-cli[3534]: OPTIONS IMPORT: route-related options modified
May 30 23:16:54 openvpn-cli[3534]: OPTIONS IMPORT: --ip-win32 and/or --dhcp-option options modified
May 30 23:16:54 openvpn-cli[3534]: OPTIONS IMPORT: peer-id set
May 30 23:16:54 openvpn-cli[3534]: OPTIONS IMPORT: adjusting link_mtu to 1626
May 30 23:16:54 openvpn-cli[3534]: Outgoing Data Channel: Cipher 'AES-128-CBC' initialized with 128 bit key
May 30 23:16:54 openvpn-cli[3534]: Outgoing Data Channel: Using 160 bit message hash 'SHA1' for HMAC authentication
May 30 23:16:54 openvpn-cli[3534]: Incoming Data Channel: Cipher 'AES-128-CBC' initialized with 128 bit key
May 30 23:16:54 openvpn-cli[3534]: Incoming Data Channel: Using 160 bit message hash 'SHA1' for HMAC authentication
May 30 23:16:54 openvpn-cli[3534]: net_route_v4_best_gw query: dst 0.0.0.0
May 30 23:16:54 openvpn-cli[3534]: sitnl_send: checking for received messages
May 30 23:16:54 openvpn-cli[3534]: sitnl_send: rtnl: received 772 bytes
May 30 23:16:54 openvpn-cli[3534]: net_route_v4_best_gw result: via 10.16.255.137 dev ppp0
May 30 23:16:54 openvpn-cli[3534]: TUN/TAP device tun0 opened
May 30 23:16:54 openvpn-cli[3534]: do_ifconfig, ipv4=1, ipv6=0
May 30 23:16:54 openvpn-cli[3534]: net_iface_mtu_set: mtu 1500 for tun0
May 30 23:16:54 openvpn-cli[3534]: sitnl_send: checking for received messages
May 30 23:16:54 openvpn-cli[3534]: sitnl_send: rtnl: received 36 bytes
May 30 23:16:54 openvpn-cli[3534]: net_iface_up: set tun0 up
May 30 23:16:54 openvpn-cli[3534]: sitnl_send: checking for received messages
May 30 23:16:54 openvpn-cli[3534]: sitnl_send: rtnl: received 36 bytes
May 30 23:16:54 openvpn-cli[3534]: net_addr_v4_add: 192.168.104.5/22 dev tun0
May 30 23:16:54 openvpn-cli[3534]: sitnl_send: checking for received messages
May 30 23:16:54 openvpn-cli[3534]: sitnl_send: rtnl: received 36 bytes
May 30 23:16:54 openvpn-cli[3534]: ovpnc.script tun0 1500 1626 192.168.104.5 255.255.252.0 init
May 30 23:16:54 dnsmasq[515]: read /etc/hosts - 3 addresses
May 30 23:16:54 dnsmasq[515]: read /etc/storage/dnsmasq/hosts - 0 addresses
May 30 23:16:54 dnsmasq-dhcp[515]: read /etc/dnsmasq/dhcp/dhcp-hosts.rc
May 30 23:16:54 dnsmasq[515]: ignoring nameserver 127.0.0.1 - local interface
May 30 23:16:54 dnsmasq[515]: using nameserver 192.168.104.1#53
May 30 23:16:54 vpnc-script: tun0 up
May 30 23:16:54 openvpn-cli[3534]: net_route_v4_add: 10.224.0.0/15 via 192.168.104.1 dev [NULL] table 0 metric -1
May 30 23:16:54 openvpn-cli[3534]: sitnl_send: checking for received messages
May 30 23:16:54 openvpn-cli[3534]: sitnl_send: rtnl: received 36 bytes
May 30 23:16:54 openvpn-cli[3534]: net_route_v4_add: 103.246.200.0/22 via 192.168.104.1 dev [NULL] table 0 metric -1
May 30 23:16:54 openvpn-cli[3534]: sitnl_send: checking for received messages
May 30 23:16:54 openvpn-cli[3534]: sitnl_send: rtnl: received 36 bytes
May 30 23:16:54 openvpn-cli[3534]: net_route_v4_add: 178.239.88.0/21 via 192.168.104.1 dev [NULL] table 0 metric -1
May 30 23:16:54 openvpn-cli[3534]: sitnl_send: checking for received messages
May 30 23:16:54 openvpn-cli[3534]: sitnl_send: rtnl: received 36 bytes
May 30 23:16:54 openvpn-cli[3534]: net_route_v4_add: 185.104.45.0/24 via 192.168.104.1 dev [NULL] table 0 metric -1
May 30 23:16:54 openvpn-cli[3534]: sitnl_send: checking for received messages
May 30 23:16:54 openvpn-cli[3534]: sitnl_send: rtnl: received 36 bytes
May 30 23:16:54 openvpn-cli[3534]: net_route_v4_add: 193.105.213.36/30 via 192.168.104.1 dev [NULL] table 0 metric -1
May 30 23:16:54 openvpn-cli[3534]: sitnl_send: checking for received messages
May 30 23:16:54 openvpn-cli[3534]: sitnl_send: rtnl: received 36 bytes
May 30 23:16:54 openvpn-cli[3534]: net_route_v4_add: 203.104.128.0/20 via 192.168.104.1 dev [NULL] table 0 metric -1
May 30 23:16:54 openvpn-cli[3534]: sitnl_send: checking for received messages
May 30 23:16:54 openvpn-cli[3534]: sitnl_send: rtnl: received 36 bytes
May 30 23:16:54 openvpn-cli[3534]: net_route_v4_add: 203.104.144.0/21 via 192.168.104.1 dev [NULL] table 0 metric -1
May 30 23:16:54 openvpn-cli[3534]: sitnl_send: checking for received messages
May 30 23:16:54 openvpn-cli[3534]: sitnl_send: rtnl: received 36 bytes
May 30 23:16:54 openvpn-cli[3534]: net_route_v4_add: 203.104.152.0/22 via 192.168.104.1 dev [NULL] table 0 metric -1
May 30 23:16:54 openvpn-cli[3534]: sitnl_send: checking for received messages
May 30 23:16:54 openvpn-cli[3534]: sitnl_send: rtnl: received 36 bytes
May 30 23:16:54 openvpn-cli[3534]: net_route_v4_add: 68.171.224.0/19 via 192.168.104.1 dev [NULL] table 0 metric -1
May 30 23:16:54 openvpn-cli[3534]: sitnl_send: checking for received messages
May 30 23:16:54 openvpn-cli[3534]: sitnl_send: rtnl: received 36 bytes
May 30 23:16:54 openvpn-cli[3534]: net_route_v4_add: 74.82.64.0/19 via 192.168.104.1 dev [NULL] table 0 metric -1
May 30 23:16:54 openvpn-cli[3534]: sitnl_send: checking for received messages
May 30 23:16:54 openvpn-cli[3534]: sitnl_send: rtnl: received 36 bytes
May 30 23:16:54 openvpn-cli[3534]: Initialization Sequence Completed
May 30 23:16:54 openvpn-cli[3534]:  event_wait returned 1
May 30 23:16:54 openvpn-cli[3534]: TCPv4_CLIENT WRITE [22] to [AF_INET]***.***.***.***:1194: P_ACK_V1 kid=0 sid=c8d5bd52 554357d4 [ 6 sid=bf2a7432 18dd0edc ]
May 30 23:16:54 openvpn-cli[3534]: TCPv4_CLIENT write returned 24
May 30 23:17:02 openvpn-cli[3534]:  event_wait returned 1
May 30 23:17:02 openvpn-cli[3534]:  read from TUN/TAP returned 61
May 30 23:17:02 openvpn-cli[3534]: tls_prepend_opcode_v2
May 30 23:17:02 openvpn-cli[3534]:  event_wait returned 1
May 30 23:17:02 openvpn-cli[3534]: TCPv4_CLIENT WRITE [120] to [AF_INET]***.***.***.***:1194: P_DATA_V2 kid=0 DATA 0000009b 7b201a65 1f982481 d2a9e0be f1c3a820 32493cea 3d2208b9 0d80103[more...]
May 30 23:17:02 openvpn-cli[3534]: TCPv4_CLIENT write returned 122
May 30 23:17:02 openvpn-cli[3534]:  event_wait returned 1
May 30 23:17:02 openvpn-cli[3534]:  read from TUN/TAP returned 61
May 30 23:17:02 openvpn-cli[3534]: tls_prepend_opcode_v2
May 30 23:17:02 openvpn-cli[3534]:  event_wait returned 1
May 30 23:17:02 openvpn-cli[3534]: TCPv4_CLIENT WRITE [120] to [AF_INET]***.***.***.***:1194: P_DATA_V2 kid=0 DATA 000000ba 17b5fcee d2d8c0db 2a0dfee5 cdf67414 b127d799 99b9b245 864d308[more...]
May 30 23:17:02 openvpn-cli[3534]: TCPv4_CLIENT write returned 122
May 30 23:17:02 openvpn-cli[3534]:  event_wait returned 1
May 30 23:17:02 openvpn-cli[3534]: TCPv4_CLIENT read returned 136
May 30 23:17:02 openvpn-cli[3534]: TCPv4_CLIENT READ [136] from [AF_INET]***.***.***.***:1194: P_DATA_V2 kid=0 DATA 00000069 2579a159 ff8bbccd 18c14994 5aa02a9b 9cba4dd4 1a1fd370 e690423[more...]
May 30 23:17:02 openvpn-cli[3534]:  event_wait returned 1
May 30 23:17:02 openvpn-cli[3534]:  write to TUN/TAP returned 77
May 30 23:17:02 openvpn-cli[3534]:  event_wait returned 1
May 30 23:17:02 openvpn-cli[3534]: TCPv4_CLIENT read returned 168
May 30 23:17:02 openvpn-cli[3534]: TCPv4_CLIENT READ [168] from [AF_INET]***.***.***.***:1194: P_DATA_V2 kid=0 DATA 0000003a d558ec00 2d91971f 7b83abef 92e0ff33 f0d99a21 c0590866 4791bbf[more...]
May 30 23:17:02 openvpn-cli[3534]:  event_wait returned 1
May 30 23:17:02 openvpn-cli[3534]:  write to TUN/TAP returned 118
May 30 23:17:05 openvpn-cli[3534]:  event_wait returned 1
May 30 23:17:05 openvpn-cli[3534]:  read from TUN/TAP returned 60
May 30 23:17:05 openvpn-cli[3534]: tls_prepend_opcode_v2
May 30 23:17:05 openvpn-cli[3534]:  event_wait returned 1
May 30 23:17:05 openvpn-cli[3534]: TCPv4_CLIENT WRITE [120] to [AF_INET]***.***.***.***:1194: P_DATA_V2 kid=0 DATA 00000068 aa050fe9 73957f67 f3dfa758 9ecb6fb4 116b5609 3ec5a1e8 e8e151a[more...]
May 30 23:17:05 openvpn-cli[3534]: TCPv4_CLIENT write returned 122
May 30 23:17:05 openvpn-cli[3534]:  event_wait returned 1
May 30 23:17:05 openvpn-cli[3534]:  read from TUN/TAP returned 60
May 30 23:17:05 openvpn-cli[3534]: tls_prepend_opcode_v2
May 30 23:17:05 openvpn-cli[3534]:  event_wait returned 1
May 30 23:17:05 openvpn-cli[3534]: TCPv4_CLIENT WRITE [120] to [AF_INET]***.***.***.***:1194: P_DATA_V2 kid=0 DATA 000000c9 ae811674 660306ea 20f0dd50 f55c2f28 6ea81644 892b045d 39270fe[more...]
May 30 23:17:05 openvpn-cli[3534]: TCPv4_CLIENT write returned 122
May 30 23:17:05 openvpn-cli[3534]:  event_wait returned 1
May 30 23:17:05 openvpn-cli[3534]: TCPv4_CLIENT read returned 120
May 30 23:17:05 openvpn-cli[3534]: TCPv4_CLIENT READ [120] from [AF_INET]***.***.***.***:1194: P_DATA_V2 kid=0 DATA 000000b9 71064f40 92e846ba 7bfcecf4 2b56d098 0c8dbf7d 0ef3104e 0049259[more...]
May 30 23:17:05 openvpn-cli[3534]:  event_wait returned 1
May 30 23:17:05 openvpn-cli[3534]:  write to TUN/TAP returned 60
May 30 23:17:05 openvpn-cli[3534]:  event_wait returned 1
May 30 23:17:05 openvpn-cli[3534]:  read from TUN/TAP returned 52
May 30 23:17:05 openvpn-cli[3534]: tls_prepend_opcode_v2
May 30 23:17:05 openvpn-cli[3534]:  event_wait returned 1
May 30 23:17:05 openvpn-cli[3534]: TCPv4_CLIENT WRITE [104] to [AF_INET]***.***.***.***:1194: P_DATA_V2 kid=0 DATA 00000070 118af85b 35c52efa dac44419 84086577 af8a897e 1bb2e098 94e6a90[more...]
May 30 23:17:05 openvpn-cli[3534]: TCPv4_CLIENT write returned 106
May 30 23:17:05 openvpn-cli[3534]:  event_wait returned 1
May 30 23:17:05 openvpn-cli[3534]:  read from TUN/TAP returned 91
May 30 23:17:05 openvpn-cli[3534]: tls_prepend_opcode_v2
May 30 23:17:05 openvpn-cli[3534]:  event_wait returned 1
May 30 23:17:05 openvpn-cli[3534]: TCPv4_CLIENT WRITE [136] to [AF_INET]***.***.***.***:1194: P_DATA_V2 kid=0 DATA 00000049 0600567f 48515d75 0a59f614 a0780cc2 ae5fcf3c ce269ef5 35d9755[more...]
May 30 23:17:05 openvpn-cli[3534]: TCPv4_CLIENT write returned 138
May 30 23:17:05 openvpn-cli[3534]:  event_wait returned 1
May 30 23:17:05 openvpn-cli[3534]: TCPv4_CLIENT read returned 120
May 30 23:17:05 openvpn-cli[3534]: TCPv4_CLIENT READ [120] from [AF_INET]***.***.***.***:1194: P_DATA_V2 kid=0 DATA 000000fd ac89e9b7 9154b336 d62256ac e685b03e 0e57a260 84d417a1 ea07abf[more...]
May 30 23:17:05 openvpn-cli[3534]:  event_wait returned 1
May 30 23:17:05 openvpn-cli[3534]:  write to TUN/TAP returned 60
May 30 23:17:05 openvpn-cli[3534]:  event_wait returned 1
May 30 23:17:05 openvpn-cli[3534]:  read from TUN/TAP returned 52
May 30 23:17:05 openvpn-cli[3534]: tls_prepend_opcode_v2
May 30 23:17:05 openvpn-cli[3534]:  event_wait returned 1
May 30 23:17:05 openvpn-cli[3534]: TCPv4_CLIENT WRITE [104] to [AF_INET]***.***.***.***:1194: P_DATA_V2 kid=0 DATA 0000002e 6b80abe4 9ac8a3ff ef9a8d92 606bf99a 3ea682a6 671acf1a 9ecb05d[more...]
May 30 23:17:05 openvpn-cli[3534]: TCPv4_CLIENT write returned 106
May 30 23:17:05 openvpn-cli[3534]:  event_wait returned 1
May 30 23:17:05 openvpn-cli[3534]:  read from TUN/TAP returned 91
May 30 23:17:05 openvpn-cli[3534]: tls_prepend_opcode_v2
May 30 23:17:05 openvpn-cli[3534]:  event_wait returned 1
May 30 23:17:05 openvpn-cli[3534]: TCPv4_CLIENT WRITE [136] to [AF_INET]***.***.***.***:1194: P_DATA_V2 kid=0 DATA 00000069 a09e31fe 19eb20e2 23f0581b cef76eaf 52958511 7b890527 90c0fd7[more...]
May 30 23:17:05 openvpn-cli[3534]: TCPv4_CLIENT write returned 138
May 30 23:17:05 openvpn-cli[3534]:  event_wait returned 1
May 30 23:17:05 openvpn-cli[3534]: TCPv4_CLIENT read returned 104
May 30 23:17:05 openvpn-cli[3534]: TCPv4_CLIENT READ [104] from [AF_INET]***.***.***.***:1194: P_DATA_V2 kid=0 DATA 00000021 359e94b8 2a6a93a4 6df50dfb 788dde9d 90940f1f 867b7b64 7c75cda[more...]
May 30 23:17:05 openvpn-cli[3534]:  event_wait returned 1
May 30 23:17:05 openvpn-cli[3534]:  write to TUN/TAP returned 52
May 30 23:17:05 openvpn-cli[3534]:  event_wait returned 1
May 30 23:17:05 openvpn-cli[3534]: TCPv4_CLIENT read returned 264
May 30 23:17:05 openvpn-cli[3534]: TCPv4_CLIENT READ [264] from [AF_INET]***.***.***.***:1194: P_DATA_V2 kid=0 DATA 0000004f 9817a6fe c2006e88 00a72028 4dc2166a ce62b635 c43a1791 7413058[more...]
May 30 23:17:05 openvpn-cli[3534]:  event_wait returned 1
May 30 23:17:05 openvpn-cli[3534]:  write to TUN/TAP returned 211
May 30 23:17:05 openvpn-cli[3534]:  event_wait returned 1
May 30 23:17:05 openvpn-cli[3534]:  read from TUN/TAP returned 52
May 30 23:17:05 openvpn-cli[3534]: tls_prepend_opcode_v2
May 30 23:17:05 openvpn-cli[3534]:  event_wait returned 1
May 30 23:17:05 openvpn-cli[3534]: TCPv4_CLIENT WRITE [104] to [AF_INET]***.***.***.***:1194: P_DATA_V2 kid=0 DATA 000000bc 84a9120c 451f34fb 55d95eb7 e7d31325 bacd3ff9 bb1d0fcc 210d130[more...]
May 30 23:17:05 openvpn-cli[3534]: TCPv4_CLIENT write returned 106
May 30 23:17:05 openvpn-cli[3534]:  event_wait returned 1
May 30 23:17:05 openvpn-cli[3534]:  read from TUN/TAP returned 52
May 30 23:17:05 openvpn-cli[3534]: tls_prepend_opcode_v2
May 30 23:17:05 openvpn-cli[3534]:  event_wait returned 1
May 30 23:17:05 openvpn-cli[3534]: TCPv4_CLIENT WRITE [104] to [AF_INET]***.***.***.***:1194: P_DATA_V2 kid=0 DATA 000000bb 1cd02ddd 23c42a00 11c8113d ce90df44 b28032d4 83da0503 8265a90[more...]
May 30 23:17:05 openvpn-cli[3534]: TCPv4_CLIENT write returned 106
May 30 23:17:05 openvpn-cli[3534]:  event_wait returned 1
May 30 23:17:05 openvpn-cli[3534]: TCPv4_CLIENT read returned 104
May 30 23:17:05 openvpn-cli[3534]: TCPv4_CLIENT READ [104] from [AF_INET]***.***.***.***:1194: P_DATA_V2 kid=0 DATA 00000096 3e1bf7c1 87978208 4836e367 e1449c1e 65c69eeb 9cbcb2dc 20a892a[more...]
May 30 23:17:05 openvpn-cli[3534]:  event_wait returned 1
May 30 23:17:05 openvpn-cli[3534]:  write to TUN/TAP returned 52
May 30 23:17:05 openvpn-cli[3534]:  event_wait returned 1
May 30 23:17:05 openvpn-cli[3534]: TCPv4_CLIENT read returned 216
May 30 23:17:05 openvpn-cli[3534]: TCPv4_CLIENT READ [216] from [AF_INET]***.***.***.***:1194: P_DATA_V2 kid=0 DATA 00000063 c0ab7312 1618eb04 a040f06c e58f8fda e83e917a 70028d6e 861f501[more...]
May 30 23:17:05 openvpn-cli[3534]:  event_wait returned 1
May 30 23:17:05 openvpn-cli[3534]:  write to TUN/TAP returned 167
May 30 23:17:05 openvpn-cli[3534]:  event_wait returned 1
May 30 23:17:05 openvpn-cli[3534]:  read from TUN/TAP returned 52
May 30 23:17:05 openvpn-cli[3534]: tls_prepend_opcode_v2
May 30 23:17:05 openvpn-cli[3534]:  event_wait returned 1
May 30 23:17:05 openvpn-cli[3534]: TCPv4_CLIENT WRITE [104] to [AF_INET]***.***.***.***:1194: P_DATA_V2 kid=0 DATA 000000b2 85243279 ed590822 810ff489 423d5a0a 10941cf1 928bb4e7 ab611b4[more...]
May 30 23:17:05 openvpn-cli[3534]: TCPv4_CLIENT write returned 106
May 30 23:17:05 openvpn-cli[3534]:  event_wait returned 1
May 30 23:17:05 openvpn-cli[3534]:  read from TUN/TAP returned 52
May 30 23:17:05 openvpn-cli[3534]: tls_prepend_opcode_v2
May 30 23:17:05 openvpn-cli[3534]:  event_wait returned 1
May 30 23:17:05 openvpn-cli[3534]: TCPv4_CLIENT WRITE [104] to [AF_INET]***.***.***.***:1194: P_DATA_V2 kid=0 DATA 00000042 3f751eca 987ad649 c92c62d0 c2eeda9e 7c63b7ec 3b0d18ba 74e35e2[more...]
May 30 23:17:05 openvpn-cli[3534]: TCPv4_CLIENT write returned 106
May 30 23:17:05 openvpn-cli[3534]:  event_wait returned 1
May 30 23:17:05 openvpn-cli[3534]: Connection reset, restarting [-1]
May 30 23:17:05 openvpn-cli[3534]: TCP/UDP: Closing socket
May 30 23:17:05 openvpn-cli[3534]: net_route_v4_del: 10.224.0.0/15 via 192.168.104.1 dev [NULL] table 0 metric -1
May 30 23:17:05 openvpn-cli[3534]: sitnl_send: checking for received messages
May 30 23:17:05 openvpn-cli[3534]: sitnl_send: rtnl: received 36 bytes
May 30 23:17:05 openvpn-cli[3534]: net_route_v4_del: 103.246.200.0/22 via 192.168.104.1 dev [NULL] table 0 metric -1
May 30 23:17:05 openvpn-cli[3534]: sitnl_send: checking for received messages
May 30 23:17:05 openvpn-cli[3534]: sitnl_send: rtnl: received 36 bytes
May 30 23:17:05 openvpn-cli[3534]: net_route_v4_del: 178.239.88.0/21 via 192.168.104.1 dev [NULL] table 0 metric -1
May 30 23:17:05 openvpn-cli[3534]: sitnl_send: checking for received messages
May 30 23:17:05 openvpn-cli[3534]: sitnl_send: rtnl: received 36 bytes
May 30 23:17:05 openvpn-cli[3534]: net_route_v4_del: 185.104.45.0/24 via 192.168.104.1 dev [NULL] table 0 metric -1
May 30 23:17:05 openvpn-cli[3534]: sitnl_send: checking for received messages
May 30 23:17:05 openvpn-cli[3534]: sitnl_send: rtnl: received 36 bytes
May 30 23:17:05 openvpn-cli[3534]: net_route_v4_del: 193.105.213.36/30 via 192.168.104.1 dev [NULL] table 0 metric -1
May 30 23:17:05 openvpn-cli[3534]: sitnl_send: checking for received messages
May 30 23:17:05 openvpn-cli[3534]: sitnl_send: rtnl: received 36 bytes
May 30 23:17:05 openvpn-cli[3534]: net_route_v4_del: 203.104.128.0/20 via 192.168.104.1 dev [NULL] table 0 metric -1
May 30 23:17:05 openvpn-cli[3534]: sitnl_send: checking for received messages
May 30 23:17:05 openvpn-cli[3534]: sitnl_send: rtnl: received 36 bytes
May 30 23:17:05 openvpn-cli[3534]: net_route_v4_del: 203.104.144.0/21 via 192.168.104.1 dev [NULL] table 0 metric -1
May 30 23:17:05 openvpn-cli[3534]: sitnl_send: checking for received messages
May 30 23:17:05 openvpn-cli[3534]: sitnl_send: rtnl: received 36 bytes
May 30 23:17:05 openvpn-cli[3534]: net_route_v4_del: 203.104.152.0/22 via 192.168.104.1 dev [NULL] table 0 metric -1
May 30 23:17:05 openvpn-cli[3534]: sitnl_send: checking for received messages
May 30 23:17:05 openvpn-cli[3534]: sitnl_send: rtnl: received 36 bytes
May 30 23:17:05 openvpn-cli[3534]: net_route_v4_del: 68.171.224.0/19 via 192.168.104.1 dev [NULL] table 0 metric -1
May 30 23:17:05 openvpn-cli[3534]: sitnl_send: checking for received messages
May 30 23:17:05 openvpn-cli[3534]: sitnl_send: rtnl: received 36 bytes
May 30 23:17:05 openvpn-cli[3534]: net_route_v4_del: 74.82.64.0/19 via 192.168.104.1 dev [NULL] table 0 metric -1
May 30 23:17:05 openvpn-cli[3534]: sitnl_send: checking for received messages
May 30 23:17:05 openvpn-cli[3534]: sitnl_send: rtnl: received 36 bytes
May 30 23:17:05 openvpn-cli[3534]: Closing TUN/TAP interface
May 30 23:17:05 openvpn-cli[3534]: net_addr_v4_del: 192.168.104.5 dev tun0
May 30 23:17:05 openvpn-cli[3534]: sitnl_send: checking for received messages
May 30 23:17:05 openvpn-cli[3534]: sitnl_send: rtnl: received 36 bytes
May 30 23:17:05 openvpn-cli[3534]: ovpnc.script tun0 1500 1626 192.168.104.5 255.255.252.0 init
May 30 23:17:05 dnsmasq[515]: read /etc/hosts - 3 addresses
May 30 23:17:05 dnsmasq[515]: read /etc/storage/dnsmasq/hosts - 0 addresses
May 30 23:17:05 dnsmasq-dhcp[515]: read /etc/dnsmasq/dhcp/dhcp-hosts.rc
May 30 23:17:05 dnsmasq[515]: ignoring nameserver 127.0.0.1 - local interface
May 30 23:17:05 dnsmasq[515]: using nameserver 1.1.1.1#53
May 30 23:17:05 dnsmasq[515]: using nameserver 1.0.0.1#53
May 30 23:17:05 vpnc-script: tun0 down
May 30 23:17:05 openvpn-cli[3534]: SIGUSR1[soft,connection-reset] received, process restarting
May 30 23:17:05 openvpn-cli[3534]: Restart pause, 5 second(s)
May 30 23:17:10 openvpn-cli[3534]: NOTE: the current --script-security setting may allow this configuration to call user-defined scripts
May 30 23:17:10 openvpn-cli[3534]: Re-using SSL/TLS context
May 30 23:17:10 openvpn-cli[3534]: Control Channel MTU parms [ L:1623 D:1210 EF:40 EB:0 ET:0 EL:3 ]
May 30 23:17:10 openvpn-cli[3534]: Data Channel MTU parms [ L:1623 D:1450 EF:123 EB:406 ET:0 EL:3 ]
May 30 23:17:10 openvpn-cli[3534]: crypto_adjust_frame_parameters: Adjusting frame parameters for crypto by 56 bytes
May 30 23:17:10 openvpn-cli[3534]: calc_options_string_link_mtu: link-mtu 1623 -> 1559
May 30 23:17:10 openvpn-cli[3534]: crypto_adjust_frame_parameters: Adjusting frame parameters for crypto by 56 bytes
May 30 23:17:10 openvpn-cli[3534]: calc_options_string_link_mtu: link-mtu 1623 -> 1559
May 30 23:17:10 openvpn-cli[3534]: Local Options String (VER=V4): 'V4,dev-type tun,link-mtu 1559,tun-mtu 1500,proto TCPv4_CLIENT,cipher AES-128-CBC,auth SHA1,keysize 128,key-method 2,tls-client'
May 30 23:17:10 openvpn-cli[3534]: Expected Remote Options String (VER=V4): 'V4,dev-type tun,link-mtu 1559,tun-mtu 1500,proto TCPv4_SERVER,cipher AES-128-CBC,auth SHA1,keysize 128,key-method 2,tls-server'
May 30 23:17:10 openvpn-cli[3534]: TCP/UDP: Preserving recently used remote address: [AF_INET]***.***.***.***:1194
May 30 23:17:10 openvpn-cli[3534]: Socket Buffers: R=[87380->87380] S=[16384->16384]
May 30 23:17:10 openvpn-cli[3534]: Attempting to establish TCP connection with [AF_INET]***.***.***.***:1194 [nonblock]
May 30 23:17:10 openvpn-cli[3534]: TCP connection established with [AF_INET]***.***.***.***:1194
May 30 23:17:10 openvpn-cli[3534]: TCPv4_CLIENT link local: (not bound)
May 30 23:17:10 openvpn-cli[3534]: TCPv4_CLIENT link remote: [AF_INET]***.***.***.***:1194
May 30 23:17:10 openvpn-cli[3534]: write_control_auth(): P_CONTROL_HARD_RESET_CLIENT_V2
May 30 23:17:10 openvpn-cli[3534]:  event_wait returned 1
May 30 23:17:10 openvpn-cli[3534]: TCPv4_CLIENT WRITE [14] to [AF_INET]***.***.***.***:1194: P_CONTROL_HARD_RESET_CLIENT_V2 kid=0 sid=9d6ba3b9 cd4210d6 [ ] pid=0 DATA 
May 30 23:17:10 openvpn-cli[3534]: TCPv4_CLIENT write returned 16
May 30 23:17:10 openvpn-cli[3534]:  event_wait returned 1
May 30 23:17:10 openvpn-cli[3534]: TCPv4_CLIENT read returned 26
May 30 23:17:10 openvpn-cli[3534]: TCPv4_CLIENT READ [26] from [AF_INET]***.***.***.***:1194: P_CONTROL_HARD_RESET_SERVER_V2 kid=0 sid=a03ed7d1 30916f2c [ 0 sid=9d6ba3b9 cd4210d6 ] pid=0 DATA 
May 30 23:17:10 openvpn-cli[3534]: TLS: Initial packet from [AF_INET]***.***.***.***:1194, sid=a03ed7d1 30916f2c
May 30 23:17:10 openvpn-cli[3534]: write_control_auth(): P_ACK_V1
May 30 23:17:10 openvpn-cli[3534]:  event_wait returned 1
May 30 23:17:10 openvpn-cli[3534]: TCPv4_CLIENT WRITE [22] to [AF_INET]***.***.***.***:1194: P_ACK_V1 kid=0 sid=9d6ba3b9 cd4210d6 [ 0 sid=a03ed7d1 30916f2c ]
May 30 23:17:10 openvpn-cli[3534]: TCPv4_CLIENT write returned 24
May 30 23:17:10 openvpn-cli[3534]: write_control_auth(): P_CONTROL_V1
May 30 23:17:10 openvpn-cli[3534]:  event_wait returned 1
May 30 23:17:10 openvpn-cli[3534]: TCPv4_CLIENT WRITE [291] to [AF_INET]***.***.***.***:1194: P_CONTROL_V1 kid=0 sid=9d6ba3b9 cd4210d6 [ ] pid=1 DATA 16030101 10010001 0c0303a2 c2e95a11 a931b1fb e3334649 b58a78f1 87038cf[more...]
May 30 23:17:10 openvpn-cli[3534]: TCPv4_CLIENT write returned 293
May 30 23:17:10 openvpn-cli[3534]:  event_wait returned 1
May 30 23:17:10 openvpn-cli[3534]: TCPv4_CLIENT read returned 1196
May 30 23:17:10 openvpn-cli[3534]: TCPv4_CLIENT READ [1196] from [AF_INET]***.***.***.***:1194: P_CONTROL_V1 kid=0 sid=a03ed7d1 30916f2c [ 1 sid=9d6ba3b9 cd4210d6 ] pid=1 DATA 16030300 7a020000 760303a5 596a42f9 808fafc4 f2114ea4 cbf85a58 f5c7595[more...]
May 30 23:17:10 openvpn-cli[3534]: write_control_auth(): P_ACK_V1
May 30 23:17:10 openvpn-cli[3534]:  event_wait returned 1
May 30 23:17:10 openvpn-cli[3534]: TCPv4_CLIENT WRITE [22] to [AF_INET]***.***.***.***:1194: P_ACK_V1 kid=0 sid=9d6ba3b9 cd4210d6 [ 1 sid=a03ed7d1 30916f2c ]
May 30 23:17:10 openvpn-cli[3534]: TCPv4_CLIENT write returned 24
May 30 23:17:10 openvpn-cli[3534]:  event_wait returned 1
May 30 23:17:10 openvpn-cli[3534]: TCPv4_CLIENT read returned 1184
May 30 23:17:10 openvpn-cli[3534]: TCPv4_CLIENT READ [1184] from [AF_INET]***.***.***.***:1194: P_CONTROL_V1 kid=0 sid=a03ed7d1 30916f2c [ ] pid=2 DATA 228a1590 b33c9960 eb0c51a4 e42474b6 c49076d4 bc2ad329 f61350f7 b416000[more...]
May 30 23:17:10 openvpn-cli[3534]: VERIFY OK: depth=1, CN=AntiZapret CA
May 30 23:17:10 openvpn-cli[3534]: VERIFY KU OK
May 30 23:17:10 openvpn-cli[3534]: Validating certificate extended key usage
May 30 23:17:10 openvpn-cli[3534]: ++ Certificate has EKU (str) TLS Web Server Authentication, expects TLS Web Server Authentication
May 30 23:17:10 openvpn-cli[3534]: VERIFY EKU OK
May 30 23:17:10 openvpn-cli[3534]: VERIFY OK: depth=0, CN=antizapret-server
May 30 23:17:10 openvpn-cli[3534]: write_control_auth(): P_ACK_V1
May 30 23:17:10 openvpn-cli[3534]:  event_wait returned 1
May 30 23:17:10 openvpn-cli[3534]: TCPv4_CLIENT WRITE [22] to [AF_INET]***.***.***.***:1194: P_ACK_V1 kid=0 sid=9d6ba3b9 cd4210d6 [ 2 sid=a03ed7d1 30916f2c ]
May 30 23:17:10 openvpn-cli[3534]: TCPv4_CLIENT write returned 24
May 30 23:17:10 openvpn-cli[3534]:  event_wait returned 1
May 30 23:17:10 openvpn-cli[3534]: TCPv4_CLIENT read returned 104
May 30 23:17:10 openvpn-cli[3534]: TCPv4_CLIENT READ [104] from [AF_INET]***.***.***.***:1194: P_CONTROL_V1 kid=0 sid=a03ed7d1 30916f2c [ ] pid=3 DATA 76543704 17194634 3b8bbf64 54d98884 17030300 455dd8fa f5875dd4 fd884f7[more...]
May 30 23:17:10 openvpn-cli[3534]: write_control_auth(): P_CONTROL_V1
May 30 23:17:10 openvpn-cli[3534]:  event_wait returned 1
May 30 23:17:10 openvpn-cli[3534]: TCPv4_CLIENT WRITE [1196] to [AF_INET]***.***.***.***:1194: P_CONTROL_V1 kid=0 sid=9d6ba3b9 cd4210d6 [ 3 sid=a03ed7d1 30916f2c ] pid=2 DATA 14030300 01011703 030707c4 4779bb38 03e65a3a ce2184fe f5e2a31e d0ad418[more...]
May 30 23:17:10 openvpn-cli[3534]: TCPv4_CLIENT write returned 1198
May 30 23:17:10 openvpn-cli[3534]: write_control_auth(): P_CONTROL_V1
May 30 23:17:10 openvpn-cli[3534]:  event_wait returned 1
May 30 23:17:10 openvpn-cli[3534]: TCPv4_CLIENT WRITE [1184] to [AF_INET]***.***.***.***:1194: P_CONTROL_V1 kid=0 sid=9d6ba3b9 cd4210d6 [ ] pid=3 DATA 81b63f77 6e11f4fc b2c3f1af dedee486 71d23ed2 22efd422 8534cf55 34ceec7[more...]
May 30 23:17:10 openvpn-cli[3534]: TCPv4_CLIENT write returned 1186
May 30 23:17:10 openvpn-cli[3534]: write_control_auth(): P_CONTROL_V1
May 30 23:17:10 openvpn-cli[3534]:  event_wait returned 1
May 30 23:17:10 openvpn-cli[3534]: TCPv4_CLIENT WRITE [229] to [AF_INET]***.***.***.***:1194: P_CONTROL_V1 kid=0 sid=9d6ba3b9 cd4210d6 [ ] pid=4 DATA 5c082ca8 2e855b64 0aeba59c 1e61478c 37e83d4f 3eaa236c e3b3c459 09e155c[more...]
May 30 23:17:10 openvpn-cli[3534]: TCPv4_CLIENT write returned 231
May 30 23:17:10 openvpn-cli[3534]:  event_wait returned 1
May 30 23:17:10 openvpn-cli[3534]: TCPv4_CLIENT read returned 22
May 30 23:17:10 openvpn-cli[3534]: TCPv4_CLIENT READ [22] from [AF_INET]***.***.***.***:1194: P_ACK_V1 kid=0 sid=a03ed7d1 30916f2c [ 2 sid=9d6ba3b9 cd4210d6 ]
May 30 23:17:10 openvpn-cli[3534]:  event_wait returned 1
May 30 23:17:10 openvpn-cli[3534]: TCPv4_CLIENT read returned 184
May 30 23:17:10 openvpn-cli[3534]: TCPv4_CLIENT READ [184] from [AF_INET]***.***.***.***:1194: P_CONTROL_V1 kid=0 sid=a03ed7d1 30916f2c [ 3 sid=9d6ba3b9 cd4210d6 ] pid=4 DATA 17030300 4af2e871 fc851f6b baac4b23 f64348f9 18090aee 79c0b0de 5ebaa10[more...]
May 30 23:17:10 openvpn-cli[3534]: write_control_auth(): P_ACK_V1
May 30 23:17:10 openvpn-cli[3534]: TCPv4_CLIENT read returned 252
May 30 23:17:10 openvpn-cli[3534]: TCPv4_CLIENT READ [252] from [AF_INET]***.***.***.***:1194: P_CONTROL_V1 kid=0 sid=a03ed7d1 30916f2c [ 4 sid=9d6ba3b9 cd4210d6 ] pid=5 DATA 17030300 dd83ad30 f549abe9 6e1215a5 4bf621e9 ab678ec7 c7951243 5fbd8c3[more...]
May 30 23:17:10 openvpn-cli[3534]:  event_wait returned 1
May 30 23:17:10 openvpn-cli[3534]: TCPv4_CLIENT WRITE [22] to [AF_INET]***.***.***.***:1194: P_ACK_V1 kid=0 sid=9d6ba3b9 cd4210d6 [ 4 sid=a03ed7d1 30916f2c ]
May 30 23:17:10 openvpn-cli[3534]: TCPv4_CLIENT write returned 24
May 30 23:17:10 openvpn-cli[3534]: write_control_auth(): P_ACK_V1
May 30 23:17:10 openvpn-cli[3534]:  event_wait returned 1
May 30 23:17:10 openvpn-cli[3534]: TCPv4_CLIENT WRITE [22] to [AF_INET]***.***.***.***:1194: P_ACK_V1 kid=0 sid=9d6ba3b9 cd4210d6 [ 5 sid=a03ed7d1 30916f2c ]
May 30 23:17:10 openvpn-cli[3534]: TCPv4_CLIENT write returned 24
May 30 23:17:10 openvpn-cli[3534]: Control Channel: TLSv1.3, cipher TLSv1.3 TLS_AES_256_GCM_SHA384, 2048 bit RSA
May 30 23:17:10 openvpn-cli[3534]: [antizapret-server] Peer Connection Initiated with [AF_INET]***.***.***.***:1194
May 30 23:17:12 openvpn-cli[3534]:  event_wait returned 0
May 30 23:17:12 openvpn-cli[3534]: SENT CONTROL [antizapret-server]: 'PUSH_REQUEST' (status=1)
May 30 23:17:12 openvpn-cli[3534]: write_control_auth(): P_CONTROL_V1
May 30 23:17:12 openvpn-cli[3534]:  event_wait returned 1
May 30 23:17:12 openvpn-cli[3534]: TCPv4_CLIENT WRITE [49] to [AF_INET]***.***.***.***:1194: P_CONTROL_V1 kid=0 sid=9d6ba3b9 cd4210d6 [ ] pid=5 DATA 17030300 1e43c99c 94a3e8d4 317758e5 824cb281 c328b4b6 032fb5d3 8a075c63 9a5f8d
May 30 23:17:12 openvpn-cli[3534]: TCPv4_CLIENT write returned 51
May 30 23:17:12 openvpn-cli[3534]:  event_wait returned 1
May 30 23:17:12 openvpn-cli[3534]: TCPv4_CLIENT read returned 22
May 30 23:17:12 openvpn-cli[3534]: TCPv4_CLIENT READ [22] from [AF_INET]***.***.***.***:1194: P_ACK_V1 kid=0 sid=a03ed7d1 30916f2c [ 5 sid=9d6ba3b9 cd4210d6 ]
May 30 23:17:12 openvpn-cli[3534]: TCPv4_CLIENT read returned 544
May 30 23:17:12 openvpn-cli[3534]: TCPv4_CLIENT READ [544] from [AF_INET]***.***.***.***:1194: P_CONTROL_V1 kid=0 sid=a03ed7d1 30916f2c [ ] pid=6 DATA 17030302 0ded3ad4 4ed8aa10 c0075fee 18b12270 52710148 71a22ef8 0055f60[more...]
May 30 23:17:12 openvpn-cli[3534]: write_control_auth(): P_ACK_V1
May 30 23:17:12 openvpn-cli[3534]: PUSH: Received control message: 'PUSH_REPLY,route 10.224.0.0 255.254.0.0,dhcp-option DNS 192.168.104.1,block-outside-dns,route-gateway 192.168.104.1,topology subnet,ping 110,ping-restart 360,route 103.246.200.0 255.255.252.0,route 178.239.88.0 255.255.248.0,route 185.104.45.0 255.255.255.0,route 193.105.213.36 255.255.255.252,route 203.104.128.0 255.255.240.0,route 203.104.144.0 255.255.248.0,route 203.104.152.0 255.255.252.0,route 68.171.224.0 255.255.224.0,route 74.
May 30 23:17:12 openvpn-cli[3534]: Options error: Unrecognized option or missing or extra parameter(s) in [PUSH-OPTIONS]:3: block-outside-dns (2.5.1)
May 30 23:17:12 openvpn-cli[3534]: OPTIONS IMPORT: timers and/or timeouts modified
May 30 23:17:12 openvpn-cli[3534]: OPTIONS IMPORT: --ifconfig/up options modified
May 30 23:17:12 openvpn-cli[3534]: OPTIONS IMPORT: route options modified
May 30 23:17:12 openvpn-cli[3534]: OPTIONS IMPORT: route-related options modified
May 30 23:17:12 openvpn-cli[3534]: OPTIONS IMPORT: --ip-win32 and/or --dhcp-option options modified
May 30 23:17:12 openvpn-cli[3534]: OPTIONS IMPORT: peer-id set
May 30 23:17:12 openvpn-cli[3534]: OPTIONS IMPORT: adjusting link_mtu to 1626
May 30 23:17:12 openvpn-cli[3534]: Outgoing Data Channel: Cipher 'AES-128-CBC' initialized with 128 bit key
May 30 23:17:12 openvpn-cli[3534]: Outgoing Data Channel: Using 160 bit message hash 'SHA1' for HMAC authentication
May 30 23:17:12 openvpn-cli[3534]: Incoming Data Channel: Cipher 'AES-128-CBC' initialized with 128 bit key
May 30 23:17:12 openvpn-cli[3534]: Incoming Data Channel: Using 160 bit message hash 'SHA1' for HMAC authentication
May 30 23:17:12 openvpn-cli[3534]: net_route_v4_best_gw query: dst 0.0.0.0
May 30 23:17:12 openvpn-cli[3534]: sitnl_send: checking for received messages
May 30 23:17:12 openvpn-cli[3534]: sitnl_send: rtnl: received 772 bytes
May 30 23:17:12 openvpn-cli[3534]: net_route_v4_best_gw result: via 10.16.255.137 dev ppp0
May 30 23:17:12 openvpn-cli[3534]: TUN/TAP device tun0 opened
May 30 23:17:12 openvpn-cli[3534]: do_ifconfig, ipv4=1, ipv6=0
May 30 23:17:12 openvpn-cli[3534]: net_iface_mtu_set: mtu 1500 for tun0
May 30 23:17:12 openvpn-cli[3534]: sitnl_send: checking for received messages
May 30 23:17:12 openvpn-cli[3534]: sitnl_send: rtnl: received 36 bytes
May 30 23:17:12 openvpn-cli[3534]: net_iface_up: set tun0 up
May 30 23:17:12 openvpn-cli[3534]: sitnl_send: checking for received messages
May 30 23:17:12 openvpn-cli[3534]: sitnl_send: rtnl: received 36 bytes
May 30 23:17:12 openvpn-cli[3534]: net_addr_v4_add: 192.168.104.7/22 dev tun0
May 30 23:17:12 openvpn-cli[3534]: sitnl_send: checking for received messages
May 30 23:17:12 openvpn-cli[3534]: sitnl_send: rtnl: received 36 bytes
May 30 23:17:12 openvpn-cli[3534]: ovpnc.script tun0 1500 1626 192.168.104.7 255.255.252.0 init
May 30 23:17:12 dnsmasq[515]: read /etc/hosts - 3 addresses
May 30 23:17:12 dnsmasq[515]: read /etc/storage/dnsmasq/hosts - 0 addresses
May 30 23:17:12 dnsmasq-dhcp[515]: read /etc/dnsmasq/dhcp/dhcp-hosts.rc
May 30 23:17:12 dnsmasq[515]: ignoring nameserver 127.0.0.1 - local interface
May 30 23:17:12 dnsmasq[515]: using nameserver 192.168.104.1#53
May 30 23:17:12 vpnc-script: tun0 up
May 30 23:17:12 openvpn-cli[3534]: net_route_v4_add: 10.224.0.0/15 via 192.168.104.1 dev [NULL] table 0 metric -1
May 30 23:17:12 openvpn-cli[3534]: sitnl_send: checking for received messages
May 30 23:17:12 openvpn-cli[3534]: sitnl_send: rtnl: received 36 bytes
May 30 23:17:12 openvpn-cli[3534]: net_route_v4_add: 103.246.200.0/22 via 192.168.104.1 dev [NULL] table 0 metric -1
May 30 23:17:12 openvpn-cli[3534]: sitnl_send: checking for received messages
May 30 23:17:12 openvpn-cli[3534]: sitnl_send: rtnl: received 36 bytes
May 30 23:17:12 openvpn-cli[3534]: net_route_v4_add: 178.239.88.0/21 via 192.168.104.1 dev [NULL] table 0 metric -1
May 30 23:17:12 openvpn-cli[3534]: sitnl_send: checking for received messages
May 30 23:17:12 openvpn-cli[3534]: sitnl_send: rtnl: received 36 bytes
May 30 23:17:12 openvpn-cli[3534]: net_route_v4_add: 185.104.45.0/24 via 192.168.104.1 dev [NULL] table 0 metric -1
May 30 23:17:12 openvpn-cli[3534]: sitnl_send: checking for received messages
May 30 23:17:12 openvpn-cli[3534]: sitnl_send: rtnl: received 36 bytes
May 30 23:17:12 openvpn-cli[3534]: net_route_v4_add: 193.105.213.36/30 via 192.168.104.1 dev [NULL] table 0 metric -1
May 30 23:17:12 openvpn-cli[3534]: sitnl_send: checking for received messages
May 30 23:17:12 openvpn-cli[3534]: sitnl_send: rtnl: received 36 bytes
May 30 23:17:12 openvpn-cli[3534]: net_route_v4_add: 203.104.128.0/20 via 192.168.104.1 dev [NULL] table 0 metric -1
May 30 23:17:12 openvpn-cli[3534]: sitnl_send: checking for received messages
May 30 23:17:12 openvpn-cli[3534]: sitnl_send: rtnl: received 36 bytes
May 30 23:17:12 openvpn-cli[3534]: net_route_v4_add: 203.104.144.0/21 via 192.168.104.1 dev [NULL] table 0 metric -1
May 30 23:17:12 openvpn-cli[3534]: sitnl_send: checking for received messages
May 30 23:17:12 openvpn-cli[3534]: sitnl_send: rtnl: received 36 bytes
May 30 23:17:12 openvpn-cli[3534]: net_route_v4_add: 203.104.152.0/22 via 192.168.104.1 dev [NULL] table 0 metric -1
May 30 23:17:12 openvpn-cli[3534]: sitnl_send: checking for received messages
May 30 23:17:12 openvpn-cli[3534]: sitnl_send: rtnl: received 36 bytes
May 30 23:17:12 openvpn-cli[3534]: net_route_v4_add: 68.171.224.0/19 via 192.168.104.1 dev [NULL] table 0 metric -1
May 30 23:17:12 openvpn-cli[3534]: sitnl_send: checking for received messages
May 30 23:17:12 openvpn-cli[3534]: sitnl_send: rtnl: received 36 bytes
May 30 23:17:12 openvpn-cli[3534]: net_route_v4_add: 74.82.64.0/19 via 192.168.104.1 dev [NULL] table 0 metric -1
May 30 23:17:12 openvpn-cli[3534]: sitnl_send: checking for received messages
May 30 23:17:12 openvpn-cli[3534]: sitnl_send: rtnl: received 36 bytes
May 30 23:17:12 openvpn-cli[3534]: Initialization Sequence Completed
May 30 23:17:12 openvpn-cli[3534]:  event_wait returned 1
May 30 23:17:12 openvpn-cli[3534]: TCPv4_CLIENT WRITE [22] to [AF_INET]***.***.***.***:1194: P_ACK_V1 kid=0 sid=9d6ba3b9 cd4210d6 [ 6 sid=a03ed7d1 30916f2c ]
May 30 23:17:12 openvpn-cli[3534]: TCPv4_CLIENT write returned 24
May 30 23:17:12 openvpn-cli[3534]:  event_wait returned 1
May 30 23:17:12 openvpn-cli[3534]:  read from TUN/TAP returned 68
May 30 23:17:12 openvpn-cli[3534]: tls_prepend_opcode_v2
May 30 23:17:12 openvpn-cli[3534]:  event_wait returned 1
May 30 23:17:12 openvpn-cli[3534]: TCPv4_CLIENT WRITE [120] to [AF_INET]***.***.***.***:1194: P_DATA_V2 kid=0 DATA 00000045 6181f649 996b3812 ed33c02b 8999de10 2a26639b b485d13d b414c76[more...]
May 30 23:17:12 openvpn-cli[3534]: TCPv4_CLIENT write returned 122
May 30 23:17:12 openvpn-cli[3534]:  event_wait returned 1
May 30 23:17:12 openvpn-cli[3534]: TCPv4_CLIENT read returned 136
May 30 23:17:12 openvpn-cli[3534]: TCPv4_CLIENT READ [136] from [AF_INET]***.***.***.***:1194: P_DATA_V2 kid=0 DATA 00000099 222d921b 53bb6d4c fc7fc820 cddad073 eff77b37 e686a2fe 130d9c5[more...]
May 30 23:17:12 openvpn-cli[3534]:  event_wait returned 1
May 30 23:17:12 openvpn-cli[3534]:  write to TUN/TAP returned 84
May 30 23:17:12 openvpn-cli[3534]:  event_wait returned 1
May 30 23:17:12 openvpn-cli[3534]:  read from TUN/TAP returned 64
May 30 23:17:12 openvpn-cli[3534]: tls_prepend_opcode_v2
May 30 23:17:12 openvpn-cli[3534]:  event_wait returned 1
May 30 23:17:12 openvpn-cli[3534]: TCPv4_CLIENT WRITE [120] to [AF_INET]***.***.***.***:1194: P_DATA_V2 kid=0 DATA 00000054 6f926318 93bc8b72 312a11ef a365ea49 68d15576 549cd873 5639223[more...]
May 30 23:17:12 openvpn-cli[3534]: TCPv4_CLIENT write returned 122
May 30 23:17:12 openvpn-cli[3534]:  event_wait returned 1
May 30 23:17:12 openvpn-cli[3534]:  read from TUN/TAP returned 64
May 30 23:17:12 openvpn-cli[3534]: tls_prepend_opcode_v2
May 30 23:17:12 openvpn-cli[3534]:  event_wait returned 1
May 30 23:17:12 openvpn-cli[3534]: TCPv4_CLIENT WRITE [120] to [AF_INET]***.***.***.***:1194: P_DATA_V2 kid=0 DATA 000000b3 81ada051 6b920f85 e97a5d86 25bd2aec 1a053386 5e61f09f ee06e84[more...]
May 30 23:17:12 openvpn-cli[3534]: TCPv4_CLIENT write returned 122
May 30 23:17:13 openvpn-cli[3534]:  event_wait returned 1
May 30 23:17:13 openvpn-cli[3534]: TCPv4_CLIENT read returned 184
May 30 23:17:13 openvpn-cli[3534]: TCPv4_CLIENT READ [184] from [AF_INET]***.***.***.***:1194: P_DATA_V2 kid=0 DATA 00000055 dea54e65 924ccd07 1ab1b3e5 a6ae2415 dbdff9c4 897109c8 1a352f5[more...]
May 30 23:17:13 openvpn-cli[3534]:  event_wait returned 1
May 30 23:17:13 openvpn-cli[3534]:  write to TUN/TAP returned 128
May 30 23:17:13 openvpn-cli[3534]:  event_wait returned 1
May 30 23:17:13 openvpn-cli[3534]: TCPv4_CLIENT read returned 232
May 30 23:17:13 openvpn-cli[3534]: TCPv4_CLIENT READ [232] from [AF_INET]***.***.***.***:1194: P_DATA_V2 kid=0 DATA 000000bb 109f93bb ec8ef616 6b3231da 2d6c31cc e5d1bcd4 3e2be817 7f09bc0[more...]
May 30 23:17:13 openvpn-cli[3534]:  event_wait returned 1
May 30 23:17:13 openvpn-cli[3534]:  write to TUN/TAP returned 176
May 30 23:17:14 openvpn-cli[3534]:  event_wait returned 1
May 30 23:17:14 openvpn-cli[3534]:  read from TUN/TAP returned 75
May 30 23:17:14 openvpn-cli[3534]: tls_prepend_opcode_v2
May 30 23:17:14 openvpn-cli[3534]:  event_wait returned 1
May 30 23:17:14 openvpn-cli[3534]: TCPv4_CLIENT WRITE [120] to [AF_INET]***.***.***.***:1194: P_DATA_V2 kid=0 DATA 00000034 1f3867a4 a9d328ca e9957fc2 6ac101cc 6995f7ed ac6c0a13 2c99fb9[more...]
May 30 23:17:14 openvpn-cli[3534]: TCPv4_CLIENT write returned 122
May 30 23:17:14 openvpn-cli[3534]:  event_wait returned 1
May 30 23:17:14 openvpn-cli[3534]: TCPv4_CLIENT read returned 136
May 30 23:17:14 openvpn-cli[3534]: TCPv4_CLIENT READ [136] from [AF_INET]***.***.***.***:1194: P_DATA_V2 kid=0 DATA 00000030 26158db8 71de5005 d0c94c54 9e9ce814 a09d9acf 8d18e42e 90e97d8[more...]
May 30 23:17:14 openvpn-cli[3534]:  event_wait returned 1
May 30 23:17:14 openvpn-cli[3534]:  write to TUN/TAP returned 91
May 30 23:17:15 openvpn-cli[3534]:  event_wait returned 1
May 30 23:17:15 openvpn-cli[3534]:  read from TUN/TAP returned 60
May 30 23:17:15 openvpn-cli[3534]: tls_prepend_opcode_v2
May 30 23:17:15 openvpn-cli[3534]:  event_wait returned 1
May 30 23:17:15 openvpn-cli[3534]: TCPv4_CLIENT WRITE [120] to [AF_INET]***.***.***.***:1194: P_DATA_V2 kid=0 DATA 00000061 e9cc428a 203af005 3f504518 feb6101b 834881b9 e965c574 4cdddc5[more...]
May 30 23:17:15 openvpn-cli[3534]: TCPv4_CLIENT write returned 122
May 30 23:17:15 openvpn-cli[3534]:  event_wait returned 1
May 30 23:17:15 openvpn-cli[3534]:  read from TUN/TAP returned 40
May 30 23:17:15 openvpn-cli[3534]: tls_prepend_opcode_v2
May 30 23:17:15 openvpn-cli[3534]:  event_wait returned 1
May 30 23:17:15 openvpn-cli[3534]: TCPv4_CLIENT WRITE [88] to [AF_INET]***.***.***.***:1194: P_DATA_V2 kid=0 DATA 00000018 ce82c6de eb0453b4 de20b192 82f10a40 30526fc3 357aeab5 a2d06fc[more...]
May 30 23:17:15 openvpn-cli[3534]: TCPv4_CLIENT write returned 90
May 30 23:17:15 openvpn-cli[3534]:  event_wait returned 1
May 30 23:17:15 openvpn-cli[3534]: TCPv4_CLIENT read returned 120
May 30 23:17:15 openvpn-cli[3534]: TCPv4_CLIENT READ [120] from [AF_INET]***.***.***.***:1194: P_DATA_V2 kid=0 DATA 000000b1 365c83b6 0c969f4b 2bf5af39 43a708fc b45ddb10 991f8c00 a66b767[more...]
May 30 23:17:15 openvpn-cli[3534]:  event_wait returned 1
May 30 23:17:15 openvpn-cli[3534]:  write to TUN/TAP returned 60
May 30 23:17:16 openvpn-cli[3534]:  event_wait returned 1
May 30 23:17:16 openvpn-cli[3534]: TCPv4_CLIENT read returned 120
May 30 23:17:16 openvpn-cli[3534]: TCPv4_CLIENT READ [120] from [AF_INET]***.***.***.***:1194: P_DATA_V2 kid=0 DATA 00000090 a22d0e25 2ace2f02 a6512ede 0df1081b 8e06880a d30693c4 fc15924[more...]
May 30 23:17:16 openvpn-cli[3534]:  event_wait returned 1
May 30 23:17:16 openvpn-cli[3534]:  write to TUN/TAP returned 60
May 30 23:17:18 openvpn-cli[3534]:  event_wait returned 1
May 30 23:17:18 openvpn-cli[3534]: TCPv4_CLIENT read returned 120
May 30 23:17:18 openvpn-cli[3534]: TCPv4_CLIENT READ [120] from [AF_INET]***.***.***.***:1194: P_DATA_V2 kid=0 DATA 000000f7 599967e3 6e35cd4e ff6df919 4f9a5a11 e4be82a7 6578a004 1630775[more...]
May 30 23:17:18 openvpn-cli[3534]:  event_wait returned 1
May 30 23:17:18 openvpn-cli[3534]:  write to TUN/TAP returned 60
May 30 23:17:19 openvpn-cli[3534]:  event_wait returned 1
May 30 23:17:19 openvpn-cli[3534]:  read from TUN/TAP returned 70
May 30 23:17:19 openvpn-cli[3534]: tls_prepend_opcode_v2
May 30 23:17:19 openvpn-cli[3534]:  event_wait returned 1
May 30 23:17:19 openvpn-cli[3534]: TCPv4_CLIENT WRITE [120] to [AF_INET]***.***.***.***:1194: P_DATA_V2 kid=0 DATA 000000bb 5469467a 85cdd952 70c8b702 b779f855 ec2dbec1 1ed5be39 74c8402[more...]
May 30 23:17:19 openvpn-cli[3534]: TCPv4_CLIENT write returned 122
May 30 23:17:19 openvpn-cli[3534]:  event_wait returned 1
May 30 23:17:19 openvpn-cli[3534]: TCPv4_CLIENT read returned 136
May 30 23:17:19 openvpn-cli[3534]: TCPv4_CLIENT READ [136] from [AF_INET]***.***.***.***:1194: P_DATA_V2 kid=0 DATA 000000e3 4b72b7af 8e2e2c39 1c372d7d 854cf1b5 4f1325ca afaaa2ca ebb04c1[more...]
May 30 23:17:19 openvpn-cli[3534]:  event_wait returned 1
May 30 23:17:19 openvpn-cli[3534]:  write to TUN/TAP returned 86
May 30 23:17:20 openvpn-cli[3534]:  event_wait returned 1
May 30 23:17:20 openvpn-cli[3534]:  read from TUN/TAP returned 60
May 30 23:17:20 openvpn-cli[3534]: tls_prepend_opcode_v2
May 30 23:17:20 openvpn-cli[3534]:  event_wait returned 1
May 30 23:17:20 openvpn-cli[3534]: TCPv4_CLIENT WRITE [120] to [AF_INET]***.***.***.***:1194: P_DATA_V2 kid=0 DATA 00000037 012859ca 037e06dc dd6ecd8b 3554006e 4139a0ec a7eb7bde adce6e5[more...]
May 30 23:17:20 openvpn-cli[3534]: TCPv4_CLIENT write returned 122
May 30 23:17:20 openvpn-cli[3534]:  event_wait returned 1
May 30 23:17:20 openvpn-cli[3534]: Connection reset, restarting [-1]
May 30 23:17:20 openvpn-cli[3534]: TCP/UDP: Closing socket
May 30 23:17:20 openvpn-cli[3534]: net_route_v4_del: 10.224.0.0/15 via 192.168.104.1 dev [NULL] table 0 metric -1
May 30 23:17:20 openvpn-cli[3534]: sitnl_send: checking for received messages
May 30 23:17:20 openvpn-cli[3534]: sitnl_send: rtnl: received 36 bytes
May 30 23:17:20 openvpn-cli[3534]: net_route_v4_del: 103.246.200.0/22 via 192.168.104.1 dev [NULL] table 0 metric -1
May 30 23:17:20 openvpn-cli[3534]: sitnl_send: checking for received messages
May 30 23:17:20 openvpn-cli[3534]: sitnl_send: rtnl: received 36 bytes
May 30 23:17:20 openvpn-cli[3534]: net_route_v4_del: 178.239.88.0/21 via 192.168.104.1 dev [NULL] table 0 metric -1
May 30 23:17:20 openvpn-cli[3534]: sitnl_send: checking for received messages
May 30 23:17:20 openvpn-cli[3534]: sitnl_send: rtnl: received 36 bytes
May 30 23:17:20 openvpn-cli[3534]: net_route_v4_del: 185.104.45.0/24 via 192.168.104.1 dev [NULL] table 0 metric -1
May 30 23:17:20 openvpn-cli[3534]: sitnl_send: checking for received messages
May 30 23:17:20 openvpn-cli[3534]: sitnl_send: rtnl: received 36 bytes
May 30 23:17:20 openvpn-cli[3534]: net_route_v4_del: 193.105.213.36/30 via 192.168.104.1 dev [NULL] table 0 metric -1
May 30 23:17:20 openvpn-cli[3534]: sitnl_send: checking for received messages
May 30 23:17:20 openvpn-cli[3534]: sitnl_send: rtnl: received 36 bytes
May 30 23:17:20 openvpn-cli[3534]: net_route_v4_del: 203.104.128.0/20 via 192.168.104.1 dev [NULL] table 0 metric -1
May 30 23:17:20 openvpn-cli[3534]: sitnl_send: checking for received messages
May 30 23:17:20 openvpn-cli[3534]: sitnl_send: rtnl: received 36 bytes
May 30 23:17:20 openvpn-cli[3534]: net_route_v4_del: 203.104.144.0/21 via 192.168.104.1 dev [NULL] table 0 metric -1
May 30 23:17:20 openvpn-cli[3534]: sitnl_send: checking for received messages
May 30 23:17:20 openvpn-cli[3534]: sitnl_send: rtnl: received 36 bytes
May 30 23:17:20 openvpn-cli[3534]: net_route_v4_del: 203.104.152.0/22 via 192.168.104.1 dev [NULL] table 0 metric -1
May 30 23:17:20 openvpn-cli[3534]: sitnl_send: checking for received messages
May 30 23:17:20 openvpn-cli[3534]: sitnl_send: rtnl: received 36 bytes
May 30 23:17:20 openvpn-cli[3534]: net_route_v4_del: 68.171.224.0/19 via 192.168.104.1 dev [NULL] table 0 metric -1
May 30 23:17:20 openvpn-cli[3534]: sitnl_send: checking for received messages
May 30 23:17:20 openvpn-cli[3534]: sitnl_send: rtnl: received 36 bytes
May 30 23:17:20 openvpn-cli[3534]: net_route_v4_del: 74.82.64.0/19 via 192.168.104.1 dev [NULL] table 0 metric -1
May 30 23:17:20 openvpn-cli[3534]: sitnl_send: checking for received messages
May 30 23:17:20 openvpn-cli[3534]: sitnl_send: rtnl: received 36 bytes
May 30 23:17:20 openvpn-cli[3534]: Closing TUN/TAP interface
May 30 23:17:20 openvpn-cli[3534]: net_addr_v4_del: 192.168.104.7 dev tun0
May 30 23:17:20 openvpn-cli[3534]: sitnl_send: checking for received messages
May 30 23:17:20 openvpn-cli[3534]: sitnl_send: rtnl: received 36 bytes
May 30 23:17:20 openvpn-cli[3534]: ovpnc.script tun0 1500 1626 192.168.104.7 255.255.252.0 init
May 30 23:17:20 dnsmasq[515]: read /etc/hosts - 3 addresses
May 30 23:17:20 dnsmasq[515]: read /etc/storage/dnsmasq/hosts - 0 addresses
May 30 23:17:20 dnsmasq-dhcp[515]: read /etc/dnsmasq/dhcp/dhcp-hosts.rc
May 30 23:17:20 dnsmasq[515]: ignoring nameserver 127.0.0.1 - local interface
May 30 23:17:20 dnsmasq[515]: using nameserver 1.1.1.1#53
May 30 23:17:20 dnsmasq[515]: using nameserver 1.0.0.1#53
May 30 23:17:20 vpnc-script: tun0 down
May 30 23:17:20 openvpn-cli[3534]: SIGUSR1[soft,connection-reset] received, process restarting
May 30 23:17:20 openvpn-cli[3534]: Restart pause, 5 second(s)
May 30 23:17:25 openvpn-cli[3534]: NOTE: the current --script-security setting may allow this configuration to call user-defined scripts
May 30 23:17:25 openvpn-cli[3534]: Re-using SSL/TLS context
May 30 23:17:25 openvpn-cli[3534]: Control Channel MTU parms [ L:1623 D:1210 EF:40 EB:0 ET:0 EL:3 ]
May 30 23:17:25 openvpn-cli[3534]: Data Channel MTU parms [ L:1623 D:1450 EF:123 EB:406 ET:0 EL:3 ]
May 30 23:17:25 openvpn-cli[3534]: crypto_adjust_frame_parameters: Adjusting frame parameters for crypto by 56 bytes
May 30 23:17:25 openvpn-cli[3534]: calc_options_string_link_mtu: link-mtu 1623 -> 1559
May 30 23:17:25 openvpn-cli[3534]: crypto_adjust_frame_parameters: Adjusting frame parameters for crypto by 56 bytes
May 30 23:17:25 openvpn-cli[3534]: calc_options_string_link_mtu: link-mtu 1623 -> 1559
May 30 23:17:25 openvpn-cli[3534]: Local Options String (VER=V4): 'V4,dev-type tun,link-mtu 1559,tun-mtu 1500,proto TCPv4_CLIENT,cipher AES-128-CBC,auth SHA1,keysize 128,key-method 2,tls-client'
May 30 23:17:25 openvpn-cli[3534]: Expected Remote Options String (VER=V4): 'V4,dev-type tun,link-mtu 1559,tun-mtu 1500,proto TCPv4_SERVER,cipher AES-128-CBC,auth SHA1,keysize 128,key-method 2,tls-server'
May 30 23:17:25 openvpn-cli[3534]: TCP/UDP: Preserving recently used remote address: [AF_INET]***.***.***.***:1194
May 30 23:17:25 openvpn-cli[3534]: Socket Buffers: R=[87380->87380] S=[16384->16384]
May 30 23:17:25 openvpn-cli[3534]: Attempting to establish TCP connection with [AF_INET]***.***.***.***:1194 [nonblock]
May 30 23:17:25 openvpn-cli[3534]: TCP connection established with [AF_INET]***.***.***.***:1194
May 30 23:17:25 openvpn-cli[3534]: TCPv4_CLIENT link local: (not bound)
May 30 23:17:25 openvpn-cli[3534]: TCPv4_CLIENT link remote: [AF_INET]***.***.***.***:1194
May 30 23:17:25 openvpn-cli[3534]: write_control_auth(): P_CONTROL_HARD_RESET_CLIENT_V2
May 30 23:17:25 openvpn-cli[3534]:  event_wait returned 1
May 30 23:17:25 openvpn-cli[3534]: TCPv4_CLIENT WRITE [14] to [AF_INET]***.***.***.***:1194: P_CONTROL_HARD_RESET_CLIENT_V2 kid=0 sid=8110833e dfadb263 [ ] pid=0 DATA 
May 30 23:17:25 openvpn-cli[3534]: TCPv4_CLIENT write returned 16
May 30 23:17:25 openvpn-cli[3534]:  event_wait returned 1
May 30 23:17:25 openvpn-cli[3534]: TCPv4_CLIENT read returned 26
May 30 23:17:25 openvpn-cli[3534]: TCPv4_CLIENT READ [26] from [AF_INET]***.***.***.***:1194: P_CONTROL_HARD_RESET_SERVER_V2 kid=0 sid=c3c9a70a 1df1ff79 [ 0 sid=8110833e dfadb263 ] pid=0 DATA 
May 30 23:17:25 openvpn-cli[3534]: TLS: Initial packet from [AF_INET]***.***.***.***:1194, sid=c3c9a70a 1df1ff79
May 30 23:17:25 openvpn-cli[3534]: write_control_auth(): P_ACK_V1
May 30 23:17:25 openvpn-cli[3534]:  event_wait returned 1
May 30 23:17:25 openvpn-cli[3534]: TCPv4_CLIENT WRITE [22] to [AF_INET]***.***.***.***:1194: P_ACK_V1 kid=0 sid=8110833e dfadb263 [ 0 sid=c3c9a70a 1df1ff79 ]
May 30 23:17:25 openvpn-cli[3534]: TCPv4_CLIENT write returned 24
May 30 23:17:25 openvpn-cli[3534]: write_control_auth(): P_CONTROL_V1
May 30 23:17:25 openvpn-cli[3534]:  event_wait returned 1
May 30 23:17:25 openvpn-cli[3534]: TCPv4_CLIENT WRITE [291] to [AF_INET]***.***.***.***:1194: P_CONTROL_V1 kid=0 sid=8110833e dfadb263 [ ] pid=1 DATA 16030101 10010001 0c0303e2 fc1df7f8 7d12ad78 d92bfc2c 184e0280 56c26b6[more...]
May 30 23:17:25 openvpn-cli[3534]: TCPv4_CLIENT write returned 293
May 30 23:17:26 openvpn-cli[3534]:  event_wait returned 1
May 30 23:17:26 openvpn-cli[3534]: TCPv4_CLIENT read returned 1196
May 30 23:17:26 openvpn-cli[3534]: TCPv4_CLIENT READ [1196] from [AF_INET]***.***.***.***:1194: P_CONTROL_V1 kid=0 sid=c3c9a70a 1df1ff79 [ 1 sid=8110833e dfadb263 ] pid=1 DATA 16030300 7a020000 760303d4 7419e812 1db834a8 bd743d42 a4b75fca 1fe80ee[more...]
May 30 23:17:26 openvpn-cli[3534]: write_control_auth(): P_ACK_V1
May 30 23:17:26 openvpn-cli[3534]:  event_wait returned 1
May 30 23:17:26 openvpn-cli[3534]: TCPv4_CLIENT WRITE [22] to [AF_INET]***.***.***.***:1194: P_ACK_V1 kid=0 sid=8110833e dfadb263 [ 1 sid=c3c9a70a 1df1ff79 ]
May 30 23:17:26 openvpn-cli[3534]: TCPv4_CLIENT write returned 24
May 30 23:17:26 openvpn-cli[3534]:  event_wait returned 1
May 30 23:17:26 openvpn-cli[3534]: TCPv4_CLIENT read returned 1184
May 30 23:17:26 openvpn-cli[3534]: TCPv4_CLIENT READ [1184] from [AF_INET]***.***.***.***:1194: P_CONTROL_V1 kid=0 sid=c3c9a70a 1df1ff79 [ ] pid=2 DATA a277efc4 59e13a83 903f04f8 671718c4 4b10a24b 0efa56b4 27babc93 165761a[more...]
May 30 23:17:26 openvpn-cli[3534]: VERIFY OK: depth=1, CN=AntiZapret CA
May 30 23:17:26 openvpn-cli[3534]: VERIFY KU OK
May 30 23:17:26 openvpn-cli[3534]: Validating certificate extended key usage
May 30 23:17:26 openvpn-cli[3534]: ++ Certificate has EKU (str) TLS Web Server Authentication, expects TLS Web Server Authentication
May 30 23:17:26 openvpn-cli[3534]: VERIFY EKU OK
May 30 23:17:26 openvpn-cli[3534]: VERIFY OK: depth=0, CN=antizapret-server
May 30 23:17:26 openvpn-cli[3534]: write_control_auth(): P_ACK_V1
May 30 23:17:26 openvpn-cli[3534]:  event_wait returned 1
May 30 23:17:26 openvpn-cli[3534]: TCPv4_CLIENT WRITE [22] to [AF_INET]***.***.***.***:1194: P_ACK_V1 kid=0 sid=8110833e dfadb263 [ 2 sid=c3c9a70a 1df1ff79 ]
May 30 23:17:26 openvpn-cli[3534]: TCPv4_CLIENT write returned 24
May 30 23:17:26 openvpn-cli[3534]:  event_wait returned 1
May 30 23:17:26 openvpn-cli[3534]: TCPv4_CLIENT read returned 104
May 30 23:17:26 openvpn-cli[3534]: TCPv4_CLIENT READ [104] from [AF_INET]***.***.***.***:1194: P_CONTROL_V1 kid=0 sid=c3c9a70a 1df1ff79 [ ] pid=3 DATA b04cfd87 e741f394 1eb062e9 7f14eab5 17030300 45d175c4 2a268e2a ac1ea43[more...]
May 30 23:17:26 openvpn-cli[3534]: write_control_auth(): P_CONTROL_V1
May 30 23:17:26 openvpn-cli[3534]:  event_wait returned 1
May 30 23:17:26 openvpn-cli[3534]: TCPv4_CLIENT WRITE [1196] to [AF_INET]***.***.***.***:1194: P_CONTROL_V1 kid=0 sid=8110833e dfadb263 [ 3 sid=c3c9a70a 1df1ff79 ] pid=2 DATA 14030300 01011703 030707c0 f1c03a85 341ae7d4 a288b044 b8b480c0 0dbe1fa[more...]
May 30 23:17:26 openvpn-cli[3534]: TCPv4_CLIENT write returned 1198
May 30 23:17:26 openvpn-cli[3534]: write_control_auth(): P_CONTROL_V1
May 30 23:17:26 openvpn-cli[3534]:  event_wait returned 1
May 30 23:17:26 openvpn-cli[3534]: TCPv4_CLIENT WRITE [1184] to [AF_INET]***.***.***.***:1194: P_CONTROL_V1 kid=0 sid=8110833e dfadb263 [ ] pid=3 DATA 5db4c1d5 a9a19c11 cdbf74d9 60e7f872 f93853e0 85be17d1 e4a054c1 aee999c[more...]
May 30 23:17:26 openvpn-cli[3534]: TCPv4_CLIENT write returned 1186
May 30 23:17:26 openvpn-cli[3534]: write_control_auth(): P_CONTROL_V1
May 30 23:17:26 openvpn-cli[3534]:  event_wait returned 1
May 30 23:17:26 openvpn-cli[3534]: TCPv4_CLIENT WRITE [229] to [AF_INET]***.***.***.***:1194: P_CONTROL_V1 kid=0 sid=8110833e dfadb263 [ ] pid=4 DATA b6fb5227 bb398922 f6f82e82 026111c2 caff3c2d a0d5b03b b039ecd0 af51e07[more...]
May 30 23:17:26 openvpn-cli[3534]: TCPv4_CLIENT write returned 231
May 30 23:17:26 openvpn-cli[3534]:  event_wait returned 1
May 30 23:17:26 openvpn-cli[3534]: TCPv4_CLIENT read returned 22
May 30 23:17:26 openvpn-cli[3534]: TCPv4_CLIENT READ [22] from [AF_INET]***.***.***.***:1194: P_ACK_V1 kid=0 sid=c3c9a70a 1df1ff79 [ 2 sid=8110833e dfadb263 ]
